#
# There is insufficient memory for the Java Runtime Environment to continue.
# Native memory allocation (malloc) failed to allocate 893616 bytes for Chunk::new
# Possible reasons:
#   The system is out of physical RAM or swap space
#   The process is running with CompressedOops enabled, and the Java Heap may be blocking the growth of the native heap
# Possible solutions:
#   Reduce memory load on the system
#   Increase physical memory or swap space
#   Check if swap backing store is full
#   Decrease Java heap size (-Xmx/-Xms)
#   Decrease number of Java threads
#   Decrease Java thread stack sizes (-Xss)
#   Set larger code cache with -XX:ReservedCodeCacheSize=
#   JVM is running with Unscaled Compressed Oops mode in which the Java heap is
#     placed in the first 4GB address space. The Java Heap base address is the
#     maximum limit for the native heap growth. Please use -XX:HeapBaseMinAddress
#     to set the Java Heap base and to place the Java Heap above 4GB virtual address.
# This output file may be truncated or incomplete.
#
#  Out of Memory Error (./src/hotspot/share/memory/arena.cpp:197), pid=300, tid=12824
#
# JRE version: OpenJDK Runtime Environment (11.0.12+7) (build 11.0.12+7-b1504.28-7817840)
# Java VM: OpenJDK 64-Bit Server VM (11.0.12+7-b1504.28-7817840, mixed mode, tiered, compressed oops, g1 gc, windows-amd64)
# No core dump will be written. Minidumps are not enabled by default on client versions of Windows
#

---------------  S U M M A R Y ------------

Command Line: --add-opens=java.base/java.util=ALL-UNNAMED --add-opens=java.base/java.lang=ALL-UNNAMED --add-opens=java.base/java.lang.invoke=ALL-UNNAMED --add-opens=java.base/java.util=ALL-UNNAMED --add-opens=java.prefs/java.util.prefs=ALL-UNNAMED --add-opens=java.prefs/java.util.prefs=ALL-UNNAMED --add-opens=java.base/java.nio.charset=ALL-UNNAMED --add-opens=java.base/java.net=ALL-UNNAMED --add-opens=java.base/java.util.concurrent.atomic=ALL-UNNAMED -Xmx2048m -Dfile.encoding=UTF-8 -Duser.country=IN -Duser.language=en -Duser.variant org.gradle.launcher.daemon.bootstrap.GradleDaemon 7.3.3

Host: AMD Ryzen 5 3500 6-Core Processor              , 6 cores, 7G,  Windows 10 , 64 bit Build 22000 (10.0.22000.708)
Time: Mon Oct 10 15:42:15 2022 India Standard Time elapsed time: 15.455807 seconds (0d 0h 0m 15s)

---------------  T H R E A D  ---------------

Current thread (0x000001d3c214d800):  JavaThread "C2 CompilerThread0" daemon [_thread_in_native, id=12824, stack(0x0000004602800000,0x0000004602900000)]


Current CompileTask:
C2:  15455 13019       4       java.lang.reflect.Method::invoke (65 bytes)

Stack: [0x0000004602800000,0x0000004602900000]
Native frames: (J=compiled Java code, j=interpreted, Vv=VM code, C=native code)
V  [jvm.dll+0x5fbcea]
V  [jvm.dll+0x731905]
V  [jvm.dll+0x732f1d]
V  [jvm.dll+0x7335d3]
V  [jvm.dll+0x247bf8]
V  [jvm.dll+0xc018c]
V  [jvm.dll+0xc06cc]
V  [jvm.dll+0x2bcc04]
V  [jvm.dll+0x5113a8]
V  [jvm.dll+0x208303]
V  [jvm.dll+0x201fe0]
V  [jvm.dll+0x1ff71f]
V  [jvm.dll+0x18868c]
V  [jvm.dll+0x20e0d7]
V  [jvm.dll+0x20c901]
V  [jvm.dll+0x6f9b7f]
V  [jvm.dll+0x6f26a5]
V  [jvm.dll+0x5fabf6]
C  [ucrtbase.dll+0x26c0c]
C  [KERNEL32.DLL+0x154e0]
C  [ntdll.dll+0x485b]


---------------  P R O C E S S  ---------------

Threads class SMR info:
_java_thread_list=0x000001d3c69d8a60, length=102, elements={
0x000001d3a80db800, 0x000001d3c2127000, 0x000001d3c2130000, 0x000001d3c2ab2800,
0x000001d3c214a000, 0x000001d3c214b000, 0x000001d3c214d800, 0x000001d3c214f000,
0x000001d3c2155000, 0x000001d3c2c01000, 0x000001d3c52c5000, 0x000001d3c52c7000,
0x000001d3c52c7800, 0x000001d3c52c6000, 0x000001d3c52c3800, 0x000001d3c52c8800,
0x000001d3c52c4800, 0x000001d3c52c9800, 0x000001d3c52ca000, 0x000001d3c4b8d000,
0x000001d3c4b8e000, 0x000001d3c4b8e800, 0x000001d3c4b8c800, 0x000001d3c4b8f800,
0x000001d3c4b8a000, 0x000001d3c4b90800, 0x000001d3c4b8a800, 0x000001d3c4b91000,
0x000001d3c4b8b800, 0x000001d3c4b96000, 0x000001d3c4b93000, 0x000001d3c4b93800,
0x000001d3c4b94800, 0x000001d3c4b95800, 0x000001d3c4b97000, 0x000001d3c4b97800,
0x000001d3c4b98800, 0x000001d3c63aa000, 0x000001d3c63a4000, 0x000001d3c63a6800,
0x000001d3c63a6000, 0x000001d3c63ad000, 0x000001d3c63b0800, 0x000001d3c63af000,
0x000001d3c63ae000, 0x000001d3c63ac800, 0x000001d3c63af800, 0x000001d3c63aa800,
0x000001d3c63b1800, 0x000001d3c63ab800, 0x000001d3c63b2000, 0x000001d3c63b3000,
0x000001d3c8607800, 0x000001d3c8605000, 0x000001d3c8604000, 0x000001d3c8608000,
0x000001d3c8606800, 0x000001d3c8609000, 0x000001d3c860a000, 0x000001d3c860a800,
0x000001d3c8605800, 0x000001d3c860d000, 0x000001d3c860b800, 0x000001d3c8611000,
0x000001d3c8610800, 0x000001d3c8612000, 0x000001d3c860e000, 0x000001d3c860c800,
0x000001d3c8613000, 0x000001d3c860e800, 0x000001d3c860f800, 0x000001d3c7133800,
0x000001d3c712d800, 0x000001d3c7130000, 0x000001d3c7131800, 0x000001d3c7131000,
0x000001d3c7132800, 0x000001d3c7134000, 0x000001d3c712e800, 0x000001d3c712f800,
0x000001d3c7136000, 0x000001d3c713a000, 0x000001d3c7135000, 0x000001d3c713c800,
0x000001d3c7139000, 0x000001d3c713a800, 0x000001d3c713b800, 0x000001d3c7136800,
0x000001d3c7137800, 0x000001d3c7138800, 0x000001d3c829a800, 0x000001d3c829b000,
0x000001d3c8299800, 0x000001d3c829c000, 0x000001d3c8298000, 0x000001d3c8296800,
0x000001d3c8298800, 0x000001d3c8297000, 0x000001d3c82a1800, 0x000001d3c829d800,
0x000001d3c829d000, 0x000001d3c4fa9800
}

Java Threads: ( => current thread )
  0x000001d3a80db800 JavaThread "main" [_thread_blocked, id=13036, stack(0x0000004601c00000,0x0000004601d00000)]
  0x000001d3c2127000 JavaThread "Reference Handler" daemon [_thread_blocked, id=1876, stack(0x0000004602300000,0x0000004602400000)]
  0x000001d3c2130000 JavaThread "Finalizer" daemon [_thread_blocked, id=9540, stack(0x0000004602400000,0x0000004602500000)]
  0x000001d3c2ab2800 JavaThread "Signal Dispatcher" daemon [_thread_blocked, id=12240, stack(0x0000004602500000,0x0000004602600000)]
  0x000001d3c214a000 JavaThread "Attach Listener" daemon [_thread_blocked, id=10236, stack(0x0000004602600000,0x0000004602700000)]
  0x000001d3c214b000 JavaThread "Service Thread" daemon [_thread_blocked, id=3248, stack(0x0000004602700000,0x0000004602800000)]
=>0x000001d3c214d800 JavaThread "C2 CompilerThread0" daemon [_thread_in_native, id=12824, stack(0x0000004602800000,0x0000004602900000)]
  0x000001d3c214f000 JavaThread "C1 CompilerThread0" daemon [_thread_blocked, id=7536, stack(0x0000004602900000,0x0000004602a00000)]
  0x000001d3c2155000 JavaThread "Sweeper thread" daemon [_thread_blocked, id=11056, stack(0x0000004602a00000,0x0000004602b00000)]
  0x000001d3c2c01000 JavaThread "Common-Cleaner" daemon [_thread_blocked, id=12904, stack(0x0000004602b00000,0x0000004602c00000)]
  0x000001d3c52c5000 JavaThread "Daemon health stats" [_thread_blocked, id=13200, stack(0x0000004603000000,0x0000004603100000)]
  0x000001d3c52c7000 JavaThread "Incoming local TCP Connector on port 56851" [_thread_in_native, id=3724, stack(0x0000004603200000,0x0000004603300000)]
  0x000001d3c52c7800 JavaThread "Daemon periodic checks" [_thread_blocked, id=8120, stack(0x0000004602d00000,0x0000004602e00000)]
  0x000001d3c52c6000 JavaThread "Daemon" [_thread_blocked, id=4544, stack(0x0000004603300000,0x0000004603400000)]
  0x000001d3c52c3800 JavaThread "Handler for socket connection from /127.0.0.1:56851 to /127.0.0.1:56852" [_thread_in_native, id=13208, stack(0x0000004603400000,0x0000004603500000)]
  0x000001d3c52c8800 JavaThread "Cancel handler" [_thread_blocked, id=13224, stack(0x0000004603500000,0x0000004603600000)]
  0x000001d3c52c4800 JavaThread "Daemon worker" [_thread_in_Java, id=5128, stack(0x0000004603600000,0x0000004603700000)]
  0x000001d3c52c9800 JavaThread "Asynchronous log dispatcher for DefaultDaemonConnection: socket connection from /127.0.0.1:56851 to /127.0.0.1:56852" [_thread_blocked, id=10160, stack(0x0000004603700000,0x0000004603800000)]
  0x000001d3c52ca000 JavaThread "Stdin handler" [_thread_blocked, id=11652, stack(0x0000004603900000,0x0000004603a00000)]
  0x000001d3c4b8d000 JavaThread "Daemon client event forwarder" [_thread_blocked, id=11452, stack(0x0000004603a00000,0x0000004603b00000)]
  0x000001d3c4b8e000 JavaThread "Cache worker for journal cache (C:\Users\Prathamesh\.gradle\caches\journal-1)" [_thread_blocked, id=8212, stack(0x0000004603b00000,0x0000004603c00000)]
  0x000001d3c4b8e800 JavaThread "File lock request listener" [_thread_in_native, id=12372, stack(0x0000004603c00000,0x0000004603d00000)]
  0x000001d3c4b8c800 JavaThread "Cache worker for file hash cache (C:\Users\Prathamesh\.gradle\caches\7.3.3\fileHashes)" [_thread_blocked, id=10376, stack(0x0000004604000000,0x0000004604100000)]
  0x000001d3c4b8f800 JavaThread "Cache worker for file hash cache (D:\Jobs\DuoLop\Camera\.gradle\7.3.3\fileHashes)" [_thread_blocked, id=2292, stack(0x0000004604100000,0x0000004604200000)]
  0x000001d3c4b8a000 JavaThread "File watcher server" daemon [_thread_in_native, id=11132, stack(0x0000004604200000,0x0000004604300000)]
  0x000001d3c4b90800 JavaThread "File watcher consumer" daemon [_thread_blocked, id=4600, stack(0x0000004604300000,0x0000004604400000)]
  0x000001d3c4b8a800 JavaThread "jar transforms" [_thread_blocked, id=3892, stack(0x0000004604400000,0x0000004604500000)]
  0x000001d3c4b91000 JavaThread "jar transforms Thread 2" [_thread_blocked, id=10916, stack(0x0000004604500000,0x0000004604600000)]
  0x000001d3c4b8b800 JavaThread "jar transforms Thread 3" [_thread_blocked, id=3808, stack(0x0000004604600000,0x0000004604700000)]
  0x000001d3c4b96000 JavaThread "jar transforms Thread 4" [_thread_blocked, id=4820, stack(0x0000004604700000,0x0000004604800000)]
  0x000001d3c4b93000 JavaThread "jar transforms Thread 5" [_thread_blocked, id=10420, stack(0x0000004604800000,0x0000004604900000)]
  0x000001d3c4b93800 JavaThread "jar transforms Thread 6" [_thread_blocked, id=9528, stack(0x0000004604900000,0x0000004604a00000)]
  0x000001d3c4b94800 JavaThread "Cache worker for checksums cache (D:\Jobs\DuoLop\Camera\.gradle\7.3.3\checksums)" [_thread_blocked, id=984, stack(0x0000004604a00000,0x0000004604b00000)]
  0x000001d3c4b95800 JavaThread "Cache worker for cache directory md-supplier (C:\Users\Prathamesh\.gradle\caches\7.3.3\md-supplier)" [_thread_blocked, id=9972, stack(0x0000004604b00000,0x0000004604c00000)]
  0x000001d3c4b97000 JavaThread "Cache worker for cache directory md-rule (C:\Users\Prathamesh\.gradle\caches\7.3.3\md-rule)" [_thread_blocked, id=3700, stack(0x0000004604c00000,0x0000004604d00000)]
  0x000001d3c4b97800 JavaThread "Cache worker for execution history cache (C:\Users\Prathamesh\.gradle\caches\7.3.3\executionHistory)" [_thread_blocked, id=4696, stack(0x0000004604d00000,0x0000004604e00000)]
  0x000001d3c4b98800 JavaThread "Cache worker for file content cache (C:\Users\Prathamesh\.gradle\caches\7.3.3\fileContent)" [_thread_blocked, id=3060, stack(0x0000004604e00000,0x0000004604f00000)]
  0x000001d3c63aa000 JavaThread "Cache worker for dependencies-accessors (D:\Jobs\DuoLop\Camera\.gradle\7.3.3\dependencies-accessors)" [_thread_blocked, id=11460, stack(0x0000004604f00000,0x0000004605000000)]
  0x000001d3c63a4000 JavaThread "Cache worker for Build Output Cleanup Cache (D:\Jobs\DuoLop\Camera\.gradle\buildOutputCleanup)" [_thread_blocked, id=8952, stack(0x0000004605000000,0x0000004605100000)]
  0x000001d3c63a6800 JavaThread "Unconstrained build operations" [_thread_blocked, id=12728, stack(0x0000004605100000,0x0000004605200000)]
  0x000001d3c63a6000 JavaThread "Unconstrained build operations Thread 2" [_thread_blocked, id=1664, stack(0x0000004605200000,0x0000004605300000)]
  0x000001d3c63ad000 JavaThread "Unconstrained build operations Thread 3" [_thread_blocked, id=5716, stack(0x0000004605300000,0x0000004605400000)]
  0x000001d3c63b0800 JavaThread "Unconstrained build operations Thread 4" [_thread_blocked, id=13008, stack(0x0000004605400000,0x0000004605500000)]
  0x000001d3c63af000 JavaThread "Unconstrained build operations Thread 5" [_thread_blocked, id=1440, stack(0x0000004605500000,0x0000004605600000)]
  0x000001d3c63ae000 JavaThread "Unconstrained build operations Thread 6" [_thread_blocked, id=1528, stack(0x0000004605600000,0x0000004605700000)]
  0x000001d3c63ac800 JavaThread "Unconstrained build operations Thread 7" [_thread_blocked, id=5312, stack(0x0000004605700000,0x0000004605800000)]
  0x000001d3c63af800 JavaThread "Unconstrained build operations Thread 8" [_thread_blocked, id=8116, stack(0x0000004605800000,0x0000004605900000)]
  0x000001d3c63aa800 JavaThread "Unconstrained build operations Thread 9" [_thread_blocked, id=2224, stack(0x0000004605900000,0x0000004605a00000)]
  0x000001d3c63b1800 JavaThread "Unconstrained build operations Thread 10" [_thread_blocked, id=3332, stack(0x0000004605a00000,0x0000004605b00000)]
  0x000001d3c63ab800 JavaThread "Unconstrained build operations Thread 11" [_thread_blocked, id=8, stack(0x0000004605b00000,0x0000004605c00000)]
  0x000001d3c63b2000 JavaThread "Unconstrained build operations Thread 12" [_thread_blocked, id=5472, stack(0x0000004605c00000,0x0000004605d00000)]
  0x000001d3c63b3000 JavaThread "Unconstrained build operations Thread 13" [_thread_blocked, id=11740, stack(0x0000004605d00000,0x0000004605e00000)]
  0x000001d3c8607800 JavaThread "Unconstrained build operations Thread 14" [_thread_blocked, id=2580, stack(0x0000004605e00000,0x0000004605f00000)]
  0x000001d3c8605000 JavaThread "Unconstrained build operations Thread 15" [_thread_blocked, id=12924, stack(0x0000004605f00000,0x0000004606000000)]
  0x000001d3c8604000 JavaThread "Unconstrained build operations Thread 16" [_thread_blocked, id=4280, stack(0x0000004606000000,0x0000004606100000)]
  0x000001d3c8608000 JavaThread "Unconstrained build operations Thread 17" [_thread_blocked, id=6772, stack(0x0000004606100000,0x0000004606200000)]
  0x000001d3c8606800 JavaThread "Unconstrained build operations Thread 18" [_thread_blocked, id=11924, stack(0x0000004606200000,0x0000004606300000)]
  0x000001d3c8609000 JavaThread "Unconstrained build operations Thread 19" [_thread_blocked, id=7684, stack(0x0000004606300000,0x0000004606400000)]
  0x000001d3c860a000 JavaThread "Unconstrained build operations Thread 20" [_thread_blocked, id=4516, stack(0x0000004606400000,0x0000004606500000)]
  0x000001d3c860a800 JavaThread "Unconstrained build operations Thread 21" [_thread_blocked, id=4992, stack(0x0000004606500000,0x0000004606600000)]
  0x000001d3c8605800 JavaThread "Unconstrained build operations Thread 22" [_thread_blocked, id=8396, stack(0x0000004606600000,0x0000004606700000)]
  0x000001d3c860d000 JavaThread "Unconstrained build operations Thread 23" [_thread_blocked, id=6748, stack(0x0000004606700000,0x0000004606800000)]
  0x000001d3c860b800 JavaThread "Unconstrained build operations Thread 24" [_thread_blocked, id=5784, stack(0x0000004606800000,0x0000004606900000)]
  0x000001d3c8611000 JavaThread "Unconstrained build operations Thread 25" [_thread_blocked, id=976, stack(0x0000004606900000,0x0000004606a00000)]
  0x000001d3c8610800 JavaThread "Unconstrained build operations Thread 26" [_thread_blocked, id=4332, stack(0x0000004606a00000,0x0000004606b00000)]
  0x000001d3c8612000 JavaThread "Unconstrained build operations Thread 27" [_thread_blocked, id=12508, stack(0x0000004606b00000,0x0000004606c00000)]
  0x000001d3c860e000 JavaThread "Unconstrained build operations Thread 28" [_thread_blocked, id=12476, stack(0x0000004606c00000,0x0000004606d00000)]
  0x000001d3c860c800 JavaThread "Unconstrained build operations Thread 29" [_thread_blocked, id=5468, stack(0x0000004606d00000,0x0000004606e00000)]
  0x000001d3c8613000 JavaThread "Unconstrained build operations Thread 30" [_thread_blocked, id=1636, stack(0x0000004606e00000,0x0000004606f00000)]
  0x000001d3c860e800 JavaThread "Unconstrained build operations Thread 31" [_thread_blocked, id=2032, stack(0x0000004606f00000,0x0000004607000000)]
  0x000001d3c860f800 JavaThread "Unconstrained build operations Thread 32" [_thread_blocked, id=6292, stack(0x0000004607000000,0x0000004607100000)]
  0x000001d3c7133800 JavaThread "Unconstrained build operations Thread 33" [_thread_blocked, id=1168, stack(0x0000004607100000,0x0000004607200000)]
  0x000001d3c712d800 JavaThread "Unconstrained build operations Thread 34" [_thread_blocked, id=1188, stack(0x0000004607200000,0x0000004607300000)]
  0x000001d3c7130000 JavaThread "Unconstrained build operations Thread 35" [_thread_blocked, id=704, stack(0x0000004607300000,0x0000004607400000)]
  0x000001d3c7131800 JavaThread "Unconstrained build operations Thread 36" [_thread_blocked, id=9956, stack(0x0000004607400000,0x0000004607500000)]
  0x000001d3c7131000 JavaThread "Unconstrained build operations Thread 37" [_thread_blocked, id=1096, stack(0x0000004607500000,0x0000004607600000)]
  0x000001d3c7132800 JavaThread "Unconstrained build operations Thread 38" [_thread_blocked, id=12076, stack(0x0000004607600000,0x0000004607700000)]
  0x000001d3c7134000 JavaThread "Unconstrained build operations Thread 39" [_thread_blocked, id=10708, stack(0x0000004607700000,0x0000004607800000)]
  0x000001d3c712e800 JavaThread "Unconstrained build operations Thread 40" [_thread_blocked, id=7804, stack(0x0000004607800000,0x0000004607900000)]
  0x000001d3c712f800 JavaThread "Unconstrained build operations Thread 41" [_thread_blocked, id=5116, stack(0x0000004607900000,0x0000004607a00000)]
  0x000001d3c7136000 JavaThread "Unconstrained build operations Thread 42" [_thread_blocked, id=12320, stack(0x0000004607a00000,0x0000004607b00000)]
  0x000001d3c713a000 JavaThread "Unconstrained build operations Thread 43" [_thread_blocked, id=8172, stack(0x0000004607b00000,0x0000004607c00000)]
  0x000001d3c7135000 JavaThread "Unconstrained build operations Thread 44" [_thread_blocked, id=10248, stack(0x0000004607c00000,0x0000004607d00000)]
  0x000001d3c713c800 JavaThread "Unconstrained build operations Thread 45" [_thread_blocked, id=1304, stack(0x0000004607d00000,0x0000004607e00000)]
  0x000001d3c7139000 JavaThread "Unconstrained build operations Thread 46" [_thread_blocked, id=4980, stack(0x0000004607e00000,0x0000004607f00000)]
  0x000001d3c713a800 JavaThread "Unconstrained build operations Thread 47" [_thread_blocked, id=4268, stack(0x0000004607f00000,0x0000004608000000)]
  0x000001d3c713b800 JavaThread "Unconstrained build operations Thread 48" [_thread_blocked, id=13140, stack(0x0000004608000000,0x0000004608100000)]
  0x000001d3c7136800 JavaThread "Unconstrained build operations Thread 49" [_thread_blocked, id=9520, stack(0x0000004608100000,0x0000004608200000)]
  0x000001d3c7137800 JavaThread "Unconstrained build operations Thread 50" [_thread_blocked, id=2276, stack(0x0000004608200000,0x0000004608300000)]
  0x000001d3c7138800 JavaThread "Unconstrained build operations Thread 51" [_thread_blocked, id=5656, stack(0x0000004608300000,0x0000004608400000)]
  0x000001d3c829a800 JavaThread "Unconstrained build operations Thread 52" [_thread_blocked, id=6912, stack(0x0000004608400000,0x0000004608500000)]
  0x000001d3c829b000 JavaThread "Unconstrained build operations Thread 53" [_thread_blocked, id=1728, stack(0x0000004608500000,0x0000004608600000)]
  0x000001d3c8299800 JavaThread "Unconstrained build operations Thread 54" [_thread_blocked, id=8244, stack(0x0000004608600000,0x0000004608700000)]
  0x000001d3c829c000 JavaThread "Unconstrained build operations Thread 55" [_thread_blocked, id=12164, stack(0x0000004608700000,0x0000004608800000)]
  0x000001d3c8298000 JavaThread "Unconstrained build operations Thread 56" [_thread_blocked, id=10628, stack(0x0000004608800000,0x0000004608900000)]
  0x000001d3c8296800 JavaThread "Unconstrained build operations Thread 57" [_thread_blocked, id=3080, stack(0x0000004608900000,0x0000004608a00000)]
  0x000001d3c8298800 JavaThread "Unconstrained build operations Thread 58" [_thread_blocked, id=11208, stack(0x0000004608a00000,0x0000004608b00000)]
  0x000001d3c8297000 JavaThread "Unconstrained build operations Thread 59" [_thread_blocked, id=12972, stack(0x0000004608b00000,0x0000004608c00000)]
  0x000001d3c82a1800 JavaThread "Unconstrained build operations Thread 60" [_thread_blocked, id=2344, stack(0x0000004608c00000,0x0000004608d00000)]
  0x000001d3c829d800 JavaThread "Memory manager" [_thread_blocked, id=4904, stack(0x0000004608d00000,0x0000004608e00000)]
  0x000001d3c829d000 JavaThread "Cache worker for execution history cache (D:\Jobs\DuoLop\Camera\.gradle\7.3.3\executionHistory)" [_thread_blocked, id=9296, stack(0x0000004609300000,0x0000004609400000)]
  0x000001d3c4fa9800 JavaThread "C2 CompilerThread1" daemon [_thread_in_native, id=2076, stack(0x0000004603800000,0x0000004603900000)]

Other Threads:
  0x000001d3c2125000 VMThread "VM Thread" [stack: 0x0000004602200000,0x0000004602300000] [id=11368]
  0x000001d3c2c4a000 WatcherThread [stack: 0x0000004602c00000,0x0000004602d00000] [id=5540]
  0x000001d3a80f3000 GCTaskThread "GC Thread#0" [stack: 0x0000004601d00000,0x0000004601e00000] [id=2996]
  0x000001d3c3964800 GCTaskThread "GC Thread#1" [stack: 0x0000004602e00000,0x0000004602f00000] [id=13164]
  0x000001d3c383d800 GCTaskThread "GC Thread#2" [stack: 0x0000004602f00000,0x0000004603000000] [id=8676]
  0x000001d3c3702000 GCTaskThread "GC Thread#3" [stack: 0x0000004603100000,0x0000004603200000] [id=2000]
  0x000001d3c3704000 GCTaskThread "GC Thread#4" [stack: 0x0000004603d00000,0x0000004603e00000] [id=12440]
  0x000001d3c3702800 GCTaskThread "GC Thread#5" [stack: 0x0000004603e00000,0x0000004603f00000] [id=2792]
  0x000001d3a8129000 ConcurrentGCThread "G1 Main Marker" [stack: 0x0000004601e00000,0x0000004601f00000] [id=9968]
  0x000001d3a812b000 ConcurrentGCThread "G1 Conc#0" [stack: 0x0000004601f00000,0x0000004602000000] [id=3124]
  0x000001d3c3701000 ConcurrentGCThread "G1 Conc#1" [stack: 0x0000004603f00000,0x0000004604000000] [id=9056]
  0x000001d3c1f80800 ConcurrentGCThread "G1 Refine#0" [stack: 0x0000004602000000,0x0000004602100000] [id=12644]
  0x000001d3a81b3000 ConcurrentGCThread "G1 Young RemSet Sampling" [stack: 0x0000004602100000,0x0000004602200000] [id=6856]

Threads with active compile tasks:
C2 CompilerThread0  15485 13019       4       java.lang.reflect.Method::invoke (65 bytes)
C2 CompilerThread1  15485 12347       4       org.gradle.tooling.internal.adapter.ProtocolToModelAdapter$InvocationHandlerImpl::invoke (176 bytes)

VM state:not at safepoint (normal execution)

VM Mutex/Monitor currently owned by a thread: None

Heap address: 0x0000000080000000, size: 2048 MB, Compressed Oops mode: 32-bit
Narrow klass base: 0x0000000000000000, Narrow klass shift: 3
Compressed class space size: 1073741824 Address: 0x0000000100000000

Heap:
 garbage-first heap   total 189440K, used 151370K [0x0000000080000000, 0x0000000100000000)
  region size 1024K, 21 young (21504K), 4 survivors (4096K)
 Metaspace       used 115154K, capacity 117753K, committed 118092K, reserved 1150976K
  class space    used 14815K, capacity 15825K, committed 15948K, reserved 1048576K
Heap Regions: E=young(eden), S=young(survivor), O=old, HS=humongous(starts), HC=humongous(continues), CS=collection set, F=free, A=archive, TAMS=top-at-mark-start (previous, next)
|   0|0x0000000080000000, 0x0000000080100000, 0x0000000080100000|100%| O|  |TAMS 0x0000000080100000, 0x0000000080000000| Untracked 
|   1|0x0000000080100000, 0x0000000080200000, 0x0000000080200000|100%| O|  |TAMS 0x0000000080200000, 0x0000000080100000| Untracked 
|   2|0x0000000080200000, 0x0000000080300000, 0x0000000080300000|100%| O|  |TAMS 0x0000000080300000, 0x0000000080200000| Untracked 
|   3|0x0000000080300000, 0x0000000080400000, 0x0000000080400000|100%|HS|  |TAMS 0x0000000080400000, 0x0000000080300000| Complete 
|   4|0x0000000080400000, 0x0000000080500000, 0x0000000080500000|100%|HC|  |TAMS 0x0000000080500000, 0x0000000080400000| Complete 
|   5|0x0000000080500000, 0x0000000080600000, 0x0000000080600000|100%|HC|  |TAMS 0x0000000080600000, 0x0000000080500000| Complete 
|   6|0x0000000080600000, 0x0000000080700000, 0x0000000080700000|100%| O|  |TAMS 0x0000000080700000, 0x0000000080600000| Untracked 
|   7|0x0000000080700000, 0x0000000080800000, 0x0000000080800000|100%| O|  |TAMS 0x0000000080800000, 0x0000000080700000| Untracked 
|   8|0x0000000080800000, 0x0000000080900000, 0x0000000080900000|100%| O|  |TAMS 0x0000000080900000, 0x0000000080800000| Untracked 
|   9|0x0000000080900000, 0x0000000080a00000, 0x0000000080a00000|100%| O|  |TAMS 0x0000000080a00000, 0x0000000080900000| Untracked 
|  10|0x0000000080a00000, 0x0000000080b00000, 0x0000000080b00000|100%| O|  |TAMS 0x0000000080b00000, 0x0000000080a00000| Untracked 
|  11|0x0000000080b00000, 0x0000000080c00000, 0x0000000080c00000|100%| O|  |TAMS 0x0000000080c00000, 0x0000000080b00000| Untracked 
|  12|0x0000000080c00000, 0x0000000080d00000, 0x0000000080d00000|100%| O|  |TAMS 0x0000000080d00000, 0x0000000080c00000| Untracked 
|  13|0x0000000080d00000, 0x0000000080e00000, 0x0000000080e00000|100%| O|  |TAMS 0x0000000080e00000, 0x0000000080d00000| Untracked 
|  14|0x0000000080e00000, 0x0000000080f00000, 0x0000000080f00000|100%| O|  |TAMS 0x0000000080f00000, 0x0000000080e00000| Untracked 
|  15|0x0000000080f00000, 0x0000000081000000, 0x0000000081000000|100%|HS|  |TAMS 0x0000000081000000, 0x0000000080f00000| Complete 
|  16|0x0000000081000000, 0x0000000081100000, 0x0000000081100000|100%|HC|  |TAMS 0x0000000081100000, 0x0000000081000000| Complete 
|  17|0x0000000081100000, 0x0000000081200000, 0x0000000081200000|100%|HS|  |TAMS 0x0000000081200000, 0x0000000081100000| Complete 
|  18|0x0000000081200000, 0x0000000081300000, 0x0000000081300000|100%|HC|  |TAMS 0x0000000081300000, 0x0000000081200000| Complete 
|  19|0x0000000081300000, 0x0000000081400000, 0x0000000081400000|100%|HC|  |TAMS 0x0000000081400000, 0x0000000081300000| Complete 
|  20|0x0000000081400000, 0x0000000081500000, 0x0000000081500000|100%|HS|  |TAMS 0x0000000081500000, 0x0000000081400000| Complete 
|  21|0x0000000081500000, 0x0000000081600000, 0x0000000081600000|100%|HS|  |TAMS 0x0000000081600000, 0x0000000081500000| Complete 
|  22|0x0000000081600000, 0x0000000081700000, 0x0000000081700000|100%|HC|  |TAMS 0x0000000081700000, 0x0000000081600000| Complete 
|  23|0x0000000081700000, 0x0000000081800000, 0x0000000081800000|100%|HC|  |TAMS 0x0000000081800000, 0x0000000081700000| Complete 
|  24|0x0000000081800000, 0x0000000081900000, 0x0000000081900000|100%|HC|  |TAMS 0x0000000081900000, 0x0000000081800000| Complete 
|  25|0x0000000081900000, 0x0000000081a00000, 0x0000000081a00000|100%|HS|  |TAMS 0x0000000081a00000, 0x0000000081900000| Complete 
|  26|0x0000000081a00000, 0x0000000081b00000, 0x0000000081b00000|100%| O|  |TAMS 0x0000000081b00000, 0x0000000081a00000| Untracked 
|  27|0x0000000081b00000, 0x0000000081c00000, 0x0000000081c00000|100%| O|  |TAMS 0x0000000081c00000, 0x0000000081b00000| Untracked 
|  28|0x0000000081c00000, 0x0000000081d00000, 0x0000000081d00000|100%| O|  |TAMS 0x0000000081d00000, 0x0000000081c00000| Untracked 
|  29|0x0000000081d00000, 0x0000000081e00000, 0x0000000081e00000|100%| O|  |TAMS 0x0000000081e00000, 0x0000000081d00000| Untracked 
|  30|0x0000000081e00000, 0x0000000081f00000, 0x0000000081f00000|100%| O|  |TAMS 0x0000000081f00000, 0x0000000081e00000| Untracked 
|  31|0x0000000081f00000, 0x0000000082000000, 0x0000000082000000|100%| O|  |TAMS 0x0000000082000000, 0x0000000081f00000| Untracked 
|  32|0x0000000082000000, 0x0000000082100000, 0x0000000082100000|100%| O|  |TAMS 0x0000000082100000, 0x0000000082000000| Untracked 
|  33|0x0000000082100000, 0x0000000082200000, 0x0000000082200000|100%|HS|  |TAMS 0x0000000082200000, 0x0000000082100000| Complete 
|  34|0x0000000082200000, 0x0000000082300000, 0x0000000082300000|100%|HC|  |TAMS 0x0000000082300000, 0x0000000082200000| Complete 
|  35|0x0000000082300000, 0x0000000082400000, 0x0000000082400000|100%|HC|  |TAMS 0x0000000082400000, 0x0000000082300000| Complete 
|  36|0x0000000082400000, 0x0000000082500000, 0x0000000082500000|100%|HS|  |TAMS 0x0000000082500000, 0x0000000082400000| Complete 
|  37|0x0000000082500000, 0x0000000082600000, 0x0000000082600000|100%|HC|  |TAMS 0x0000000082600000, 0x0000000082500000| Complete 
|  38|0x0000000082600000, 0x0000000082700000, 0x0000000082700000|100%|HC|  |TAMS 0x0000000082700000, 0x0000000082600000| Complete 
|  39|0x0000000082700000, 0x0000000082800000, 0x0000000082800000|100%|HC|  |TAMS 0x0000000082800000, 0x0000000082700000| Complete 
|  40|0x0000000082800000, 0x0000000082900000, 0x0000000082900000|100%| O|  |TAMS 0x0000000082900000, 0x0000000082800000| Untracked 
|  41|0x0000000082900000, 0x0000000082a00000, 0x0000000082a00000|100%| O|  |TAMS 0x0000000082a00000, 0x0000000082900000| Untracked 
|  42|0x0000000082a00000, 0x0000000082b00000, 0x0000000082b00000|100%| O|  |TAMS 0x0000000082b00000, 0x0000000082a00000| Untracked 
|  43|0x0000000082b00000, 0x0000000082c00000, 0x0000000082c00000|100%| O|  |TAMS 0x0000000082c00000, 0x0000000082b00000| Untracked 
|  44|0x0000000082c00000, 0x0000000082d00000, 0x0000000082d00000|100%| O|  |TAMS 0x0000000082d00000, 0x0000000082c00000| Untracked 
|  45|0x0000000082d00000, 0x0000000082e00000, 0x0000000082e00000|100%| O|  |TAMS 0x0000000082e00000, 0x0000000082d00000| Untracked 
|  46|0x0000000082e00000, 0x0000000082f00000, 0x0000000082f00000|100%| O|  |TAMS 0x0000000082f00000, 0x0000000082e00000| Untracked 
|  47|0x0000000082f00000, 0x0000000083000000, 0x0000000083000000|100%| O|  |TAMS 0x0000000083000000, 0x0000000082f00000| Untracked 
|  48|0x0000000083000000, 0x0000000083100000, 0x0000000083100000|100%| O|  |TAMS 0x0000000083100000, 0x0000000083000000| Untracked 
|  49|0x0000000083100000, 0x0000000083200000, 0x0000000083200000|100%| O|  |TAMS 0x0000000083200000, 0x0000000083100000| Untracked 
|  50|0x0000000083200000, 0x0000000083300000, 0x0000000083300000|100%| O|  |TAMS 0x0000000083300000, 0x0000000083200000| Untracked 
|  51|0x0000000083300000, 0x0000000083400000, 0x0000000083400000|100%| O|  |TAMS 0x0000000083400000, 0x0000000083300000| Untracked 
|  52|0x0000000083400000, 0x0000000083500000, 0x0000000083500000|100%| O|  |TAMS 0x0000000083500000, 0x0000000083400000| Untracked 
|  53|0x0000000083500000, 0x0000000083600000, 0x0000000083600000|100%| O|  |TAMS 0x0000000083600000, 0x0000000083500000| Untracked 
|  54|0x0000000083600000, 0x0000000083700000, 0x0000000083700000|100%| O|  |TAMS 0x0000000083700000, 0x0000000083600000| Untracked 
|  55|0x0000000083700000, 0x0000000083800000, 0x0000000083800000|100%| O|  |TAMS 0x0000000083800000, 0x0000000083700000| Untracked 
|  56|0x0000000083800000, 0x0000000083900000, 0x0000000083900000|100%|HS|  |TAMS 0x0000000083900000, 0x0000000083800000| Complete 
|  57|0x0000000083900000, 0x0000000083a00000, 0x0000000083a00000|100%|HS|  |TAMS 0x0000000083a00000, 0x0000000083900000| Complete 
|  58|0x0000000083a00000, 0x0000000083b00000, 0x0000000083b00000|100%|HS|  |TAMS 0x0000000083b00000, 0x0000000083a00000| Complete 
|  59|0x0000000083b00000, 0x0000000083c00000, 0x0000000083c00000|100%|HS|  |TAMS 0x0000000083c00000, 0x0000000083b00000| Complete 
|  60|0x0000000083c00000, 0x0000000083d00000, 0x0000000083d00000|100%|HC|  |TAMS 0x0000000083d00000, 0x0000000083c00000| Complete 
|  61|0x0000000083d00000, 0x0000000083e00000, 0x0000000083e00000|100%|HC|  |TAMS 0x0000000083e00000, 0x0000000083d00000| Complete 
|  62|0x0000000083e00000, 0x0000000083f00000, 0x0000000083f00000|100%|HS|  |TAMS 0x0000000083f00000, 0x0000000083e00000| Complete 
|  63|0x0000000083f00000, 0x0000000084000000, 0x0000000084000000|100%|HC|  |TAMS 0x0000000084000000, 0x0000000083f00000| Complete 
|  64|0x0000000084000000, 0x0000000084100000, 0x0000000084100000|100%| O|  |TAMS 0x0000000084100000, 0x0000000084000000| Untracked 
|  65|0x0000000084100000, 0x0000000084200000, 0x0000000084200000|100%| O|  |TAMS 0x0000000084200000, 0x0000000084100000| Untracked 
|  66|0x0000000084200000, 0x0000000084300000, 0x0000000084300000|100%| O|  |TAMS 0x0000000084300000, 0x0000000084200000| Untracked 
|  67|0x0000000084300000, 0x0000000084400000, 0x0000000084400000|100%| O|  |TAMS 0x0000000084400000, 0x0000000084300000| Untracked 
|  68|0x0000000084400000, 0x0000000084500000, 0x0000000084500000|100%| O|  |TAMS 0x0000000084500000, 0x0000000084400000| Untracked 
|  69|0x0000000084500000, 0x0000000084600000, 0x0000000084600000|100%| O|  |TAMS 0x0000000084600000, 0x0000000084500000| Untracked 
|  70|0x0000000084600000, 0x0000000084700000, 0x0000000084700000|100%| O|  |TAMS 0x0000000084700000, 0x0000000084600000| Untracked 
|  71|0x0000000084700000, 0x0000000084800000, 0x0000000084800000|100%| O|  |TAMS 0x0000000084800000, 0x0000000084700000| Untracked 
|  72|0x0000000084800000, 0x0000000084900000, 0x0000000084900000|100%| O|  |TAMS 0x0000000084900000, 0x0000000084800000| Untracked 
|  73|0x0000000084900000, 0x0000000084a00000, 0x0000000084a00000|100%| O|  |TAMS 0x0000000084a00000, 0x0000000084900000| Untracked 
|  74|0x0000000084a00000, 0x0000000084b00000, 0x0000000084b00000|100%| O|  |TAMS 0x0000000084b00000, 0x0000000084a00000| Untracked 
|  75|0x0000000084b00000, 0x0000000084c00000, 0x0000000084c00000|100%| O|  |TAMS 0x0000000084c00000, 0x0000000084b00000| Untracked 
|  76|0x0000000084c00000, 0x0000000084d00000, 0x0000000084d00000|100%| O|  |TAMS 0x0000000084d00000, 0x0000000084c00000| Untracked 
|  77|0x0000000084d00000, 0x0000000084e00000, 0x0000000084e00000|100%| O|  |TAMS 0x0000000084e00000, 0x0000000084d00000| Untracked 
|  78|0x0000000084e00000, 0x0000000084f00000, 0x0000000084f00000|100%| O|  |TAMS 0x0000000084f00000, 0x0000000084e00000| Untracked 
|  79|0x0000000084f00000, 0x0000000085000000, 0x0000000085000000|100%| O|  |TAMS 0x0000000085000000, 0x0000000084f00000| Untracked 
|  80|0x0000000085000000, 0x0000000085100000, 0x0000000085100000|100%| O|  |TAMS 0x0000000085100000, 0x0000000085000000| Untracked 
|  81|0x0000000085100000, 0x0000000085200000, 0x0000000085200000|100%| O|  |TAMS 0x0000000085200000, 0x0000000085100000| Untracked 
|  82|0x0000000085200000, 0x0000000085300000, 0x0000000085300000|100%| O|  |TAMS 0x0000000085300000, 0x0000000085200000| Untracked 
|  83|0x0000000085300000, 0x0000000085400000, 0x0000000085400000|100%| O|  |TAMS 0x0000000085400000, 0x0000000085300000| Untracked 
|  84|0x0000000085400000, 0x0000000085500000, 0x0000000085500000|100%| O|  |TAMS 0x0000000085500000, 0x0000000085400000| Untracked 
|  85|0x0000000085500000, 0x0000000085600000, 0x0000000085600000|100%| O|  |TAMS 0x0000000085600000, 0x0000000085500000| Untracked 
|  86|0x0000000085600000, 0x0000000085700000, 0x0000000085700000|100%| O|  |TAMS 0x0000000085700000, 0x0000000085600000| Untracked 
|  87|0x0000000085700000, 0x0000000085800000, 0x0000000085800000|100%| O|  |TAMS 0x0000000085800000, 0x0000000085700000| Untracked 
|  88|0x0000000085800000, 0x0000000085900000, 0x0000000085900000|100%| O|  |TAMS 0x0000000085900000, 0x0000000085800000| Untracked 
|  89|0x0000000085900000, 0x0000000085a00000, 0x0000000085a00000|100%|HS|  |TAMS 0x0000000085a00000, 0x0000000085900000| Complete 
|  90|0x0000000085a00000, 0x0000000085b00000, 0x0000000085b00000|100%|HC|  |TAMS 0x0000000085b00000, 0x0000000085a00000| Complete 
|  91|0x0000000085b00000, 0x0000000085c00000, 0x0000000085c00000|100%|HS|  |TAMS 0x0000000085c00000, 0x0000000085b00000| Complete 
|  92|0x0000000085c00000, 0x0000000085d00000, 0x0000000085d00000|100%|HC|  |TAMS 0x0000000085d00000, 0x0000000085c00000| Complete 
|  93|0x0000000085d00000, 0x0000000085e00000, 0x0000000085e00000|100%|HC|  |TAMS 0x0000000085e00000, 0x0000000085d00000| Complete 
|  94|0x0000000085e00000, 0x0000000085f00000, 0x0000000085f00000|100%|HS|  |TAMS 0x0000000085f00000, 0x0000000085e00000| Complete 
|  95|0x0000000085f00000, 0x0000000086000000, 0x0000000086000000|100%|HS|  |TAMS 0x0000000086000000, 0x0000000085f00000| Complete 
|  96|0x0000000086000000, 0x0000000086100000, 0x0000000086100000|100%|HC|  |TAMS 0x0000000086100000, 0x0000000086000000| Complete 
|  97|0x0000000086100000, 0x0000000086200000, 0x0000000086200000|100%|HC|  |TAMS 0x0000000086200000, 0x0000000086100000| Complete 
|  98|0x0000000086200000, 0x0000000086300000, 0x0000000086300000|100%|HC|  |TAMS 0x0000000086300000, 0x0000000086200000| Complete 
|  99|0x0000000086300000, 0x0000000086400000, 0x0000000086400000|100%| O|  |TAMS 0x0000000086400000, 0x0000000086300000| Untracked 
| 100|0x0000000086400000, 0x0000000086500000, 0x0000000086500000|100%| O|  |TAMS 0x0000000086500000, 0x0000000086400000| Untracked 
| 101|0x0000000086500000, 0x0000000086600000, 0x0000000086600000|100%| O|  |TAMS 0x0000000086600000, 0x0000000086500000| Untracked 
| 102|0x0000000086600000, 0x0000000086700000, 0x0000000086700000|100%| O|  |TAMS 0x0000000086700000, 0x0000000086600000| Untracked 
| 103|0x0000000086700000, 0x0000000086800000, 0x0000000086800000|100%| O|  |TAMS 0x0000000086800000, 0x0000000086700000| Untracked 
| 104|0x0000000086800000, 0x0000000086900000, 0x0000000086900000|100%| O|  |TAMS 0x0000000086900000, 0x0000000086800000| Untracked 
| 105|0x0000000086900000, 0x0000000086a00000, 0x0000000086a00000|100%| O|  |TAMS 0x0000000086a00000, 0x0000000086900000| Untracked 
| 106|0x0000000086a00000, 0x0000000086b00000, 0x0000000086b00000|100%| O|  |TAMS 0x0000000086b00000, 0x0000000086a00000| Untracked 
| 107|0x0000000086b00000, 0x0000000086c00000, 0x0000000086c00000|100%| O|  |TAMS 0x0000000086c00000, 0x0000000086b00000| Untracked 
| 108|0x0000000086c00000, 0x0000000086d00000, 0x0000000086d00000|100%| O|  |TAMS 0x0000000086d00000, 0x0000000086c00000| Untracked 
| 109|0x0000000086d00000, 0x0000000086e00000, 0x0000000086e00000|100%| O|  |TAMS 0x0000000086e00000, 0x0000000086d00000| Untracked 
| 110|0x0000000086e00000, 0x0000000086f00000, 0x0000000086f00000|100%| O|  |TAMS 0x0000000086f00000, 0x0000000086e00000| Untracked 
| 111|0x0000000086f00000, 0x0000000087000000, 0x0000000087000000|100%| O|  |TAMS 0x0000000087000000, 0x0000000086f00000| Untracked 
| 112|0x0000000087000000, 0x0000000087100000, 0x0000000087100000|100%| O|  |TAMS 0x0000000087100000, 0x0000000087000000| Untracked 
| 113|0x0000000087100000, 0x0000000087200000, 0x0000000087200000|100%| O|  |TAMS 0x0000000087200000, 0x0000000087100000| Untracked 
| 114|0x0000000087200000, 0x0000000087300000, 0x0000000087300000|100%| O|  |TAMS 0x0000000087300000, 0x0000000087200000| Untracked 
| 115|0x0000000087300000, 0x0000000087400000, 0x0000000087400000|100%| O|  |TAMS 0x0000000087400000, 0x0000000087300000| Untracked 
| 116|0x0000000087400000, 0x0000000087500000, 0x0000000087500000|100%| O|  |TAMS 0x0000000087500000, 0x0000000087400000| Untracked 
| 117|0x0000000087500000, 0x0000000087600000, 0x0000000087600000|100%| O|  |TAMS 0x0000000087600000, 0x0000000087500000| Untracked 
| 118|0x0000000087600000, 0x0000000087700000, 0x0000000087700000|100%| O|  |TAMS 0x0000000087700000, 0x0000000087600000| Untracked 
| 119|0x0000000087700000, 0x0000000087800000, 0x0000000087800000|100%| O|  |TAMS 0x0000000087800000, 0x0000000087700000| Untracked 
| 120|0x0000000087800000, 0x0000000087900000, 0x0000000087900000|100%| O|  |TAMS 0x0000000087900000, 0x0000000087800000| Untracked 
| 121|0x0000000087900000, 0x0000000087a00000, 0x0000000087a00000|100%| O|  |TAMS 0x0000000087a00000, 0x0000000087900000| Untracked 
| 122|0x0000000087a00000, 0x0000000087b00000, 0x0000000087b00000|100%| O|  |TAMS 0x0000000087b00000, 0x0000000087a00000| Untracked 
| 123|0x0000000087b00000, 0x0000000087c00000, 0x0000000087c00000|100%| O|  |TAMS 0x0000000087c00000, 0x0000000087b00000| Untracked 
| 124|0x0000000087c00000, 0x0000000087d00000, 0x0000000087d00000|100%| O|  |TAMS 0x0000000087d00000, 0x0000000087c00000| Untracked 
| 125|0x0000000087d00000, 0x0000000087e00000, 0x0000000087e00000|100%| O|  |TAMS 0x0000000087e00000, 0x0000000087d00000| Untracked 
| 126|0x0000000087e00000, 0x0000000087f00000, 0x0000000087f00000|100%| O|  |TAMS 0x0000000087f00000, 0x0000000087e00000| Untracked 
| 127|0x0000000087f00000, 0x0000000088000000, 0x0000000088000000|100%| O|  |TAMS 0x0000000088000000, 0x0000000087f00000| Untracked 
| 128|0x0000000088000000, 0x0000000088088000, 0x0000000088100000| 53%| O|  |TAMS 0x0000000088088000, 0x0000000088000000| Untracked 
| 129|0x0000000088100000, 0x0000000088100000, 0x0000000088200000|  0%| F|  |TAMS 0x0000000088100000, 0x0000000088100000| Untracked 
| 130|0x0000000088200000, 0x0000000088200000, 0x0000000088300000|  0%| F|  |TAMS 0x0000000088200000, 0x0000000088200000| Untracked 
| 131|0x0000000088300000, 0x0000000088300000, 0x0000000088400000|  0%| F|  |TAMS 0x0000000088300000, 0x0000000088300000| Untracked 
| 132|0x0000000088400000, 0x0000000088400000, 0x0000000088500000|  0%| F|  |TAMS 0x0000000088400000, 0x0000000088400000| Untracked 
| 133|0x0000000088500000, 0x0000000088500000, 0x0000000088600000|  0%| F|  |TAMS 0x0000000088500000, 0x0000000088500000| Untracked 
| 134|0x0000000088600000, 0x0000000088600000, 0x0000000088700000|  0%| F|  |TAMS 0x0000000088600000, 0x0000000088600000| Untracked 
| 135|0x0000000088700000, 0x0000000088700000, 0x0000000088800000|  0%| F|  |TAMS 0x0000000088700000, 0x0000000088700000| Untracked 
| 136|0x0000000088800000, 0x0000000088800000, 0x0000000088900000|  0%| F|  |TAMS 0x0000000088800000, 0x0000000088800000| Untracked 
| 137|0x0000000088900000, 0x0000000088900000, 0x0000000088a00000|  0%| F|  |TAMS 0x0000000088900000, 0x0000000088900000| Untracked 
| 138|0x0000000088a00000, 0x0000000088a00000, 0x0000000088b00000|  0%| F|  |TAMS 0x0000000088a00000, 0x0000000088a00000| Untracked 
| 139|0x0000000088b00000, 0x0000000088b00000, 0x0000000088c00000|  0%| F|  |TAMS 0x0000000088b00000, 0x0000000088b00000| Untracked 
| 140|0x0000000088c00000, 0x0000000088c00000, 0x0000000088d00000|  0%| F|  |TAMS 0x0000000088c00000, 0x0000000088c00000| Untracked 
| 141|0x0000000088d00000, 0x0000000088d00000, 0x0000000088e00000|  0%| F|  |TAMS 0x0000000088d00000, 0x0000000088d00000| Untracked 
| 142|0x0000000088e00000, 0x0000000088e00000, 0x0000000088f00000|  0%| F|  |TAMS 0x0000000088e00000, 0x0000000088e00000| Untracked 
| 143|0x0000000088f00000, 0x0000000088f00000, 0x0000000089000000|  0%| F|  |TAMS 0x0000000088f00000, 0x0000000088f00000| Untracked 
| 144|0x0000000089000000, 0x0000000089000000, 0x0000000089100000|  0%| F|  |TAMS 0x0000000089000000, 0x0000000089000000| Untracked 
| 145|0x0000000089100000, 0x0000000089100000, 0x0000000089200000|  0%| F|  |TAMS 0x0000000089100000, 0x0000000089100000| Untracked 
| 146|0x0000000089200000, 0x0000000089200000, 0x0000000089300000|  0%| F|  |TAMS 0x0000000089200000, 0x0000000089200000| Untracked 
| 147|0x0000000089300000, 0x0000000089300000, 0x0000000089400000|  0%| F|  |TAMS 0x0000000089300000, 0x0000000089300000| Untracked 
| 148|0x0000000089400000, 0x0000000089400000, 0x0000000089500000|  0%| F|  |TAMS 0x0000000089400000, 0x0000000089400000| Untracked 
| 149|0x0000000089500000, 0x0000000089500000, 0x0000000089600000|  0%| F|  |TAMS 0x0000000089500000, 0x0000000089500000| Untracked 
| 150|0x0000000089600000, 0x000000008964aae0, 0x0000000089700000| 29%| S|CS|TAMS 0x0000000089600000, 0x0000000089600000| Complete 
| 151|0x0000000089700000, 0x0000000089800000, 0x0000000089800000|100%| S|CS|TAMS 0x0000000089700000, 0x0000000089700000| Complete 
| 152|0x0000000089800000, 0x0000000089900000, 0x0000000089900000|100%| S|CS|TAMS 0x0000000089800000, 0x0000000089800000| Complete 
| 153|0x0000000089900000, 0x0000000089900000, 0x0000000089a00000|  0%| F|  |TAMS 0x0000000089900000, 0x0000000089900000| Untracked 
| 154|0x0000000089a00000, 0x0000000089a00000, 0x0000000089b00000|  0%| F|  |TAMS 0x0000000089a00000, 0x0000000089a00000| Untracked 
| 155|0x0000000089b00000, 0x0000000089c00000, 0x0000000089c00000|100%| S|CS|TAMS 0x0000000089b00000, 0x0000000089b00000| Complete 
| 156|0x0000000089c00000, 0x0000000089c00000, 0x0000000089d00000|  0%| F|  |TAMS 0x0000000089c00000, 0x0000000089c00000| Untracked 
| 157|0x0000000089d00000, 0x0000000089d00000, 0x0000000089e00000|  0%| F|  |TAMS 0x0000000089d00000, 0x0000000089d00000| Untracked 
| 158|0x0000000089e00000, 0x0000000089e00000, 0x0000000089f00000|  0%| F|  |TAMS 0x0000000089e00000, 0x0000000089e00000| Untracked 
| 159|0x0000000089f00000, 0x0000000089f00000, 0x000000008a000000|  0%| F|  |TAMS 0x0000000089f00000, 0x0000000089f00000| Untracked 
| 160|0x000000008a000000, 0x000000008a000000, 0x000000008a100000|  0%| F|  |TAMS 0x000000008a000000, 0x000000008a000000| Untracked 
| 161|0x000000008a100000, 0x000000008a100000, 0x000000008a200000|  0%| F|  |TAMS 0x000000008a100000, 0x000000008a100000| Untracked 
| 162|0x000000008a200000, 0x000000008a200000, 0x000000008a300000|  0%| F|  |TAMS 0x000000008a200000, 0x000000008a200000| Untracked 
| 163|0x000000008a300000, 0x000000008a300000, 0x000000008a400000|  0%| F|  |TAMS 0x000000008a300000, 0x000000008a300000| Untracked 
| 164|0x000000008a400000, 0x000000008a400000, 0x000000008a500000|  0%| F|  |TAMS 0x000000008a400000, 0x000000008a400000| Untracked 
| 165|0x000000008a500000, 0x000000008a500000, 0x000000008a600000|  0%| F|  |TAMS 0x000000008a500000, 0x000000008a500000| Untracked 
| 166|0x000000008a600000, 0x000000008a600000, 0x000000008a700000|  0%| F|  |TAMS 0x000000008a600000, 0x000000008a600000| Untracked 
| 167|0x000000008a700000, 0x000000008a700000, 0x000000008a800000|  0%| F|  |TAMS 0x000000008a700000, 0x000000008a700000| Untracked 
| 168|0x000000008a800000, 0x000000008a8fa2a8, 0x000000008a900000| 97%| E|  |TAMS 0x000000008a800000, 0x000000008a800000| Complete 
| 169|0x000000008a900000, 0x000000008aa00000, 0x000000008aa00000|100%| E|CS|TAMS 0x000000008a900000, 0x000000008a900000| Complete 
| 170|0x000000008aa00000, 0x000000008ab00000, 0x000000008ab00000|100%| E|CS|TAMS 0x000000008aa00000, 0x000000008aa00000| Complete 
| 171|0x000000008ab00000, 0x000000008ac00000, 0x000000008ac00000|100%| E|CS|TAMS 0x000000008ab00000, 0x000000008ab00000| Complete 
| 172|0x000000008ac00000, 0x000000008ad00000, 0x000000008ad00000|100%| E|CS|TAMS 0x000000008ac00000, 0x000000008ac00000| Complete 
| 173|0x000000008ad00000, 0x000000008ae00000, 0x000000008ae00000|100%| E|CS|TAMS 0x000000008ad00000, 0x000000008ad00000| Complete 
| 174|0x000000008ae00000, 0x000000008af00000, 0x000000008af00000|100%| E|CS|TAMS 0x000000008ae00000, 0x000000008ae00000| Complete 
| 175|0x000000008af00000, 0x000000008b000000, 0x000000008b000000|100%| E|CS|TAMS 0x000000008af00000, 0x000000008af00000| Complete 
| 176|0x000000008b000000, 0x000000008b100000, 0x000000008b100000|100%| E|CS|TAMS 0x000000008b000000, 0x000000008b000000| Complete 
| 177|0x000000008b100000, 0x000000008b200000, 0x000000008b200000|100%| E|CS|TAMS 0x000000008b100000, 0x000000008b100000| Complete 
| 178|0x000000008b200000, 0x000000008b300000, 0x000000008b300000|100%| E|CS|TAMS 0x000000008b200000, 0x000000008b200000| Complete 
| 179|0x000000008b300000, 0x000000008b400000, 0x000000008b400000|100%| E|CS|TAMS 0x000000008b300000, 0x000000008b300000| Complete 
| 180|0x000000008b400000, 0x000000008b500000, 0x000000008b500000|100%| E|CS|TAMS 0x000000008b400000, 0x000000008b400000| Complete 
| 181|0x000000008b500000, 0x000000008b600000, 0x000000008b600000|100%| E|CS|TAMS 0x000000008b500000, 0x000000008b500000| Complete 
| 182|0x000000008b600000, 0x000000008b700000, 0x000000008b700000|100%| E|CS|TAMS 0x000000008b600000, 0x000000008b600000| Complete 
| 183|0x000000008b700000, 0x000000008b800000, 0x000000008b800000|100%| E|CS|TAMS 0x000000008b700000, 0x000000008b700000| Complete 
| 184|0x000000008b800000, 0x000000008b900000, 0x000000008b900000|100%| E|CS|TAMS 0x000000008b800000, 0x000000008b800000| Complete 

Card table byte_map: [0x000001d3bb100000,0x000001d3bb500000] _byte_map_base: 0x000001d3bad00000

Marking Bits (Prev, Next): (CMBitMap*) 0x000001d3a81200f0, (CMBitMap*) 0x000001d3a81200b8
 Prev Bits: [0x000001d3bd900000, 0x000001d3bf900000)
 Next Bits: [0x000001d3bb900000, 0x000001d3bd900000)

Polling page: 0x000001d3a78c0000

Metaspace:

Usage:
  Non-class:     99.54 MB capacity,    98.00 MB ( 98%) used,     1.24 MB (  1%) free+waste,   305.81 KB ( <1%) overhead. 
      Class:     15.45 MB capacity,    14.47 MB ( 94%) used,   868.27 KB (  5%) free+waste,   137.63 KB ( <1%) overhead. 
       Both:    114.99 MB capacity,   112.47 MB ( 98%) used,     2.09 MB (  2%) free+waste,   443.44 KB ( <1%) overhead. 

Virtual space:
  Non-class space:      100.00 MB reserved,      99.75 MB (>99%) committed 
      Class space:        1.00 GB reserved,      15.57 MB (  2%) committed 
             Both:        1.10 GB reserved,     115.32 MB ( 10%) committed 

Chunk freelists:
   Non-Class:  24.00 KB
       Class:  15.00 KB
        Both:  39.00 KB

MaxMetaspaceSize: 17179869184.00 GB
CompressedClassSpaceSize: 1.00 GB
Initial GC threshold: 20.80 MB
Current GC threshold: 188.04 MB
CDS: off

CodeHeap 'non-profiled nmethods': size=120064Kb used=8026Kb max_used=8026Kb free=112037Kb
 bounds [0x000001d3b36b0000, 0x000001d3b3e90000, 0x000001d3babf0000]
CodeHeap 'profiled nmethods': size=120000Kb used=29144Kb max_used=29144Kb free=90855Kb
 bounds [0x000001d3ac180000, 0x000001d3ade00000, 0x000001d3b36b0000]
CodeHeap 'non-nmethods': size=5696Kb used=2458Kb max_used=2497Kb free=3237Kb
 bounds [0x000001d3abbf0000, 0x000001d3abe70000, 0x000001d3ac180000]
 total_blobs=14031 nmethods=13040 adapters=903
 compilation: enabled
              stopped_count=0, restarted_count=0
 full_count=0

Compilation events (20 events):
Event: 15.443 Thread 0x000001d3c214f000 nmethod 13082 0x000001d3adde4310 code [0x000001d3adde44c0, 0x000001d3adde45d8]
Event: 15.443 Thread 0x000001d3c214f000 13083   !   3       org.gradle.api.internal.artifacts.ivyservice.resolveengine.graph.builder.NodeState::findExternalVariant (146 bytes)
Event: 15.444 Thread 0x000001d3c214f000 nmethod 13083 0x000001d3adde4690 code [0x000001d3adde4a40, 0x000001d3adde6058]
Event: 15.444 Thread 0x000001d3c214f000 13084       3       org.gradle.api.internal.artifacts.ivyservice.resolveengine.result.ResolvedVariantResultSerializer::writeCapabilities (82 bytes)
Event: 15.444 Thread 0x000001d3c214f000 nmethod 13084 0x000001d3adde6910 code [0x000001d3adde6b80, 0x000001d3adde7668]
Event: 15.444 Thread 0x000001d3c214f000 13085       3       org.gradle.api.internal.artifacts.ivyservice.resolveengine.result.ComponentSelectionReasonSerializer::write (60 bytes)
Event: 15.445 Thread 0x000001d3c214f000 nmethod 13085 0x000001d3adde7910 code [0x000001d3adde7ba0, 0x000001d3adde8708]
Event: 15.445 Thread 0x000001d3c214f000 13086       1       org.gradle.api.internal.artifacts.type.DefaultArtifactTypeContainer$DefaultArtifactTypeDefinition::getAttributes (5 bytes)
Event: 15.445 Thread 0x000001d3c214f000 nmethod 13086 0x000001d3b3e86590 code [0x000001d3b3e86740, 0x000001d3b3e867f8]
Event: 15.445 Thread 0x000001d3c214f000 13087       1       org.gradle.api.internal.artifacts.ivyservice.DefaultLenientConfiguration::access$600 (5 bytes)
Event: 15.445 Thread 0x000001d3c214f000 nmethod 13087 0x000001d3b3e86890 code [0x000001d3b3e86a40, 0x000001d3b3e86ad8]
Event: 15.450 Thread 0x000001d3c214f000 13089       3       org.gradle.internal.instantiation.generator.AsmBackedClassGenerator$ClassBuilderImpl::<init> (28 bytes)
Event: 15.451 Thread 0x000001d3c214f000 nmethod 13089 0x000001d3adde8b10 code [0x000001d3adde8cc0, 0x000001d3adde8e68]
Event: 15.451 Thread 0x000001d3c214f000 13090       3       org.gradle.internal.instantiation.generator.AsmBackedClassGenerator$ClassBuilderImpl::<init> (125 bytes)
Event: 15.451 Thread 0x000001d3c214f000 nmethod 13090 0x000001d3adde8f90 code [0x000001d3adde91a0, 0x000001d3adde99b8]
Event: 15.451 Thread 0x000001d3c214f000 13091       3       org.gradle.internal.instantiation.generator.AsmBackedClassGenerator$ClassBuilderImpl::startClass (272 bytes)
Event: 15.454 Thread 0x000001d3c214f000 nmethod 13091 0x000001d3adde9c90 code [0x000001d3addea4c0, 0x000001d3addef118]
Event: 15.454 Thread 0x000001d3c214f000 13092       3       org.gradle.internal.instantiation.generator.AsmBackedClassGenerator$ClassBuilderImpl::addDynamicMethods (154 bytes)
Event: 15.454 Thread 0x000001d3c214f000 nmethod 13092 0x000001d3addf0d10 code [0x000001d3addf10c0, 0x000001d3addf2798]
Event: 15.454 Thread 0x000001d3c214f000 13093       3       org.gradle.internal.instantiation.generator.AsmBackedClassGenerator$ClassBuilderImpl::generate (37 bytes)

GC Heap History (20 events):
Event: 11.416 GC heap before
{Heap before GC invocations=23 (full 0):
 garbage-first heap   total 189440K, used 150414K [0x0000000080000000, 0x0000000100000000)
  region size 1024K, 44 young (45056K), 8 survivors (8192K)
 Metaspace       used 88866K, capacity 91154K, committed 91340K, reserved 1128448K
  class space    used 11660K, capacity 12471K, committed 12492K, reserved 1048576K
}
Event: 11.421 GC heap after
{Heap after GC invocations=24 (full 0):
 garbage-first heap   total 189440K, used 117281K [0x0000000080000000, 0x0000000100000000)
  region size 1024K, 3 young (3072K), 3 survivors (3072K)
 Metaspace       used 88866K, capacity 91154K, committed 91340K, reserved 1128448K
  class space    used 11660K, capacity 12471K, committed 12492K, reserved 1048576K
}
Event: 11.901 GC heap before
{Heap before GC invocations=25 (full 0):
 garbage-first heap   total 189440K, used 158241K [0x0000000080000000, 0x0000000100000000)
  region size 1024K, 42 young (43008K), 3 survivors (3072K)
 Metaspace       used 94932K, capacity 97328K, committed 97484K, reserved 1134592K
  class space    used 12386K, capacity 13236K, committed 13260K, reserved 1048576K
}
Event: 11.906 GC heap after
{Heap after GC invocations=26 (full 0):
 garbage-first heap   total 189440K, used 118330K [0x0000000080000000, 0x0000000100000000)
  region size 1024K, 4 young (4096K), 4 survivors (4096K)
 Metaspace       used 94932K, capacity 97328K, committed 97484K, reserved 1134592K
  class space    used 12386K, capacity 13236K, committed 13260K, reserved 1048576K
}
Event: 12.322 GC heap before
{Heap before GC invocations=26 (full 0):
 garbage-first heap   total 189440K, used 158266K [0x0000000080000000, 0x0000000100000000)
  region size 1024K, 43 young (44032K), 4 survivors (4096K)
 Metaspace       used 98656K, capacity 101091K, committed 101196K, reserved 1136640K
  class space    used 12911K, capacity 13801K, committed 13900K, reserved 1048576K
}
Event: 12.329 GC heap after
{Heap after GC invocations=27 (full 0):
 garbage-first heap   total 189440K, used 120999K [0x0000000080000000, 0x0000000100000000)
  region size 1024K, 5 young (5120K), 5 survivors (5120K)
 Metaspace       used 98656K, capacity 101091K, committed 101196K, reserved 1136640K
  class space    used 12911K, capacity 13801K, committed 13900K, reserved 1048576K
}
Event: 12.781 GC heap before
{Heap before GC invocations=28 (full 0):
 garbage-first heap   total 189440K, used 159911K [0x0000000080000000, 0x0000000100000000)
  region size 1024K, 43 young (44032K), 5 survivors (5120K)
 Metaspace       used 102821K, capacity 105267K, committed 105548K, reserved 1140736K
  class space    used 13411K, capacity 14356K, committed 14412K, reserved 1048576K
}
Event: 12.788 GC heap after
{Heap after GC invocations=29 (full 0):
 garbage-first heap   total 189440K, used 123956K [0x0000000080000000, 0x0000000100000000)
  region size 1024K, 6 young (6144K), 6 survivors (6144K)
 Metaspace       used 102821K, capacity 105267K, committed 105548K, reserved 1140736K
  class space    used 13411K, capacity 14356K, committed 14412K, reserved 1048576K
}
Event: 13.505 GC heap before
{Heap before GC invocations=29 (full 0):
 garbage-first heap   total 189440K, used 160820K [0x0000000080000000, 0x0000000100000000)
  region size 1024K, 42 young (43008K), 6 survivors (6144K)
 Metaspace       used 106549K, capacity 109107K, committed 109260K, reserved 1144832K
  class space    used 13841K, capacity 14792K, committed 14796K, reserved 1048576K
}
Event: 13.514 GC heap after
{Heap after GC invocations=30 (full 0):
 garbage-first heap   total 189440K, used 127189K [0x0000000080000000, 0x0000000100000000)
  region size 1024K, 6 young (6144K), 6 survivors (6144K)
 Metaspace       used 106549K, capacity 109107K, committed 109260K, reserved 1144832K
  class space    used 13841K, capacity 14792K, committed 14796K, reserved 1048576K
}
Event: 13.944 GC heap before
{Heap before GC invocations=31 (full 0):
 garbage-first heap   total 189440K, used 159957K [0x0000000080000000, 0x0000000100000000)
  region size 1024K, 39 young (39936K), 6 survivors (6144K)
 Metaspace       used 107569K, capacity 110103K, committed 110156K, reserved 1144832K
  class space    used 13957K, capacity 14898K, committed 14924K, reserved 1048576K
}
Event: 13.951 GC heap after
{Heap after GC invocations=32 (full 0):
 garbage-first heap   total 189440K, used 130208K [0x0000000080000000, 0x0000000100000000)
  region size 1024K, 3 young (3072K), 3 survivors (3072K)
 Metaspace       used 107569K, capacity 110103K, committed 110156K, reserved 1144832K
  class space    used 13957K, capacity 14898K, committed 14924K, reserved 1048576K
}
Event: 14.665 GC heap before
{Heap before GC invocations=32 (full 0):
 garbage-first heap   total 189440K, used 159904K [0x0000000080000000, 0x0000000100000000)
  region size 1024K, 33 young (33792K), 3 survivors (3072K)
 Metaspace       used 108464K, capacity 111066K, committed 111308K, reserved 1144832K
  class space    used 14010K, capacity 14966K, committed 15052K, reserved 1048576K
}
Event: 14.671 GC heap after
{Heap after GC invocations=33 (full 0):
 garbage-first heap   total 189440K, used 131886K [0x0000000080000000, 0x0000000100000000)
  region size 1024K, 5 young (5120K), 5 survivors (5120K)
 Metaspace       used 108464K, capacity 111066K, committed 111308K, reserved 1144832K
  class space    used 14010K, capacity 14966K, committed 15052K, reserved 1048576K
}
Event: 14.930 GC heap before
{Heap before GC invocations=34 (full 0):
 garbage-first heap   total 189440K, used 160558K [0x0000000080000000, 0x0000000100000000)
  region size 1024K, 34 young (34816K), 5 survivors (5120K)
 Metaspace       used 109835K, capacity 112482K, committed 112588K, reserved 1146880K
  class space    used 14188K, capacity 15202K, committed 15308K, reserved 1048576K
}
Event: 14.935 GC heap after
{Heap after GC invocations=35 (full 0):
 garbage-first heap   total 189440K, used 133340K [0x0000000080000000, 0x0000000100000000)
  region size 1024K, 4 young (4096K), 4 survivors (4096K)
 Metaspace       used 109835K, capacity 112482K, committed 112588K, reserved 1146880K
  class space    used 14188K, capacity 15202K, committed 15308K, reserved 1048576K
}
Event: 15.100 GC heap before
{Heap before GC invocations=35 (full 0):
 garbage-first heap   total 189440K, used 162012K [0x0000000080000000, 0x0000000100000000)
  region size 1024K, 32 young (32768K), 4 survivors (4096K)
 Metaspace       used 111956K, capacity 114596K, committed 114892K, reserved 1148928K
  class space    used 14465K, capacity 15458K, committed 15564K, reserved 1048576K
}
Event: 15.104 GC heap after
{Heap after GC invocations=36 (full 0):
 garbage-first heap   total 189440K, used 133785K [0x0000000080000000, 0x0000000100000000)
  region size 1024K, 3 young (3072K), 3 survivors (3072K)
 Metaspace       used 111956K, capacity 114596K, committed 114892K, reserved 1148928K
  class space    used 14465K, capacity 15458K, committed 15564K, reserved 1048576K
}
Event: 15.319 GC heap before
{Heap before GC invocations=37 (full 0):
 garbage-first heap   total 189440K, used 162457K [0x0000000080000000, 0x0000000100000000)
  region size 1024K, 31 young (31744K), 3 survivors (3072K)
 Metaspace       used 113931K, capacity 116548K, committed 116940K, reserved 1150976K
  class space    used 14692K, capacity 15682K, committed 15820K, reserved 1048576K
}
Event: 15.322 GC heap after
{Heap after GC invocations=38 (full 0):
 garbage-first heap   total 189440K, used 134986K [0x0000000080000000, 0x0000000100000000)
  region size 1024K, 4 young (4096K), 4 survivors (4096K)
 Metaspace       used 113931K, capacity 116548K, committed 116940K, reserved 1150976K
  class space    used 14692K, capacity 15682K, committed 15820K, reserved 1048576K
}

Deoptimization events (20 events):
Event: 14.862 Thread 0x000001d3c8606800 DEOPT PACKING pc=0x000001d3b3ba7600 sp=0x00000046062fb680
Event: 14.862 Thread 0x000001d3c8606800 DEOPT UNPACKING pc=0x000001d3abc3a1af sp=0x00000046062fb5b8 mode 2
Event: 14.944 Thread 0x000001d3c52c4800 Uncommon trap: trap_request=0xffffff4d fr.pc=0x000001d3b3e5f68c relative=0x000000000000098c
Event: 14.944 Thread 0x000001d3c52c4800 Uncommon trap: reason=unstable_if action=reinterpret pc=0x000001d3b3e5f68c method=java.util.jar.JarFile.getVersionedEntry(Ljava/lang/String;Ljava/util/jar/JarEntry;)Ljava/util/jar/JarEntry; @ 7 c2
Event: 14.944 Thread 0x000001d3c52c4800 DEOPT PACKING pc=0x000001d3b3e5f68c sp=0x00000046036f69d0
Event: 14.944 Thread 0x000001d3c52c4800 DEOPT UNPACKING pc=0x000001d3abc3a1af sp=0x00000046036f69b0 mode 2
Event: 15.200 Thread 0x000001d3c52c4800 Uncommon trap: trap_request=0xffffff4d fr.pc=0x000001d3b3e627a4 relative=0x00000000000001e4
Event: 15.200 Thread 0x000001d3c52c4800 Uncommon trap: reason=unstable_if action=reinterpret pc=0x000001d3b3e627a4 method=kotlin.reflect.jvm.internal.impl.protobuf.CodedInputStream.readRawVarint32()I @ 10 c2
Event: 15.200 Thread 0x000001d3c52c4800 DEOPT PACKING pc=0x000001d3b3e627a4 sp=0x00000046036f6100
Event: 15.200 Thread 0x000001d3c52c4800 DEOPT UNPACKING pc=0x000001d3abc3a1af sp=0x00000046036f6080 mode 2
Event: 15.209 Thread 0x000001d3c52c4800 Uncommon trap: trap_request=0xffffff4d fr.pc=0x000001d3b3e2f1cc relative=0x000000000000060c
Event: 15.209 Thread 0x000001d3c52c4800 Uncommon trap: reason=unstable_if action=reinterpret pc=0x000001d3b3e2f1cc method=java.lang.String.indexOf([BBILjava/lang/String;I)I @ 54 c2
Event: 15.209 Thread 0x000001d3c52c4800 DEOPT PACKING pc=0x000001d3b3e2f1cc sp=0x00000046036f7300
Event: 15.209 Thread 0x000001d3c52c4800 DEOPT UNPACKING pc=0x000001d3abc3a1af sp=0x00000046036f7268 mode 2
Event: 15.348 Thread 0x000001d3c52c4800 DEOPT PACKING pc=0x000001d3ad8ebeb1 sp=0x00000046036f5710
Event: 15.348 Thread 0x000001d3c52c4800 DEOPT UNPACKING pc=0x000001d3abc3a95e sp=0x00000046036f4bd8 mode 0
Event: 15.449 Thread 0x000001d3c52c4800 Uncommon trap: trap_request=0xfffffff4 fr.pc=0x000001d3b3d11c20 relative=0x000000000000aa80
Event: 15.449 Thread 0x000001d3c52c4800 Uncommon trap: reason=null_check action=make_not_entrant pc=0x000001d3b3d11c20 method=org.gradle.internal.instantiation.generator.AbstractClassGenerator$PropertyMetadata.addGetter(Lorg/gradle/internal/instantiation/generator/AbstractClassGenerator$MethodM
Event: 15.449 Thread 0x000001d3c52c4800 DEOPT PACKING pc=0x000001d3b3d11c20 sp=0x00000046036f77f0
Event: 15.449 Thread 0x000001d3c52c4800 DEOPT UNPACKING pc=0x000001d3abc3a1af sp=0x00000046036f7750 mode 2

Classes redefined (0 events):
No events

Internal exceptions (20 events):
Event: 11.773 Thread 0x000001d3c52c4800 Exception <a 'java/lang/NoSuchMethodError'{0x0000000089a13be8}: 'int java.lang.invoke.DirectMethodHandle$Holder.invokeStatic(java.lang.Object, java.lang.Object, int, java.lang.Object)'> (0x0000000089a13be8) thrown at [./src/hotspot/share/interpreter/linkResolver.cpp, line 773]
Event: 11.820 Thread 0x000001d3c52c4800 Exception <a 'sun/nio/fs/WindowsException'{0x0000000089937df8}> (0x0000000089937df8) thrown at [./src/hotspot/share/prims/jni.cpp, line 615]
Event: 11.820 Thread 0x000001d3c52c4800 Exception <a 'sun/nio/fs/WindowsException'{0x0000000089938ef0}> (0x0000000089938ef0) thrown at [./src/hotspot/share/prims/jni.cpp, line 615]
Event: 11.820 Thread 0x000001d3c52c4800 Exception <a 'sun/nio/fs/WindowsException'{0x000000008993a038}> (0x000000008993a038) thrown at [./src/hotspot/share/prims/jni.cpp, line 615]
Event: 11.820 Thread 0x000001d3c52c4800 Exception <a 'sun/nio/fs/WindowsException'{0x000000008993b180}> (0x000000008993b180) thrown at [./src/hotspot/share/prims/jni.cpp, line 615]
Event: 11.906 Thread 0x000001d3c2130000 Implicit null exception at 0x000001d3b3c34d2d to 0x000001d3b3c3557c
Event: 11.998 Thread 0x000001d3c52c4800 Exception <a 'java/lang/NoSuchMethodError'{0x000000008af4fde8}: 'int java.lang.invoke.DirectMethodHandle$Holder.invokeSpecialIFC(java.lang.Object, java.lang.Object, java.lang.Object)'> (0x000000008af4fde8) thrown at [./src/hotspot/share/interpreter/linkResolver.cpp, line 773]
Event: 12.028 Thread 0x000001d3c52c4800 Exception <a 'java/lang/NoSuchMethodError'{0x000000008ac489e0}: 'java.lang.Object java.lang.invoke.Invokers$Holder.linkToTargetMethod(java.lang.Object, java.lang.Object, java.lang.Object, int, java.lang.Object, java.lang.Object)'> (0x000000008ac489e0) thrown at [./src/hotspot/share/interpreter/linkResolver.cpp, line 773]
Event: 12.168 Thread 0x000001d3c52c4800 Exception <a 'java/lang/NoSuchMethodError'{0x0000000089d5c368}: 'void java.lang.invoke.DirectMethodHandle$Holder.invokeStatic(java.lang.Object, java.lang.Object, java.lang.Object, java.lang.Object, int, java.lang.Object, java.lang.Object)'> (0x0000000089d5c368) thrown at [./src/hotspot/share/interpreter/linkResolver.cpp, line 773]
Event: 12.184 Thread 0x000001d3c52c4800 Exception <a 'java/lang/IncompatibleClassChangeError'{0x0000000089b1bde8}: Found class java.lang.Object, but interface was expected> (0x0000000089b1bde8) thrown at [./src/hotspot/share/interpreter/linkResolver.cpp, line 839]
Event: 12.231 Thread 0x000001d3c8604000 Exception <a 'java/lang/IncompatibleClassChangeError'{0x0000000089965828}: Found class java.lang.Object, but interface was expected> (0x0000000089965828) thrown at [./src/hotspot/share/interpreter/linkResolver.cpp, line 839]
Event: 12.243 Thread 0x000001d3c8604000 Exception <a 'java/lang/NoSuchMethodError'{0x000000008971d9e8}: 'int java.lang.invoke.DirectMethodHandle$Holder.invokeStaticInit(java.lang.Object, java.lang.Object, java.lang.Object, java.lang.Object, java.lang.Object)'> (0x000000008971d9e8) thrown at [./src/hotspot/share/interpreter/linkResolver.cpp, line 773]
Event: 12.503 Thread 0x000001d3c52c4800 Implicit null exception at 0x000001d3b3b8a514 to 0x000001d3b3b8ab60
Event: 12.569 Thread 0x000001d3c52c4800 Exception <a 'sun/nio/fs/WindowsException'{0x000000008a85b330}> (0x000000008a85b330) thrown at [./src/hotspot/share/prims/jni.cpp, line 615]
Event: 13.439 Thread 0x000001d3c63af800 Exception <a 'java/lang/NoSuchMethodError'{0x000000008a0ca708}: 'java.lang.Object java.lang.invoke.DirectMethodHandle$Holder.invokeSpecialIFC(java.lang.Object, java.lang.Object, java.lang.Object)'> (0x000000008a0ca708) thrown at [./src/hotspot/share/interpreter/linkResolver.cpp, line 773]
Event: 13.439 Thread 0x000001d3c7134000 Exception <a 'java/lang/NoSuchMethodError'{0x000000008a0d1db0}: 'java.lang.Object java.lang.invoke.DirectMethodHandle$Holder.invokeSpecialIFC(java.lang.Object, java.lang.Object, java.lang.Object)'> (0x000000008a0d1db0) thrown at [./src/hotspot/share/interpreter/linkResolver.cpp, line 773]
Event: 13.439 Thread 0x000001d3c7136800 Exception <a 'java/lang/NoSuchMethodError'{0x000000008a00ea78}: 'java.lang.Object java.lang.invoke.DirectMethodHandle$Holder.invokeSpecialIFC(java.lang.Object, java.lang.Object, java.lang.Object)'> (0x000000008a00ea78) thrown at [./src/hotspot/share/interpreter/linkResolver.cpp, line 773]
Event: 13.709 Thread 0x000001d3c63b3000 Exception <a 'java/lang/NoSuchMethodError'{0x000000008ab7d6d0}: 'java.lang.Object java.lang.invoke.DirectMethodHandle$Holder.newInvokeSpecial(java.lang.Object, java.lang.Object, java.lang.Object, java.lang.Object)'> (0x000000008ab7d6d0) thrown at [./src/hotspot/share/interpreter/linkResolver.cpp, line 773]
Event: 14.805 Thread 0x000001d3c8606800 Exception <a 'sun/nio/fs/WindowsException'{0x000000008ac93ca8}> (0x000000008ac93ca8) thrown at [./src/hotspot/share/prims/jni.cpp, line 615]
Event: 15.449 Thread 0x000001d3c52c4800 Implicit null exception at 0x000001d3b3d08e8f to 0x000001d3b3d11bb8

Events (20 events):
Event: 15.446 loading class org/gradle/workers/IsolationMode
Event: 15.446 loading class org/gradle/workers/IsolationMode done
Event: 15.446 loading class org/gradle/workers/IsolationMode
Event: 15.446 loading class org/gradle/workers/IsolationMode done
Event: 15.447 loading class org/jetbrains/kotlin/gradle/internal/KaptOptionsForWorker
Event: 15.447 loading class org/jetbrains/kotlin/gradle/internal/KaptOptionsForWorker done
Event: 15.447 loading class org/jetbrains/kotlin/gradle/internal/kapt/incremental/KaptIncrementalChanges
Event: 15.447 loading class org/jetbrains/kotlin/gradle/internal/kapt/incremental/KaptIncrementalChanges done
Event: 15.448 loading class org/jetbrains/kotlin/gradle/internal/KaptTask$Companion
Event: 15.448 loading class org/jetbrains/kotlin/gradle/internal/KaptTask$Companion done
Event: 15.452 loading class org/jetbrains/kotlin/gradle/internal/KaptTask$1
Event: 15.452 loading class org/jetbrains/kotlin/gradle/internal/KaptTask$1 done
Event: 15.453 loading class org/jetbrains/kotlin/gradle/internal/KaptTask$defaultKotlinJavaToolchain$1
Event: 15.453 loading class org/jetbrains/kotlin/gradle/internal/KaptTask$defaultKotlinJavaToolchain$1 done
Event: 15.454 loading class org/jetbrains/kotlin/gradle/internal/KaptTask$internalAbiClasspath$2
Event: 15.454 loading class org/jetbrains/kotlin/gradle/internal/KaptTask$internalAbiClasspath$2 done
Event: 15.454 loading class org/jetbrains/kotlin/gradle/internal/KaptTask$internalNonAbiClasspath$2
Event: 15.454 loading class org/jetbrains/kotlin/gradle/internal/KaptTask$internalNonAbiClasspath$2 done
Event: 15.454 loading class org/jetbrains/kotlin/gradle/tasks/JarSearchingUtilKt
Event: 15.454 loading class org/jetbrains/kotlin/gradle/tasks/JarSearchingUtilKt done


Dynamic libraries:
0x00007ff729d50000 - 0x00007ff729d5a000 	C:\Program Files\Android\Android Studio\jre\bin\java.exe
0x00007ffb7e480000 - 0x00007ffb7e689000 	C:\Windows\SYSTEM32\ntdll.dll
0x00007ffb7d530000 - 0x00007ffb7d5ed000 	C:\Windows\System32\KERNEL32.DLL
0x00007ffb7ba10000 - 0x00007ffb7bd8c000 	C:\Windows\System32\KERNELBASE.dll
0x00007ffb7c130000 - 0x00007ffb7c241000 	C:\Windows\System32\ucrtbase.dll
0x00007ffb78be0000 - 0x00007ffb78bf7000 	C:\Program Files\Android\Android Studio\jre\bin\VCRUNTIME140.dll
0x00007ffb67120000 - 0x00007ffb67139000 	C:\Program Files\Android\Android Studio\jre\bin\jli.dll
0x00007ffb7daa0000 - 0x00007ffb7dc4d000 	C:\Windows\System32\USER32.dll
0x00007ffb690d0000 - 0x00007ffb69375000 	C:\Windows\WinSxS\amd64_microsoft.windows.common-controls_6595b64144ccf1df_6.0.22000.120_none_9d947278b86cc467\COMCTL32.dll
0x00007ffb7b960000 - 0x00007ffb7b986000 	C:\Windows\System32\win32u.dll
0x00007ffb7e410000 - 0x00007ffb7e439000 	C:\Windows\System32\GDI32.dll
0x00007ffb7c010000 - 0x00007ffb7c129000 	C:\Windows\System32\gdi32full.dll
0x00007ffb7bf00000 - 0x00007ffb7bf9d000 	C:\Windows\System32\msvcp_win.dll
0x00007ffb7dd40000 - 0x00007ffb7dde3000 	C:\Windows\System32\msvcrt.dll
0x00007ffb7d400000 - 0x00007ffb7d431000 	C:\Windows\System32\IMM32.DLL
0x00007ffb67080000 - 0x00007ffb6711d000 	C:\Program Files\Android\Android Studio\jre\bin\msvcp140.dll
0x00007ffb32570000 - 0x00007ffb33055000 	C:\Program Files\Android\Android Studio\jre\bin\server\jvm.dll
0x00007ffb7d5f0000 - 0x00007ffb7d69e000 	C:\Windows\System32\ADVAPI32.dll
0x00007ffb7d9a0000 - 0x00007ffb7da3e000 	C:\Windows\System32\sechost.dll
0x00007ffb7cf40000 - 0x00007ffb7d060000 	C:\Windows\System32\RPCRT4.dll
0x00007ffb7e3f0000 - 0x00007ffb7e3f8000 	C:\Windows\System32\PSAPI.DLL
0x00007ffb71920000 - 0x00007ffb71929000 	C:\Windows\SYSTEM32\WSOCK32.dll
0x00007ffb71ce0000 - 0x00007ffb71d13000 	C:\Windows\SYSTEM32\WINMM.dll
0x00007ffb70a90000 - 0x00007ffb70a9a000 	C:\Windows\SYSTEM32\VERSION.dll
0x00007ffb7cca0000 - 0x00007ffb7cd0f000 	C:\Windows\System32\WS2_32.dll
0x00007ffb7aa10000 - 0x00007ffb7aa28000 	C:\Windows\SYSTEM32\kernel.appcore.dll
0x00007ffb696e0000 - 0x00007ffb696f1000 	C:\Program Files\Android\Android Studio\jre\bin\verify.dll
0x00007ffb75970000 - 0x00007ffb75b91000 	C:\Windows\SYSTEM32\DBGHELP.DLL
0x00007ffb6f5c0000 - 0x00007ffb6f5f1000 	C:\Windows\SYSTEM32\dbgcore.DLL
0x00007ffb7b990000 - 0x00007ffb7ba0f000 	C:\Windows\System32\bcryptPrimitives.dll
0x00007ffb696b0000 - 0x00007ffb696d9000 	C:\Program Files\Android\Android Studio\jre\bin\java.dll
0x00007ffb6baa0000 - 0x00007ffb6baab000 	C:\Program Files\Android\Android Studio\jre\bin\jimage.dll
0x00007ffb65350000 - 0x00007ffb65368000 	C:\Program Files\Android\Android Studio\jre\bin\zip.dll
0x00007ffb7c310000 - 0x00007ffb7cac8000 	C:\Windows\System32\SHELL32.dll
0x00007ffb79a80000 - 0x00007ffb7a2e8000 	C:\Windows\SYSTEM32\windows.storage.dll
0x00007ffb7d080000 - 0x00007ffb7d3f9000 	C:\Windows\System32\combase.dll
0x00007ffb79910000 - 0x00007ffb79a76000 	C:\Windows\SYSTEM32\wintypes.dll
0x00007ffb7dc50000 - 0x00007ffb7dd3a000 	C:\Windows\System32\SHCORE.dll
0x00007ffb7d860000 - 0x00007ffb7d8bd000 	C:\Windows\System32\shlwapi.dll
0x00007ffb7b890000 - 0x00007ffb7b8b1000 	C:\Windows\SYSTEM32\profapi.dll
0x00007ffb64b80000 - 0x00007ffb64b9a000 	C:\Program Files\Android\Android Studio\jre\bin\net.dll
0x00007ffb76c60000 - 0x00007ffb76d6c000 	C:\Windows\SYSTEM32\WINHTTP.dll
0x00007ffb7ae30000 - 0x00007ffb7ae97000 	C:\Windows\system32\mswsock.dll
0x00007ffb63940000 - 0x00007ffb63954000 	C:\Program Files\Android\Android Studio\jre\bin\nio.dll
0x00007ffb67140000 - 0x00007ffb67167000 	C:\Users\Prathamesh\.gradle\native\e1d6ef7f7dcc3fd88c89a11ec53ec762bb8ba0a96d01ffa2cd45eb1d1d8dd5c5\windows-amd64\native-platform.dll
0x00007ffb473e0000 - 0x00007ffb47524000 	C:\Users\Prathamesh\.gradle\native\5664cfc778a61ccfe75a443a1ab52a65af34e5dc3c78e0209fed803814484fcb\windows-amd64\native-platform-file-events.dll
0x00007ffb697b0000 - 0x00007ffb697ba000 	C:\Program Files\Android\Android Studio\jre\bin\management.dll
0x00007ffb64b70000 - 0x00007ffb64b7d000 	C:\Program Files\Android\Android Studio\jre\bin\management_ext.dll
0x00007ffb7b110000 - 0x00007ffb7b128000 	C:\Windows\SYSTEM32\CRYPTSP.dll
0x00007ffb7a970000 - 0x00007ffb7a9a5000 	C:\Windows\system32\rsaenh.dll
0x00007ffb7aed0000 - 0x00007ffb7aef9000 	C:\Windows\SYSTEM32\USERENV.dll
0x00007ffb7b250000 - 0x00007ffb7b277000 	C:\Windows\SYSTEM32\bcrypt.dll
0x00007ffb7b020000 - 0x00007ffb7b02c000 	C:\Windows\SYSTEM32\CRYPTBASE.dll
0x00007ffb7a540000 - 0x00007ffb7a56d000 	C:\Windows\SYSTEM32\IPHLPAPI.DLL
0x00007ffb7de10000 - 0x00007ffb7de19000 	C:\Windows\System32\NSI.dll
0x00007ffb76ae0000 - 0x00007ffb76af9000 	C:\Windows\SYSTEM32\dhcpcsvc6.DLL
0x00007ffb76fb0000 - 0x00007ffb76fce000 	C:\Windows\SYSTEM32\dhcpcsvc.DLL
0x00007ffb7a570000 - 0x00007ffb7a658000 	C:\Windows\SYSTEM32\DNSAPI.dll
0x00007ffb320b0000 - 0x00007ffb320d7000 	C:\Program Files\Android\Android Studio\jre\bin\sunec.dll
0x00007ffb73980000 - 0x00007ffb7398a000 	C:\Windows\System32\rasadhlp.dll
0x00007ffb74dc0000 - 0x00007ffb74e41000 	C:\Windows\System32\fwpuclnt.dll

dbghelp: loaded successfully - version: 4.0.5 - missing functions: none
symbol engine: initialized successfully - sym options: 0x614 - pdb path: .;C:\Program Files\Android\Android Studio\jre\bin;C:\Windows\SYSTEM32;C:\Windows\WinSxS\amd64_microsoft.windows.common-controls_6595b64144ccf1df_6.0.22000.120_none_9d947278b86cc467;C:\Program Files\Android\Android Studio\jre\bin\server;C:\Users\Prathamesh\.gradle\native\e1d6ef7f7dcc3fd88c89a11ec53ec762bb8ba0a96d01ffa2cd45eb1d1d8dd5c5\windows-amd64;C:\Users\Prathamesh\.gradle\native\5664cfc778a61ccfe75a443a1ab52a65af34e5dc3c78e0209fed803814484fcb\windows-amd64

VM Arguments:
jvm_args: --add-opens=java.base/java.util=ALL-UNNAMED --add-opens=java.base/java.lang=ALL-UNNAMED --add-opens=java.base/java.lang.invoke=ALL-UNNAMED --add-opens=java.base/java.util=ALL-UNNAMED --add-opens=java.prefs/java.util.prefs=ALL-UNNAMED --add-opens=java.prefs/java.util.prefs=ALL-UNNAMED --add-opens=java.base/java.nio.charset=ALL-UNNAMED --add-opens=java.base/java.net=ALL-UNNAMED --add-opens=java.base/java.util.concurrent.atomic=ALL-UNNAMED -Xmx2048m -Dfile.encoding=UTF-8 -Duser.country=IN -Duser.language=en -Duser.variant 
java_command: org.gradle.launcher.daemon.bootstrap.GradleDaemon 7.3.3
java_class_path (initial): C:\Users\Prathamesh\.gradle\wrapper\dists\gradle-7.3.3-bin\6a41zxkdtcxs8rphpq6y0069z\gradle-7.3.3\lib\gradle-launcher-7.3.3.jar
Launcher Type: SUN_STANDARD

[Global flags]
     intx CICompilerCount                          = 3                                         {product} {ergonomic}
     uint ConcGCThreads                            = 2                                         {product} {ergonomic}
     uint G1ConcRefinementThreads                  = 6                                         {product} {ergonomic}
   size_t G1HeapRegionSize                         = 1048576                                   {product} {ergonomic}
    uintx GCDrainStackTargetSize                   = 64                                        {product} {ergonomic}
   size_t InitialHeapSize                          = 134217728                                 {product} {ergonomic}
   size_t MarkStackSize                            = 4194304                                   {product} {ergonomic}
   size_t MaxHeapSize                              = 2147483648                                {product} {command line}
   size_t MaxNewSize                               = 1287651328                                {product} {ergonomic}
   size_t MinHeapDeltaBytes                        = 1048576                                   {product} {ergonomic}
    uintx NonNMethodCodeHeapSize                   = 5830732                                {pd product} {ergonomic}
    uintx NonProfiledCodeHeapSize                  = 122913754                              {pd product} {ergonomic}
    uintx ProfiledCodeHeapSize                     = 122913754                              {pd product} {ergonomic}
    uintx ReservedCodeCacheSize                    = 251658240                              {pd product} {ergonomic}
     bool SegmentedCodeCache                       = true                                      {product} {ergonomic}
     bool UseCompressedClassPointers               = true                                 {lp64_product} {ergonomic}
     bool UseCompressedOops                        = true                                 {lp64_product} {ergonomic}
     bool UseG1GC                                  = true                                      {product} {ergonomic}
     bool UseLargePagesIndividualAllocation        = false                                  {pd product} {ergonomic}

Logging:
Log output configuration:
 #0: stdout all=warning uptime,level,tags
 #1: stderr all=off uptime,level,tags

Environment Variables:
PATH=C:\Program Files (x86)\Common Files\Oracle\Java\javapath;C:\Windows\system32;C:\Windows;C:\Windows\System32\Wbem;C:\Windows\System32\WindowsPowerShell\v1.0\;C:\Windows\System32\OpenSSH\;C:\Program Files\Git\cmd;C:\Program Files\Microsoft VS Code\bin;C:\Users\Prathamesh\AppData\Local\Microsoft\WindowsApps;
USERNAME=Prathamesh
OS=Windows_NT
PROCESSOR_IDENTIFIER=AMD64 Family 23 Model 113 Stepping 0, AuthenticAMD



---------------  S Y S T E M  ---------------

OS: Windows 10 , 64 bit Build 22000 (10.0.22000.708)
OS uptime: 0 days 0:21 hours
Hyper-V role detected

CPU:total 6 (initial active 6) (6 cores per cpu, 1 threads per core) family 23 model 113 stepping 0 microcode 0x0, cmov, cx8, fxsr, mmx, sse, sse2, sse3, ssse3, sse4.1, sse4.2, popcnt, avx, avx2, aes, clmul, mmxext, 3dnowpref, lzcnt, sse4a, tsc, tscinvbit, tscinv, bmi1, bmi2, adx, sha, fma

Memory: 4k page, system-wide physical 8117M (446M free)
TotalPageFile size 8117M (AvailPageFile size 3M)
current process WorkingSet (physical memory assigned to process): 514M, peak: 514M
current process commit charge ("private bytes"): 548M, peak: 548M

vm_info: OpenJDK 64-Bit Server VM (11.0.12+7-b1504.28-7817840) for windows-amd64 JRE (11.0.12+7-b1504.28-7817840), built on Oct 13 2021 22:12:33 by "builder" with MS VC++ 14.0 (VS2015)

END.
