#
# There is insufficient memory for the Java Runtime Environment to continue.
# Native memory allocation (malloc) failed to allocate 1332816 bytes for Chunk::new
# Possible reasons:
#   The system is out of physical RAM or swap space
#   The process is running with CompressedOops enabled, and the Java Heap may be blocking the growth of the native heap
# Possible solutions:
#   Reduce memory load on the system
#   Increase physical memory or swap space
#   Check if swap backing store is full
#   Decrease Java heap size (-Xmx/-Xms)
#   Decrease number of Java threads
#   Decrease Java thread stack sizes (-Xss)
#   Set larger code cache with -XX:ReservedCodeCacheSize=
#   JVM is running with Unscaled Compressed Oops mode in which the Java heap is
#     placed in the first 4GB address space. The Java Heap base address is the
#     maximum limit for the native heap growth. Please use -XX:HeapBaseMinAddress
#     to set the Java Heap base and to place the Java Heap above 4GB virtual address.
# This output file may be truncated or incomplete.
#
#  Out of Memory Error (./src/hotspot/share/memory/arena.cpp:197), pid=5492, tid=7484
#
# JRE version: OpenJDK Runtime Environment (11.0.12+7) (build 11.0.12+7-b1504.28-7817840)
# Java VM: OpenJDK 64-Bit Server VM (11.0.12+7-b1504.28-7817840, mixed mode, tiered, compressed oops, g1 gc, windows-amd64)
# No core dump will be written. Minidumps are not enabled by default on client versions of Windows
#

---------------  S U M M A R Y ------------

Command Line: --add-opens=java.base/java.util=ALL-UNNAMED --add-opens=java.base/java.lang=ALL-UNNAMED --add-opens=java.base/java.lang.invoke=ALL-UNNAMED --add-opens=java.base/java.util=ALL-UNNAMED --add-opens=java.prefs/java.util.prefs=ALL-UNNAMED --add-opens=java.prefs/java.util.prefs=ALL-UNNAMED --add-opens=java.base/java.nio.charset=ALL-UNNAMED --add-opens=java.base/java.net=ALL-UNNAMED --add-opens=java.base/java.util.concurrent.atomic=ALL-UNNAMED -Xmx2048m -Dfile.encoding=UTF-8 -Duser.country=IN -Duser.language=en -Duser.variant org.gradle.launcher.daemon.bootstrap.GradleDaemon 7.3.3

Host: AMD Ryzen 5 3500 6-Core Processor              , 6 cores, 7G,  Windows 10 , 64 bit Build 22000 (10.0.22000.708)
Time: Mon Oct 10 15:42:35 2022 India Standard Time elapsed time: 10.289949 seconds (0d 0h 0m 10s)

---------------  T H R E A D  ---------------

Current thread (0x0000022c3684f000):  JavaThread "C2 CompilerThread0" daemon [_thread_in_native, id=7484, stack(0x000000d342b00000,0x000000d342c00000)]


Current CompileTask:
C2:  10289 11373       4       java.lang.reflect.Method::invoke (65 bytes)

Stack: [0x000000d342b00000,0x000000d342c00000]
Native frames: (J=compiled Java code, j=interpreted, Vv=VM code, C=native code)
V  [jvm.dll+0x5fbcea]
V  [jvm.dll+0x731905]
V  [jvm.dll+0x732f1d]
V  [jvm.dll+0x7335d3]
V  [jvm.dll+0x247bf8]
V  [jvm.dll+0xc018c]
V  [jvm.dll+0xc06cc]
V  [jvm.dll+0x35b2db]
V  [jvm.dll+0x19cebc]
V  [jvm.dll+0x20070e]
V  [jvm.dll+0x1ff794]
V  [jvm.dll+0x18868c]
V  [jvm.dll+0x20e0d7]
V  [jvm.dll+0x20c901]
V  [jvm.dll+0x6f9b7f]
V  [jvm.dll+0x6f26a5]
V  [jvm.dll+0x5fabf6]
C  [ucrtbase.dll+0x26c0c]
C  [KERNEL32.DLL+0x154e0]
C  [ntdll.dll+0x485b]


---------------  P R O C E S S  ---------------

Threads class SMR info:
_java_thread_list=0x0000022c3eb75610, length=102, elements={
0x0000022c1c7cb000, 0x0000022c36829000, 0x0000022c3682a800, 0x0000022c371b2800,
0x0000022c3684a800, 0x0000022c3684b800, 0x0000022c3684f000, 0x0000022c36856000,
0x0000022c36862800, 0x0000022c37306000, 0x0000022c3758c800, 0x0000022c38812800,
0x0000022c37e1c000, 0x0000022c3952b800, 0x0000022c3808e000, 0x0000022c39431800,
0x0000022c391c0800, 0x0000022c391c1000, 0x0000022c3993a000, 0x0000022c39333000,
0x0000022c391b5000, 0x0000022c391b7000, 0x0000022c391b4800, 0x0000022c391b8800,
0x0000022c391b9000, 0x0000022c391b6000, 0x0000022c391b7800, 0x0000022c391ba000,
0x0000022c391bb000, 0x0000022c3b433800, 0x0000022c3b434000, 0x0000022c3b431800,
0x0000022c3b436000, 0x0000022c3b436800, 0x0000022c3b438800, 0x0000022c3b435000,
0x0000022c3b437800, 0x0000022c3b439000, 0x0000022c3b43c800, 0x0000022c3b43a800,
0x0000022c3b43d000, 0x0000022c3b43b800, 0x0000022c3b43a000, 0x0000022c3b43e000,
0x0000022c3b43f000, 0x0000022c3b440800, 0x0000022c3df94800, 0x0000022c3df98800,
0x0000022c3df96000, 0x0000022c3df93000, 0x0000022c3df93800, 0x0000022c3df97000,
0x0000022c3df9a800, 0x0000022c3df9b000, 0x0000022c3df95800, 0x0000022c3df9c000,
0x0000022c3df9c800, 0x0000022c3df9d800, 0x0000022c3df98000, 0x0000022c3df9e800,
0x0000022c3df9f000, 0x0000022c3df99800, 0x0000022c3dfa0000, 0x0000022c3dfa1000,
0x0000022c3dfa1800, 0x0000022c3d595000, 0x0000022c3d59a000, 0x0000022c3d594000,
0x0000022c3d599000, 0x0000022c3d59a800, 0x0000022c3d597800, 0x0000022c3d598800,
0x0000022c3d59b800, 0x0000022c3d596000, 0x0000022c3d59c800, 0x0000022c3d596800,
0x0000022c3d5a2000, 0x0000022c3d59d000, 0x0000022c3d59f800, 0x0000022c3d59e000,
0x0000022c3d59f000, 0x0000022c3d5a0800, 0x0000022c3d5a1000, 0x0000022c3d5a3000,
0x0000022c3e02a800, 0x0000022c3e02b800, 0x0000022c3e02d000, 0x0000022c3e029800,
0x0000022c3e02e000, 0x0000022c3e02e800, 0x0000022c3e02c000, 0x0000022c3e029000,
0x0000022c3e035000, 0x0000022c3e032800, 0x0000022c3e02f800, 0x0000022c3e033800,
0x0000022c3e036000, 0x0000022c3e032000, 0x0000022c3e034800, 0x0000022c3e030800,
0x0000022c3e037000, 0x0000022c3e9a6800
}

Java Threads: ( => current thread )
  0x0000022c1c7cb000 JavaThread "main" [_thread_blocked, id=7828, stack(0x000000d341f00000,0x000000d342000000)]
  0x0000022c36829000 JavaThread "Reference Handler" daemon [_thread_blocked, id=5804, stack(0x000000d342600000,0x000000d342700000)]
  0x0000022c3682a800 JavaThread "Finalizer" daemon [_thread_blocked, id=4700, stack(0x000000d342700000,0x000000d342800000)]
  0x0000022c371b2800 JavaThread "Signal Dispatcher" daemon [_thread_blocked, id=11888, stack(0x000000d342800000,0x000000d342900000)]
  0x0000022c3684a800 JavaThread "Attach Listener" daemon [_thread_blocked, id=3280, stack(0x000000d342900000,0x000000d342a00000)]
  0x0000022c3684b800 JavaThread "Service Thread" daemon [_thread_blocked, id=3728, stack(0x000000d342a00000,0x000000d342b00000)]
=>0x0000022c3684f000 JavaThread "C2 CompilerThread0" daemon [_thread_in_native, id=7484, stack(0x000000d342b00000,0x000000d342c00000)]
  0x0000022c36856000 JavaThread "C1 CompilerThread0" daemon [_thread_blocked, id=12356, stack(0x000000d342c00000,0x000000d342d00000)]
  0x0000022c36862800 JavaThread "Sweeper thread" daemon [_thread_blocked, id=3992, stack(0x000000d342d00000,0x000000d342e00000)]
  0x0000022c37306000 JavaThread "Common-Cleaner" daemon [_thread_blocked, id=11412, stack(0x000000d342e00000,0x000000d342f00000)]
  0x0000022c3758c800 JavaThread "C2 CompilerThread1" daemon [_thread_in_native, id=12452, stack(0x000000d343000000,0x000000d343100000)]
  0x0000022c38812800 JavaThread "Daemon health stats" [_thread_blocked, id=9472, stack(0x000000d343300000,0x000000d343400000)]
  0x0000022c37e1c000 JavaThread "Incoming local TCP Connector on port 56873" [_thread_in_native, id=2704, stack(0x000000d343400000,0x000000d343500000)]
  0x0000022c3952b800 JavaThread "Daemon periodic checks" [_thread_blocked, id=11256, stack(0x000000d343800000,0x000000d343900000)]
  0x0000022c3808e000 JavaThread "Daemon" [_thread_blocked, id=12704, stack(0x000000d343900000,0x000000d343a00000)]
  0x0000022c39431800 JavaThread "Handler for socket connection from /127.0.0.1:56873 to /127.0.0.1:56874" [_thread_in_native, id=2468, stack(0x000000d343a00000,0x000000d343b00000)]
  0x0000022c391c0800 JavaThread "Cancel handler" [_thread_blocked, id=6840, stack(0x000000d343b00000,0x000000d343c00000)]
  0x0000022c391c1000 JavaThread "Daemon worker" [_thread_in_vm, id=11612, stack(0x000000d343c00000,0x000000d343d00000)]
  0x0000022c3993a000 JavaThread "Asynchronous log dispatcher for DefaultDaemonConnection: socket connection from /127.0.0.1:56873 to /127.0.0.1:56874" [_thread_blocked, id=5360, stack(0x000000d343d00000,0x000000d343e00000)]
  0x0000022c39333000 JavaThread "Stdin handler" [_thread_blocked, id=1936, stack(0x000000d343e00000,0x000000d343f00000)]
  0x0000022c391b5000 JavaThread "Daemon client event forwarder" [_thread_blocked, id=12184, stack(0x000000d343f00000,0x000000d344000000)]
  0x0000022c391b7000 JavaThread "Cache worker for journal cache (C:\Users\Prathamesh\.gradle\caches\journal-1)" [_thread_blocked, id=1620, stack(0x000000d344000000,0x000000d344100000)]
  0x0000022c391b4800 JavaThread "File lock request listener" [_thread_in_native, id=5596, stack(0x000000d344100000,0x000000d344200000)]
  0x0000022c391b8800 JavaThread "Cache worker for file hash cache (C:\Users\Prathamesh\.gradle\caches\7.3.3\fileHashes)" [_thread_blocked, id=12908, stack(0x000000d344300000,0x000000d344400000)]
  0x0000022c391b9000 JavaThread "Cache worker for file hash cache (D:\Jobs\DuoLop\Camera\.gradle\7.3.3\fileHashes)" [_thread_blocked, id=10824, stack(0x000000d344400000,0x000000d344500000)]
  0x0000022c391b6000 JavaThread "File watcher server" daemon [_thread_in_native, id=12804, stack(0x000000d344500000,0x000000d344600000)]
  0x0000022c391b7800 JavaThread "File watcher consumer" daemon [_thread_blocked, id=5356, stack(0x000000d344600000,0x000000d344700000)]
  0x0000022c391ba000 JavaThread "jar transforms" [_thread_blocked, id=1216, stack(0x000000d344700000,0x000000d344800000)]
  0x0000022c391bb000 JavaThread "jar transforms Thread 2" [_thread_blocked, id=5232, stack(0x000000d344800000,0x000000d344900000)]
  0x0000022c3b433800 JavaThread "jar transforms Thread 3" [_thread_blocked, id=1700, stack(0x000000d344900000,0x000000d344a00000)]
  0x0000022c3b434000 JavaThread "jar transforms Thread 4" [_thread_blocked, id=11724, stack(0x000000d344a00000,0x000000d344b00000)]
  0x0000022c3b431800 JavaThread "jar transforms Thread 5" [_thread_blocked, id=11484, stack(0x000000d344b00000,0x000000d344c00000)]
  0x0000022c3b436000 JavaThread "jar transforms Thread 6" [_thread_blocked, id=5084, stack(0x000000d344c00000,0x000000d344d00000)]
  0x0000022c3b436800 JavaThread "Cache worker for checksums cache (D:\Jobs\DuoLop\Camera\.gradle\7.3.3\checksums)" [_thread_blocked, id=6224, stack(0x000000d344d00000,0x000000d344e00000)]
  0x0000022c3b438800 JavaThread "Cache worker for cache directory md-supplier (C:\Users\Prathamesh\.gradle\caches\7.3.3\md-supplier)" [_thread_blocked, id=1908, stack(0x000000d344e00000,0x000000d344f00000)]
  0x0000022c3b435000 JavaThread "Cache worker for cache directory md-rule (C:\Users\Prathamesh\.gradle\caches\7.3.3\md-rule)" [_thread_blocked, id=2540, stack(0x000000d344f00000,0x000000d345000000)]
  0x0000022c3b437800 JavaThread "Cache worker for execution history cache (C:\Users\Prathamesh\.gradle\caches\7.3.3\executionHistory)" [_thread_blocked, id=1464, stack(0x000000d345000000,0x000000d345100000)]
  0x0000022c3b439000 JavaThread "Cache worker for file content cache (C:\Users\Prathamesh\.gradle\caches\7.3.3\fileContent)" [_thread_blocked, id=11332, stack(0x000000d345100000,0x000000d345200000)]
  0x0000022c3b43c800 JavaThread "Cache worker for dependencies-accessors (D:\Jobs\DuoLop\Camera\.gradle\7.3.3\dependencies-accessors)" [_thread_blocked, id=13128, stack(0x000000d345200000,0x000000d345300000)]
  0x0000022c3b43a800 JavaThread "Cache worker for Build Output Cleanup Cache (D:\Jobs\DuoLop\Camera\.gradle\buildOutputCleanup)" [_thread_blocked, id=4488, stack(0x000000d345300000,0x000000d345400000)]
  0x0000022c3b43d000 JavaThread "Unconstrained build operations" [_thread_blocked, id=11356, stack(0x000000d345400000,0x000000d345500000)]
  0x0000022c3b43b800 JavaThread "Unconstrained build operations Thread 2" [_thread_blocked, id=13276, stack(0x000000d345500000,0x000000d345600000)]
  0x0000022c3b43a000 JavaThread "Unconstrained build operations Thread 3" [_thread_blocked, id=4608, stack(0x000000d345600000,0x000000d345700000)]
  0x0000022c3b43e000 JavaThread "Unconstrained build operations Thread 4" [_thread_blocked, id=1460, stack(0x000000d345700000,0x000000d345800000)]
  0x0000022c3b43f000 JavaThread "Unconstrained build operations Thread 5" [_thread_blocked, id=13196, stack(0x000000d345800000,0x000000d345900000)]
  0x0000022c3b440800 JavaThread "Unconstrained build operations Thread 6" [_thread_blocked, id=12156, stack(0x000000d345900000,0x000000d345a00000)]
  0x0000022c3df94800 JavaThread "Unconstrained build operations Thread 7" [_thread_blocked, id=7284, stack(0x000000d345a00000,0x000000d345b00000)]
  0x0000022c3df98800 JavaThread "Unconstrained build operations Thread 8" [_thread_blocked, id=10280, stack(0x000000d345b00000,0x000000d345c00000)]
  0x0000022c3df96000 JavaThread "Unconstrained build operations Thread 9" [_thread_blocked, id=6672, stack(0x000000d345c00000,0x000000d345d00000)]
  0x0000022c3df93000 JavaThread "Unconstrained build operations Thread 10" [_thread_blocked, id=5396, stack(0x000000d345d00000,0x000000d345e00000)]
  0x0000022c3df93800 JavaThread "Unconstrained build operations Thread 11" [_thread_blocked, id=7932, stack(0x000000d345e00000,0x000000d345f00000)]
  0x0000022c3df97000 JavaThread "Unconstrained build operations Thread 12" [_thread_blocked, id=4584, stack(0x000000d345f00000,0x000000d346000000)]
  0x0000022c3df9a800 JavaThread "Unconstrained build operations Thread 13" [_thread_blocked, id=12148, stack(0x000000d346000000,0x000000d346100000)]
  0x0000022c3df9b000 JavaThread "Unconstrained build operations Thread 14" [_thread_blocked, id=9068, stack(0x000000d346100000,0x000000d346200000)]
  0x0000022c3df95800 JavaThread "Unconstrained build operations Thread 15" [_thread_blocked, id=6768, stack(0x000000d346200000,0x000000d346300000)]
  0x0000022c3df9c000 JavaThread "Unconstrained build operations Thread 16" [_thread_blocked, id=11476, stack(0x000000d346300000,0x000000d346400000)]
  0x0000022c3df9c800 JavaThread "Unconstrained build operations Thread 17" [_thread_blocked, id=12136, stack(0x000000d346400000,0x000000d346500000)]
  0x0000022c3df9d800 JavaThread "Unconstrained build operations Thread 18" [_thread_blocked, id=12056, stack(0x000000d346500000,0x000000d346600000)]
  0x0000022c3df98000 JavaThread "Unconstrained build operations Thread 19" [_thread_blocked, id=12780, stack(0x000000d346600000,0x000000d346700000)]
  0x0000022c3df9e800 JavaThread "Unconstrained build operations Thread 20" [_thread_blocked, id=6536, stack(0x000000d346700000,0x000000d346800000)]
  0x0000022c3df9f000 JavaThread "Unconstrained build operations Thread 21" [_thread_blocked, id=6452, stack(0x000000d346800000,0x000000d346900000)]
  0x0000022c3df99800 JavaThread "Unconstrained build operations Thread 22" [_thread_blocked, id=9052, stack(0x000000d346900000,0x000000d346a00000)]
  0x0000022c3dfa0000 JavaThread "Unconstrained build operations Thread 23" [_thread_blocked, id=12328, stack(0x000000d346a00000,0x000000d346b00000)]
  0x0000022c3dfa1000 JavaThread "Unconstrained build operations Thread 24" [_thread_blocked, id=12308, stack(0x000000d346b00000,0x000000d346c00000)]
  0x0000022c3dfa1800 JavaThread "Unconstrained build operations Thread 25" [_thread_blocked, id=6388, stack(0x000000d346c00000,0x000000d346d00000)]
  0x0000022c3d595000 JavaThread "Unconstrained build operations Thread 26" [_thread_blocked, id=5504, stack(0x000000d346d00000,0x000000d346e00000)]
  0x0000022c3d59a000 JavaThread "Unconstrained build operations Thread 27" [_thread_blocked, id=6496, stack(0x000000d346e00000,0x000000d346f00000)]
  0x0000022c3d594000 JavaThread "Unconstrained build operations Thread 28" [_thread_blocked, id=11544, stack(0x000000d346f00000,0x000000d347000000)]
  0x0000022c3d599000 JavaThread "Unconstrained build operations Thread 29" [_thread_blocked, id=7768, stack(0x000000d347000000,0x000000d347100000)]
  0x0000022c3d59a800 JavaThread "Unconstrained build operations Thread 30" [_thread_blocked, id=3708, stack(0x000000d347100000,0x000000d347200000)]
  0x0000022c3d597800 JavaThread "Unconstrained build operations Thread 31" [_thread_blocked, id=8092, stack(0x000000d347200000,0x000000d347300000)]
  0x0000022c3d598800 JavaThread "Unconstrained build operations Thread 32" [_thread_blocked, id=3076, stack(0x000000d347300000,0x000000d347400000)]
  0x0000022c3d59b800 JavaThread "Unconstrained build operations Thread 33" [_thread_blocked, id=1508, stack(0x000000d347400000,0x000000d347500000)]
  0x0000022c3d596000 JavaThread "Unconstrained build operations Thread 34" [_thread_blocked, id=5604, stack(0x000000d347500000,0x000000d347600000)]
  0x0000022c3d59c800 JavaThread "Unconstrained build operations Thread 35" [_thread_blocked, id=11120, stack(0x000000d347600000,0x000000d347700000)]
  0x0000022c3d596800 JavaThread "Unconstrained build operations Thread 36" [_thread_blocked, id=2172, stack(0x000000d347700000,0x000000d347800000)]
  0x0000022c3d5a2000 JavaThread "Unconstrained build operations Thread 37" [_thread_blocked, id=13308, stack(0x000000d347800000,0x000000d347900000)]
  0x0000022c3d59d000 JavaThread "Unconstrained build operations Thread 38" [_thread_blocked, id=2528, stack(0x000000d347900000,0x000000d347a00000)]
  0x0000022c3d59f800 JavaThread "Unconstrained build operations Thread 39" [_thread_blocked, id=10656, stack(0x000000d347a00000,0x000000d347b00000)]
  0x0000022c3d59e000 JavaThread "Unconstrained build operations Thread 40" [_thread_blocked, id=8216, stack(0x000000d347b00000,0x000000d347c00000)]
  0x0000022c3d59f000 JavaThread "Unconstrained build operations Thread 41" [_thread_blocked, id=12792, stack(0x000000d347c00000,0x000000d347d00000)]
  0x0000022c3d5a0800 JavaThread "Unconstrained build operations Thread 42" [_thread_blocked, id=3256, stack(0x000000d347d00000,0x000000d347e00000)]
  0x0000022c3d5a1000 JavaThread "Unconstrained build operations Thread 43" [_thread_blocked, id=8460, stack(0x000000d347e00000,0x000000d347f00000)]
  0x0000022c3d5a3000 JavaThread "Unconstrained build operations Thread 44" [_thread_blocked, id=8860, stack(0x000000d347f00000,0x000000d348000000)]
  0x0000022c3e02a800 JavaThread "Unconstrained build operations Thread 45" [_thread_blocked, id=6372, stack(0x000000d348000000,0x000000d348100000)]
  0x0000022c3e02b800 JavaThread "Unconstrained build operations Thread 46" [_thread_blocked, id=3368, stack(0x000000d348100000,0x000000d348200000)]
  0x0000022c3e02d000 JavaThread "Unconstrained build operations Thread 47" [_thread_blocked, id=8124, stack(0x000000d348200000,0x000000d348300000)]
  0x0000022c3e029800 JavaThread "Unconstrained build operations Thread 48" [_thread_blocked, id=2072, stack(0x000000d348300000,0x000000d348400000)]
  0x0000022c3e02e000 JavaThread "Unconstrained build operations Thread 49" [_thread_blocked, id=11568, stack(0x000000d348400000,0x000000d348500000)]
  0x0000022c3e02e800 JavaThread "Unconstrained build operations Thread 50" [_thread_blocked, id=2300, stack(0x000000d348500000,0x000000d348600000)]
  0x0000022c3e02c000 JavaThread "Unconstrained build operations Thread 51" [_thread_blocked, id=10884, stack(0x000000d348600000,0x000000d348700000)]
  0x0000022c3e029000 JavaThread "Unconstrained build operations Thread 52" [_thread_blocked, id=10156, stack(0x000000d348700000,0x000000d348800000)]
  0x0000022c3e035000 JavaThread "Unconstrained build operations Thread 53" [_thread_blocked, id=12656, stack(0x000000d348800000,0x000000d348900000)]
  0x0000022c3e032800 JavaThread "Unconstrained build operations Thread 54" [_thread_blocked, id=1980, stack(0x000000d348900000,0x000000d348a00000)]
  0x0000022c3e02f800 JavaThread "Unconstrained build operations Thread 55" [_thread_blocked, id=5980, stack(0x000000d348a00000,0x000000d348b00000)]
  0x0000022c3e033800 JavaThread "Unconstrained build operations Thread 56" [_thread_blocked, id=13032, stack(0x000000d348b00000,0x000000d348c00000)]
  0x0000022c3e036000 JavaThread "Unconstrained build operations Thread 57" [_thread_blocked, id=11020, stack(0x000000d348c00000,0x000000d348d00000)]
  0x0000022c3e032000 JavaThread "Unconstrained build operations Thread 58" [_thread_blocked, id=12464, stack(0x000000d348d00000,0x000000d348e00000)]
  0x0000022c3e034800 JavaThread "Unconstrained build operations Thread 59" [_thread_blocked, id=4704, stack(0x000000d348e00000,0x000000d348f00000)]
  0x0000022c3e030800 JavaThread "Unconstrained build operations Thread 60" [_thread_blocked, id=9024, stack(0x000000d348f00000,0x000000d349000000)]
  0x0000022c3e037000 JavaThread "Memory manager" [_thread_blocked, id=7708, stack(0x000000d349000000,0x000000d349100000)]
  0x0000022c3e9a6800 JavaThread "Cache worker for execution history cache (D:\Jobs\DuoLop\Camera\.gradle\7.3.3\executionHistory)" [_thread_blocked, id=10904, stack(0x000000d349600000,0x000000d349700000)]

Other Threads:
  0x0000022c36827800 VMThread "VM Thread" [stack: 0x000000d342500000,0x000000d342600000] [id=10444]
  0x0000022c3732d800 WatcherThread [stack: 0x000000d342f00000,0x000000d343000000] [id=11904]
  0x0000022c1c7e4000 GCTaskThread "GC Thread#0" [stack: 0x000000d342000000,0x000000d342100000] [id=6580]
  0x0000022c37d6e000 GCTaskThread "GC Thread#1" [stack: 0x000000d343100000,0x000000d343200000] [id=6544]
  0x0000022c37aac800 GCTaskThread "GC Thread#2" [stack: 0x000000d343200000,0x000000d343300000] [id=7688]
  0x0000022c398d7000 GCTaskThread "GC Thread#3" [stack: 0x000000d343500000,0x000000d343600000] [id=9684]
  0x0000022c38614000 GCTaskThread "GC Thread#4" [stack: 0x000000d343600000,0x000000d343700000] [id=4556]
  0x0000022c3876b800 GCTaskThread "GC Thread#5" [stack: 0x000000d343700000,0x000000d343800000] [id=808]
  0x0000022c1c819000 ConcurrentGCThread "G1 Main Marker" [stack: 0x000000d342100000,0x000000d342200000] [id=8532]
  0x0000022c1c81b000 ConcurrentGCThread "G1 Conc#0" [stack: 0x000000d342200000,0x000000d342300000] [id=7480]
  0x0000022c393af800 ConcurrentGCThread "G1 Conc#1" [stack: 0x000000d344200000,0x000000d344300000] [id=3392]
  0x0000022c1c8a3000 ConcurrentGCThread "G1 Refine#0" [stack: 0x000000d342300000,0x000000d342400000] [id=3856]
  0x0000022c1c8a6000 ConcurrentGCThread "G1 Young RemSet Sampling" [stack: 0x000000d342400000,0x000000d342500000] [id=11092]

Threads with active compile tasks:
C2 CompilerThread0  10299 11373       4       java.lang.reflect.Method::invoke (65 bytes)
C2 CompilerThread1  10299 11469 %     4       org.gradle.internal.instantiation.generator.AbstractClassGenerator::inspectType @ 250 (560 bytes)

VM state:not at safepoint (normal execution)

VM Mutex/Monitor currently owned by a thread: None

Heap address: 0x0000000080000000, size: 2048 MB, Compressed Oops mode: 32-bit
Narrow klass base: 0x0000000000000000, Narrow klass shift: 3
Compressed class space size: 1073741824 Address: 0x0000000100000000

Heap:
 garbage-first heap   total 273408K, used 133012K [0x0000000080000000, 0x0000000100000000)
  region size 1024K, 15 young (15360K), 7 survivors (7168K)
 Metaspace       used 101395K, capacity 103806K, committed 104012K, reserved 1138688K
  class space    used 13004K, capacity 13900K, committed 13976K, reserved 1048576K
Heap Regions: E=young(eden), S=young(survivor), O=old, HS=humongous(starts), HC=humongous(continues), CS=collection set, F=free, A=archive, TAMS=top-at-mark-start (previous, next)
|   0|0x0000000080000000, 0x0000000080100000, 0x0000000080100000|100%| O|  |TAMS 0x0000000080100000, 0x0000000080000000| Untracked 
|   1|0x0000000080100000, 0x0000000080200000, 0x0000000080200000|100%| O|  |TAMS 0x0000000080200000, 0x0000000080100000| Untracked 
|   2|0x0000000080200000, 0x0000000080300000, 0x0000000080300000|100%| O|  |TAMS 0x0000000080300000, 0x0000000080200000| Untracked 
|   3|0x0000000080300000, 0x0000000080400000, 0x0000000080400000|100%|HS|  |TAMS 0x0000000080400000, 0x0000000080300000| Complete 
|   4|0x0000000080400000, 0x0000000080500000, 0x0000000080500000|100%|HC|  |TAMS 0x0000000080500000, 0x0000000080400000| Complete 
|   5|0x0000000080500000, 0x0000000080600000, 0x0000000080600000|100%|HC|  |TAMS 0x0000000080600000, 0x0000000080500000| Complete 
|   6|0x0000000080600000, 0x0000000080700000, 0x0000000080700000|100%| O|  |TAMS 0x0000000080700000, 0x0000000080600000| Untracked 
|   7|0x0000000080700000, 0x0000000080800000, 0x0000000080800000|100%| O|  |TAMS 0x0000000080800000, 0x0000000080700000| Untracked 
|   8|0x0000000080800000, 0x0000000080900000, 0x0000000080900000|100%| O|  |TAMS 0x0000000080900000, 0x0000000080800000| Untracked 
|   9|0x0000000080900000, 0x0000000080a00000, 0x0000000080a00000|100%| O|  |TAMS 0x0000000080a00000, 0x0000000080900000| Untracked 
|  10|0x0000000080a00000, 0x0000000080b00000, 0x0000000080b00000|100%| O|  |TAMS 0x0000000080b00000, 0x0000000080a00000| Untracked 
|  11|0x0000000080b00000, 0x0000000080c00000, 0x0000000080c00000|100%| O|  |TAMS 0x0000000080c00000, 0x0000000080b00000| Untracked 
|  12|0x0000000080c00000, 0x0000000080d00000, 0x0000000080d00000|100%| O|  |TAMS 0x0000000080d00000, 0x0000000080c00000| Untracked 
|  13|0x0000000080d00000, 0x0000000080e00000, 0x0000000080e00000|100%| O|  |TAMS 0x0000000080e00000, 0x0000000080d00000| Untracked 
|  14|0x0000000080e00000, 0x0000000080f00000, 0x0000000080f00000|100%| O|  |TAMS 0x0000000080f00000, 0x0000000080e00000| Untracked 
|  15|0x0000000080f00000, 0x0000000081000000, 0x0000000081000000|100%| O|  |TAMS 0x0000000081000000, 0x0000000080f00000| Untracked 
|  16|0x0000000081000000, 0x0000000081100000, 0x0000000081100000|100%|HS|  |TAMS 0x0000000081100000, 0x0000000081000000| Complete 
|  17|0x0000000081100000, 0x0000000081200000, 0x0000000081200000|100%|HC|  |TAMS 0x0000000081200000, 0x0000000081100000| Complete 
|  18|0x0000000081200000, 0x0000000081300000, 0x0000000081300000|100%|HS|  |TAMS 0x0000000081300000, 0x0000000081200000| Complete 
|  19|0x0000000081300000, 0x0000000081400000, 0x0000000081400000|100%|HC|  |TAMS 0x0000000081400000, 0x0000000081300000| Complete 
|  20|0x0000000081400000, 0x0000000081500000, 0x0000000081500000|100%|HC|  |TAMS 0x0000000081500000, 0x0000000081400000| Complete 
|  21|0x0000000081500000, 0x0000000081600000, 0x0000000081600000|100%|HS|  |TAMS 0x0000000081600000, 0x0000000081500000| Complete 
|  22|0x0000000081600000, 0x0000000081700000, 0x0000000081700000|100%|HS|  |TAMS 0x0000000081700000, 0x0000000081600000| Complete 
|  23|0x0000000081700000, 0x0000000081800000, 0x0000000081800000|100%|HC|  |TAMS 0x0000000081800000, 0x0000000081700000| Complete 
|  24|0x0000000081800000, 0x0000000081900000, 0x0000000081900000|100%|HC|  |TAMS 0x0000000081900000, 0x0000000081800000| Complete 
|  25|0x0000000081900000, 0x0000000081a00000, 0x0000000081a00000|100%|HC|  |TAMS 0x0000000081a00000, 0x0000000081900000| Complete 
|  26|0x0000000081a00000, 0x0000000081b00000, 0x0000000081b00000|100%| O|  |TAMS 0x0000000081b00000, 0x0000000081a00000| Untracked 
|  27|0x0000000081b00000, 0x0000000081c00000, 0x0000000081c00000|100%| O|  |TAMS 0x0000000081c00000, 0x0000000081b00000| Untracked 
|  28|0x0000000081c00000, 0x0000000081d00000, 0x0000000081d00000|100%| O|  |TAMS 0x0000000081d00000, 0x0000000081c00000| Untracked 
|  29|0x0000000081d00000, 0x0000000081e00000, 0x0000000081e00000|100%| O|  |TAMS 0x0000000081e00000, 0x0000000081d00000| Untracked 
|  30|0x0000000081e00000, 0x0000000081f00000, 0x0000000081f00000|100%| O|  |TAMS 0x0000000081f00000, 0x0000000081e00000| Untracked 
|  31|0x0000000081f00000, 0x0000000082000000, 0x0000000082000000|100%| O|  |TAMS 0x0000000082000000, 0x0000000081f00000| Untracked 
|  32|0x0000000082000000, 0x0000000082100000, 0x0000000082100000|100%| O|  |TAMS 0x0000000082100000, 0x0000000082000000| Untracked 
|  33|0x0000000082100000, 0x0000000082200000, 0x0000000082200000|100%| O|  |TAMS 0x0000000082200000, 0x0000000082100000| Untracked 
|  34|0x0000000082200000, 0x0000000082300000, 0x0000000082300000|100%|HS|  |TAMS 0x0000000082300000, 0x0000000082200000| Complete 
|  35|0x0000000082300000, 0x0000000082400000, 0x0000000082400000|100%|HS|  |TAMS 0x0000000082400000, 0x0000000082300000| Complete 
|  36|0x0000000082400000, 0x0000000082500000, 0x0000000082500000|100%|HC|  |TAMS 0x0000000082500000, 0x0000000082400000| Complete 
|  37|0x0000000082500000, 0x0000000082600000, 0x0000000082600000|100%|HC|  |TAMS 0x0000000082600000, 0x0000000082500000| Complete 
|  38|0x0000000082600000, 0x0000000082700000, 0x0000000082700000|100%|HS|  |TAMS 0x0000000082700000, 0x0000000082600000| Complete 
|  39|0x0000000082700000, 0x0000000082800000, 0x0000000082800000|100%| O|  |TAMS 0x0000000082800000, 0x0000000082700000| Untracked 
|  40|0x0000000082800000, 0x0000000082900000, 0x0000000082900000|100%| O|  |TAMS 0x0000000082900000, 0x0000000082800000| Untracked 
|  41|0x0000000082900000, 0x0000000082a00000, 0x0000000082a00000|100%| O|  |TAMS 0x0000000082a00000, 0x0000000082900000| Untracked 
|  42|0x0000000082a00000, 0x0000000082b00000, 0x0000000082b00000|100%| O|  |TAMS 0x0000000082b00000, 0x0000000082a00000| Untracked 
|  43|0x0000000082b00000, 0x0000000082c00000, 0x0000000082c00000|100%| O|  |TAMS 0x0000000082c00000, 0x0000000082b00000| Untracked 
|  44|0x0000000082c00000, 0x0000000082d00000, 0x0000000082d00000|100%| O|  |TAMS 0x0000000082d00000, 0x0000000082c00000| Untracked 
|  45|0x0000000082d00000, 0x0000000082e00000, 0x0000000082e00000|100%|HS|  |TAMS 0x0000000082e00000, 0x0000000082d00000| Complete 
|  46|0x0000000082e00000, 0x0000000082f00000, 0x0000000082f00000|100%|HC|  |TAMS 0x0000000082f00000, 0x0000000082e00000| Complete 
|  47|0x0000000082f00000, 0x0000000083000000, 0x0000000083000000|100%|HC|  |TAMS 0x0000000083000000, 0x0000000082f00000| Complete 
|  48|0x0000000083000000, 0x0000000083100000, 0x0000000083100000|100%|HC|  |TAMS 0x0000000083100000, 0x0000000083000000| Complete 
|  49|0x0000000083100000, 0x0000000083200000, 0x0000000083200000|100%|HS|  |TAMS 0x0000000083200000, 0x0000000083100000| Complete 
|  50|0x0000000083200000, 0x0000000083300000, 0x0000000083300000|100%|HS|  |TAMS 0x0000000083300000, 0x0000000083200000| Complete 
|  51|0x0000000083300000, 0x0000000083400000, 0x0000000083400000|100%|HS|  |TAMS 0x0000000083400000, 0x0000000083300000| Complete 
|  52|0x0000000083400000, 0x0000000083500000, 0x0000000083500000|100%|HC|  |TAMS 0x0000000083500000, 0x0000000083400000| Complete 
|  53|0x0000000083500000, 0x0000000083600000, 0x0000000083600000|100%|HC|  |TAMS 0x0000000083600000, 0x0000000083500000| Complete 
|  54|0x0000000083600000, 0x0000000083700000, 0x0000000083700000|100%|HS|  |TAMS 0x0000000083700000, 0x0000000083600000| Complete 
|  55|0x0000000083700000, 0x0000000083800000, 0x0000000083800000|100%|HC|  |TAMS 0x0000000083800000, 0x0000000083700000| Complete 
|  56|0x0000000083800000, 0x0000000083900000, 0x0000000083900000|100%| O|  |TAMS 0x0000000083900000, 0x0000000083800000| Untracked 
|  57|0x0000000083900000, 0x0000000083a00000, 0x0000000083a00000|100%| O|  |TAMS 0x0000000083a00000, 0x0000000083900000| Untracked 
|  58|0x0000000083a00000, 0x0000000083b00000, 0x0000000083b00000|100%| O|  |TAMS 0x0000000083b00000, 0x0000000083a00000| Untracked 
|  59|0x0000000083b00000, 0x0000000083c00000, 0x0000000083c00000|100%| O|  |TAMS 0x0000000083c00000, 0x0000000083b00000| Untracked 
|  60|0x0000000083c00000, 0x0000000083d00000, 0x0000000083d00000|100%| O|  |TAMS 0x0000000083d00000, 0x0000000083c00000| Untracked 
|  61|0x0000000083d00000, 0x0000000083e00000, 0x0000000083e00000|100%| O|  |TAMS 0x0000000083e00000, 0x0000000083d00000| Untracked 
|  62|0x0000000083e00000, 0x0000000083f00000, 0x0000000083f00000|100%| O|  |TAMS 0x0000000083f00000, 0x0000000083e00000| Untracked 
|  63|0x0000000083f00000, 0x0000000084000000, 0x0000000084000000|100%| O|  |TAMS 0x0000000084000000, 0x0000000083f00000| Untracked 
|  64|0x0000000084000000, 0x0000000084100000, 0x0000000084100000|100%| O|  |TAMS 0x0000000084100000, 0x0000000084000000| Untracked 
|  65|0x0000000084100000, 0x0000000084200000, 0x0000000084200000|100%| O|  |TAMS 0x0000000084200000, 0x0000000084100000| Untracked 
|  66|0x0000000084200000, 0x0000000084300000, 0x0000000084300000|100%| O|  |TAMS 0x0000000084300000, 0x0000000084200000| Untracked 
|  67|0x0000000084300000, 0x0000000084400000, 0x0000000084400000|100%| O|  |TAMS 0x0000000084400000, 0x0000000084300000| Untracked 
|  68|0x0000000084400000, 0x0000000084500000, 0x0000000084500000|100%| O|  |TAMS 0x0000000084500000, 0x0000000084400000| Untracked 
|  69|0x0000000084500000, 0x0000000084600000, 0x0000000084600000|100%| O|  |TAMS 0x0000000084600000, 0x0000000084500000| Untracked 
|  70|0x0000000084600000, 0x0000000084700000, 0x0000000084700000|100%| O|  |TAMS 0x0000000084700000, 0x0000000084600000| Untracked 
|  71|0x0000000084700000, 0x0000000084800000, 0x0000000084800000|100%| O|  |TAMS 0x0000000084800000, 0x0000000084700000| Untracked 
|  72|0x0000000084800000, 0x0000000084900000, 0x0000000084900000|100%| O|  |TAMS 0x0000000084900000, 0x0000000084800000| Untracked 
|  73|0x0000000084900000, 0x0000000084a00000, 0x0000000084a00000|100%| O|  |TAMS 0x0000000084a00000, 0x0000000084900000| Untracked 
|  74|0x0000000084a00000, 0x0000000084b00000, 0x0000000084b00000|100%| O|  |TAMS 0x0000000084b00000, 0x0000000084a00000| Untracked 
|  75|0x0000000084b00000, 0x0000000084c00000, 0x0000000084c00000|100%| O|  |TAMS 0x0000000084c00000, 0x0000000084b00000| Untracked 
|  76|0x0000000084c00000, 0x0000000084d00000, 0x0000000084d00000|100%| O|  |TAMS 0x0000000084d00000, 0x0000000084c00000| Untracked 
|  77|0x0000000084d00000, 0x0000000084e00000, 0x0000000084e00000|100%| O|  |TAMS 0x0000000084e00000, 0x0000000084d00000| Untracked 
|  78|0x0000000084e00000, 0x0000000084f00000, 0x0000000084f00000|100%| O|  |TAMS 0x0000000084f00000, 0x0000000084e00000| Untracked 
|  79|0x0000000084f00000, 0x0000000085000000, 0x0000000085000000|100%|HS|  |TAMS 0x0000000085000000, 0x0000000084f00000| Complete 
|  80|0x0000000085000000, 0x0000000085100000, 0x0000000085100000|100%|HC|  |TAMS 0x0000000085100000, 0x0000000085000000| Complete 
|  81|0x0000000085100000, 0x0000000085200000, 0x0000000085200000|100%|HS|  |TAMS 0x0000000085200000, 0x0000000085100000| Complete 
|  82|0x0000000085200000, 0x0000000085300000, 0x0000000085300000|100%|HC|  |TAMS 0x0000000085300000, 0x0000000085200000| Complete 
|  83|0x0000000085300000, 0x0000000085400000, 0x0000000085400000|100%|HC|  |TAMS 0x0000000085400000, 0x0000000085300000| Complete 
|  84|0x0000000085400000, 0x0000000085500000, 0x0000000085500000|100%|HS|  |TAMS 0x0000000085500000, 0x0000000085400000| Complete 
|  85|0x0000000085500000, 0x0000000085600000, 0x0000000085600000|100%|HS|  |TAMS 0x0000000085600000, 0x0000000085500000| Complete 
|  86|0x0000000085600000, 0x0000000085700000, 0x0000000085700000|100%|HC|  |TAMS 0x0000000085700000, 0x0000000085600000| Complete 
|  87|0x0000000085700000, 0x0000000085800000, 0x0000000085800000|100%|HC|  |TAMS 0x0000000085800000, 0x0000000085700000| Complete 
|  88|0x0000000085800000, 0x0000000085900000, 0x0000000085900000|100%|HC|  |TAMS 0x0000000085900000, 0x0000000085800000| Complete 
|  89|0x0000000085900000, 0x0000000085a00000, 0x0000000085a00000|100%| O|  |TAMS 0x0000000085a00000, 0x0000000085900000| Untracked 
|  90|0x0000000085a00000, 0x0000000085b00000, 0x0000000085b00000|100%| O|  |TAMS 0x0000000085b00000, 0x0000000085a00000| Untracked 
|  91|0x0000000085b00000, 0x0000000085c00000, 0x0000000085c00000|100%| O|  |TAMS 0x0000000085c00000, 0x0000000085b00000| Untracked 
|  92|0x0000000085c00000, 0x0000000085d00000, 0x0000000085d00000|100%| O|  |TAMS 0x0000000085d00000, 0x0000000085c00000| Untracked 
|  93|0x0000000085d00000, 0x0000000085e00000, 0x0000000085e00000|100%| O|  |TAMS 0x0000000085e00000, 0x0000000085d00000| Untracked 
|  94|0x0000000085e00000, 0x0000000085f00000, 0x0000000085f00000|100%| O|  |TAMS 0x0000000085f00000, 0x0000000085e00000| Untracked 
|  95|0x0000000085f00000, 0x0000000086000000, 0x0000000086000000|100%| O|  |TAMS 0x0000000086000000, 0x0000000085f00000| Untracked 
|  96|0x0000000086000000, 0x0000000086100000, 0x0000000086100000|100%| O|  |TAMS 0x0000000086100000, 0x0000000086000000| Untracked 
|  97|0x0000000086100000, 0x0000000086200000, 0x0000000086200000|100%| O|  |TAMS 0x0000000086200000, 0x0000000086100000| Untracked 
|  98|0x0000000086200000, 0x0000000086300000, 0x0000000086300000|100%| O|  |TAMS 0x0000000086300000, 0x0000000086200000| Untracked 
|  99|0x0000000086300000, 0x0000000086400000, 0x0000000086400000|100%| O|  |TAMS 0x0000000086400000, 0x0000000086300000| Untracked 
| 100|0x0000000086400000, 0x0000000086500000, 0x0000000086500000|100%| O|  |TAMS 0x0000000086500000, 0x0000000086400000| Untracked 
| 101|0x0000000086500000, 0x0000000086600000, 0x0000000086600000|100%| O|  |TAMS 0x0000000086600000, 0x0000000086500000| Untracked 
| 102|0x0000000086600000, 0x0000000086700000, 0x0000000086700000|100%| O|  |TAMS 0x0000000086700000, 0x0000000086600000| Untracked 
| 103|0x0000000086700000, 0x0000000086800000, 0x0000000086800000|100%| O|  |TAMS 0x0000000086800000, 0x0000000086700000| Untracked 
| 104|0x0000000086800000, 0x0000000086900000, 0x0000000086900000|100%| O|  |TAMS 0x0000000086900000, 0x0000000086800000| Untracked 
| 105|0x0000000086900000, 0x0000000086a00000, 0x0000000086a00000|100%| O|  |TAMS 0x0000000086a00000, 0x0000000086900000| Untracked 
| 106|0x0000000086a00000, 0x0000000086b00000, 0x0000000086b00000|100%| O|  |TAMS 0x0000000086b00000, 0x0000000086a00000| Untracked 
| 107|0x0000000086b00000, 0x0000000086c00000, 0x0000000086c00000|100%| O|  |TAMS 0x0000000086c00000, 0x0000000086b00000| Untracked 
| 108|0x0000000086c00000, 0x0000000086d00000, 0x0000000086d00000|100%| O|  |TAMS 0x0000000086d00000, 0x0000000086c00000| Untracked 
| 109|0x0000000086d00000, 0x0000000086e00000, 0x0000000086e00000|100%| O|  |TAMS 0x0000000086e00000, 0x0000000086d00000| Untracked 
| 110|0x0000000086e00000, 0x0000000086f00000, 0x0000000086f00000|100%| O|  |TAMS 0x0000000086f00000, 0x0000000086e00000| Untracked 
| 111|0x0000000086f00000, 0x0000000087000000, 0x0000000087000000|100%| O|  |TAMS 0x0000000087000000, 0x0000000086f00000| Untracked 
| 112|0x0000000087000000, 0x0000000087100000, 0x0000000087100000|100%| O|  |TAMS 0x0000000087100000, 0x0000000087000000| Untracked 
| 113|0x0000000087100000, 0x0000000087200000, 0x0000000087200000|100%| O|  |TAMS 0x0000000087200000, 0x0000000087100000| Untracked 
| 114|0x0000000087200000, 0x0000000087300000, 0x0000000087300000|100%| O|  |TAMS 0x0000000087300000, 0x0000000087200000| Untracked 
| 115|0x0000000087300000, 0x0000000087400000, 0x0000000087400000|100%| O|  |TAMS 0x0000000087400000, 0x0000000087300000| Untracked 
| 116|0x0000000087400000, 0x0000000087400000, 0x0000000087500000|  0%| F|  |TAMS 0x0000000087400000, 0x0000000087400000| Untracked 
| 117|0x0000000087500000, 0x0000000087500000, 0x0000000087600000|  0%| F|  |TAMS 0x0000000087500000, 0x0000000087500000| Untracked 
| 118|0x0000000087600000, 0x0000000087600000, 0x0000000087700000|  0%| F|  |TAMS 0x0000000087600000, 0x0000000087600000| Untracked 
| 119|0x0000000087700000, 0x0000000087700000, 0x0000000087800000|  0%| F|  |TAMS 0x0000000087700000, 0x0000000087700000| Untracked 
| 120|0x0000000087800000, 0x0000000087800000, 0x0000000087900000|  0%| F|  |TAMS 0x0000000087800000, 0x0000000087800000| Untracked 
| 121|0x0000000087900000, 0x0000000087900000, 0x0000000087a00000|  0%| F|  |TAMS 0x0000000087900000, 0x0000000087900000| Untracked 
| 122|0x0000000087a00000, 0x0000000087a00000, 0x0000000087b00000|  0%| F|  |TAMS 0x0000000087a00000, 0x0000000087a00000| Untracked 
| 123|0x0000000087b00000, 0x0000000087b00000, 0x0000000087c00000|  0%| F|  |TAMS 0x0000000087b00000, 0x0000000087b00000| Untracked 
| 124|0x0000000087c00000, 0x0000000087c00000, 0x0000000087d00000|  0%| F|  |TAMS 0x0000000087c00000, 0x0000000087c00000| Untracked 
| 125|0x0000000087d00000, 0x0000000087d00000, 0x0000000087e00000|  0%| F|  |TAMS 0x0000000087d00000, 0x0000000087d00000| Untracked 
| 126|0x0000000087e00000, 0x0000000087e00000, 0x0000000087f00000|  0%| F|  |TAMS 0x0000000087e00000, 0x0000000087e00000| Untracked 
| 127|0x0000000087f00000, 0x0000000087f00000, 0x0000000088000000|  0%| F|  |TAMS 0x0000000087f00000, 0x0000000087f00000| Untracked 
| 128|0x0000000088000000, 0x0000000088000000, 0x0000000088100000|  0%| F|  |TAMS 0x0000000088000000, 0x0000000088000000| Untracked 
| 129|0x0000000088100000, 0x0000000088100000, 0x0000000088200000|  0%| F|  |TAMS 0x0000000088100000, 0x0000000088100000| Untracked 
| 130|0x0000000088200000, 0x0000000088200000, 0x0000000088300000|  0%| F|  |TAMS 0x0000000088200000, 0x0000000088200000| Untracked 
| 131|0x0000000088300000, 0x0000000088300000, 0x0000000088400000|  0%| F|  |TAMS 0x0000000088300000, 0x0000000088300000| Untracked 
| 132|0x0000000088400000, 0x0000000088400000, 0x0000000088500000|  0%| F|  |TAMS 0x0000000088400000, 0x0000000088400000| Untracked 
| 133|0x0000000088500000, 0x0000000088500000, 0x0000000088600000|  0%| F|  |TAMS 0x0000000088500000, 0x0000000088500000| Untracked 
| 134|0x0000000088600000, 0x0000000088600000, 0x0000000088700000|  0%| F|  |TAMS 0x0000000088600000, 0x0000000088600000| Untracked 
| 135|0x0000000088700000, 0x0000000088700000, 0x0000000088800000|  0%| F|  |TAMS 0x0000000088700000, 0x0000000088700000| Untracked 
| 136|0x0000000088800000, 0x0000000088800000, 0x0000000088900000|  0%| F|  |TAMS 0x0000000088800000, 0x0000000088800000| Untracked 
| 137|0x0000000088900000, 0x0000000088900000, 0x0000000088a00000|  0%| F|  |TAMS 0x0000000088900000, 0x0000000088900000| Untracked 
| 138|0x0000000088a00000, 0x0000000088a00000, 0x0000000088b00000|  0%| F|  |TAMS 0x0000000088a00000, 0x0000000088a00000| Untracked 
| 139|0x0000000088b00000, 0x0000000088b00000, 0x0000000088c00000|  0%| F|  |TAMS 0x0000000088b00000, 0x0000000088b00000| Untracked 
| 140|0x0000000088c00000, 0x0000000088c00000, 0x0000000088d00000|  0%| F|  |TAMS 0x0000000088c00000, 0x0000000088c00000| Untracked 
| 141|0x0000000088d00000, 0x0000000088d00000, 0x0000000088e00000|  0%| F|  |TAMS 0x0000000088d00000, 0x0000000088d00000| Untracked 
| 142|0x0000000088e00000, 0x0000000088e00000, 0x0000000088f00000|  0%| F|  |TAMS 0x0000000088e00000, 0x0000000088e00000| Untracked 
| 143|0x0000000088f00000, 0x0000000088f00000, 0x0000000089000000|  0%| F|  |TAMS 0x0000000088f00000, 0x0000000088f00000| Untracked 
| 144|0x0000000089000000, 0x0000000089000000, 0x0000000089100000|  0%| F|  |TAMS 0x0000000089000000, 0x0000000089000000| Untracked 
| 145|0x0000000089100000, 0x0000000089100000, 0x0000000089200000|  0%| F|  |TAMS 0x0000000089100000, 0x0000000089100000| Untracked 
| 146|0x0000000089200000, 0x0000000089200000, 0x0000000089300000|  0%| F|  |TAMS 0x0000000089200000, 0x0000000089200000| Untracked 
| 147|0x0000000089300000, 0x0000000089300000, 0x0000000089400000|  0%| F|  |TAMS 0x0000000089300000, 0x0000000089300000| Untracked 
| 148|0x0000000089400000, 0x0000000089400000, 0x0000000089500000|  0%| F|  |TAMS 0x0000000089400000, 0x0000000089400000| Untracked 
| 149|0x0000000089500000, 0x0000000089500000, 0x0000000089600000|  0%| F|  |TAMS 0x0000000089500000, 0x0000000089500000| Untracked 
| 150|0x0000000089600000, 0x00000000896e5020, 0x0000000089700000| 89%| S|CS|TAMS 0x0000000089600000, 0x0000000089600000| Complete 
| 151|0x0000000089700000, 0x0000000089800000, 0x0000000089800000|100%| S|CS|TAMS 0x0000000089700000, 0x0000000089700000| Complete 
| 152|0x0000000089800000, 0x0000000089800000, 0x0000000089900000|  0%| F|  |TAMS 0x0000000089800000, 0x0000000089800000| Untracked 
| 153|0x0000000089900000, 0x0000000089900000, 0x0000000089a00000|  0%| F|  |TAMS 0x0000000089900000, 0x0000000089900000| Untracked 
| 154|0x0000000089a00000, 0x0000000089a00000, 0x0000000089b00000|  0%| F|  |TAMS 0x0000000089a00000, 0x0000000089a00000| Untracked 
| 155|0x0000000089b00000, 0x0000000089c00000, 0x0000000089c00000|100%| S|CS|TAMS 0x0000000089b00000, 0x0000000089b00000| Complete 
| 156|0x0000000089c00000, 0x0000000089d00000, 0x0000000089d00000|100%| S|CS|TAMS 0x0000000089c00000, 0x0000000089c00000| Complete 
| 157|0x0000000089d00000, 0x0000000089e00000, 0x0000000089e00000|100%| S|CS|TAMS 0x0000000089d00000, 0x0000000089d00000| Complete 
| 158|0x0000000089e00000, 0x0000000089e00000, 0x0000000089f00000|  0%| F|  |TAMS 0x0000000089e00000, 0x0000000089e00000| Untracked 
| 159|0x0000000089f00000, 0x0000000089f00000, 0x000000008a000000|  0%| F|  |TAMS 0x0000000089f00000, 0x0000000089f00000| Untracked 
| 160|0x000000008a000000, 0x000000008a100000, 0x000000008a100000|100%| S|CS|TAMS 0x000000008a000000, 0x000000008a000000| Complete 
| 161|0x000000008a100000, 0x000000008a200000, 0x000000008a200000|100%| S|CS|TAMS 0x000000008a100000, 0x000000008a100000| Complete 
| 162|0x000000008a200000, 0x000000008a200000, 0x000000008a300000|  0%| F|  |TAMS 0x000000008a200000, 0x000000008a200000| Untracked 
| 163|0x000000008a300000, 0x000000008a300000, 0x000000008a400000|  0%| F|  |TAMS 0x000000008a300000, 0x000000008a300000| Untracked 
| 164|0x000000008a400000, 0x000000008a400000, 0x000000008a500000|  0%| F|  |TAMS 0x000000008a400000, 0x000000008a400000| Untracked 
| 165|0x000000008a500000, 0x000000008a500000, 0x000000008a600000|  0%| F|  |TAMS 0x000000008a500000, 0x000000008a500000| Untracked 
| 166|0x000000008a600000, 0x000000008a600000, 0x000000008a700000|  0%| F|  |TAMS 0x000000008a600000, 0x000000008a600000| Untracked 
| 167|0x000000008a700000, 0x000000008a700000, 0x000000008a800000|  0%| F|  |TAMS 0x000000008a700000, 0x000000008a700000| Untracked 
| 168|0x000000008a800000, 0x000000008a800000, 0x000000008a900000|  0%| F|  |TAMS 0x000000008a800000, 0x000000008a800000| Untracked 
| 169|0x000000008a900000, 0x000000008a900000, 0x000000008aa00000|  0%| F|  |TAMS 0x000000008a900000, 0x000000008a900000| Untracked 
| 170|0x000000008aa00000, 0x000000008aa00000, 0x000000008ab00000|  0%| F|  |TAMS 0x000000008aa00000, 0x000000008aa00000| Untracked 
| 171|0x000000008ab00000, 0x000000008ab00000, 0x000000008ac00000|  0%| F|  |TAMS 0x000000008ab00000, 0x000000008ab00000| Untracked 
| 172|0x000000008ac00000, 0x000000008ac00000, 0x000000008ad00000|  0%| F|  |TAMS 0x000000008ac00000, 0x000000008ac00000| Untracked 
| 173|0x000000008ad00000, 0x000000008ad00000, 0x000000008ae00000|  0%| F|  |TAMS 0x000000008ad00000, 0x000000008ad00000| Untracked 
| 174|0x000000008ae00000, 0x000000008ae00000, 0x000000008af00000|  0%| F|  |TAMS 0x000000008ae00000, 0x000000008ae00000| Untracked 
| 175|0x000000008af00000, 0x000000008af00000, 0x000000008b000000|  0%| F|  |TAMS 0x000000008af00000, 0x000000008af00000| Untracked 
| 176|0x000000008b000000, 0x000000008b000000, 0x000000008b100000|  0%| F|  |TAMS 0x000000008b000000, 0x000000008b000000| Untracked 
| 177|0x000000008b100000, 0x000000008b100000, 0x000000008b200000|  0%| F|  |TAMS 0x000000008b100000, 0x000000008b100000| Untracked 
| 178|0x000000008b200000, 0x000000008b200000, 0x000000008b300000|  0%| F|  |TAMS 0x000000008b200000, 0x000000008b200000| Untracked 
| 179|0x000000008b300000, 0x000000008b300000, 0x000000008b400000|  0%| F|  |TAMS 0x000000008b300000, 0x000000008b300000| Untracked 
| 180|0x000000008b400000, 0x000000008b400000, 0x000000008b500000|  0%| F|  |TAMS 0x000000008b400000, 0x000000008b400000| Untracked 
| 181|0x000000008b500000, 0x000000008b500000, 0x000000008b600000|  0%| F|  |TAMS 0x000000008b500000, 0x000000008b500000| Untracked 
| 182|0x000000008b600000, 0x000000008b600000, 0x000000008b700000|  0%| F|  |TAMS 0x000000008b600000, 0x000000008b600000| Untracked 
| 183|0x000000008b700000, 0x000000008b700000, 0x000000008b800000|  0%| F|  |TAMS 0x000000008b700000, 0x000000008b700000| Untracked 
| 184|0x000000008b800000, 0x000000008b800000, 0x000000008b900000|  0%| F|  |TAMS 0x000000008b800000, 0x000000008b800000| Untracked 
| 185|0x000000008b900000, 0x000000008b900000, 0x000000008ba00000|  0%| F|  |TAMS 0x000000008b900000, 0x000000008b900000| Untracked 
| 186|0x000000008ba00000, 0x000000008ba00000, 0x000000008bb00000|  0%| F|  |TAMS 0x000000008ba00000, 0x000000008ba00000| Untracked 
| 187|0x000000008bb00000, 0x000000008bb00000, 0x000000008bc00000|  0%| F|  |TAMS 0x000000008bb00000, 0x000000008bb00000| Untracked 
| 188|0x000000008bc00000, 0x000000008bc00000, 0x000000008bd00000|  0%| F|  |TAMS 0x000000008bc00000, 0x000000008bc00000| Untracked 
| 189|0x000000008bd00000, 0x000000008bd00000, 0x000000008be00000|  0%| F|  |TAMS 0x000000008bd00000, 0x000000008bd00000| Untracked 
| 190|0x000000008be00000, 0x000000008be00000, 0x000000008bf00000|  0%| F|  |TAMS 0x000000008be00000, 0x000000008be00000| Untracked 
| 191|0x000000008bf00000, 0x000000008bf00000, 0x000000008c000000|  0%| F|  |TAMS 0x000000008bf00000, 0x000000008bf00000| Untracked 
| 192|0x000000008c000000, 0x000000008c000000, 0x000000008c100000|  0%| F|  |TAMS 0x000000008c000000, 0x000000008c000000| Untracked 
| 193|0x000000008c100000, 0x000000008c100000, 0x000000008c200000|  0%| F|  |TAMS 0x000000008c100000, 0x000000008c100000| Untracked 
| 194|0x000000008c200000, 0x000000008c200000, 0x000000008c300000|  0%| F|  |TAMS 0x000000008c200000, 0x000000008c200000| Untracked 
| 195|0x000000008c300000, 0x000000008c300000, 0x000000008c400000|  0%| F|  |TAMS 0x000000008c300000, 0x000000008c300000| Untracked 
| 196|0x000000008c400000, 0x000000008c400000, 0x000000008c500000|  0%| F|  |TAMS 0x000000008c400000, 0x000000008c400000| Untracked 
| 197|0x000000008c500000, 0x000000008c500000, 0x000000008c600000|  0%| F|  |TAMS 0x000000008c500000, 0x000000008c500000| Untracked 
| 198|0x000000008c600000, 0x000000008c600000, 0x000000008c700000|  0%| F|  |TAMS 0x000000008c600000, 0x000000008c600000| Untracked 
| 199|0x000000008c700000, 0x000000008c700000, 0x000000008c800000|  0%| F|  |TAMS 0x000000008c700000, 0x000000008c700000| Untracked 
| 200|0x000000008c800000, 0x000000008c800000, 0x000000008c900000|  0%| F|  |TAMS 0x000000008c800000, 0x000000008c800000| Untracked 
| 201|0x000000008c900000, 0x000000008c900000, 0x000000008ca00000|  0%| F|  |TAMS 0x000000008c900000, 0x000000008c900000| Untracked 
| 202|0x000000008ca00000, 0x000000008ca00000, 0x000000008cb00000|  0%| F|  |TAMS 0x000000008ca00000, 0x000000008ca00000| Untracked 
| 203|0x000000008cb00000, 0x000000008cb00000, 0x000000008cc00000|  0%| F|  |TAMS 0x000000008cb00000, 0x000000008cb00000| Untracked 
| 204|0x000000008cc00000, 0x000000008cc00000, 0x000000008cd00000|  0%| F|  |TAMS 0x000000008cc00000, 0x000000008cc00000| Untracked 
| 205|0x000000008cd00000, 0x000000008cd00000, 0x000000008ce00000|  0%| F|  |TAMS 0x000000008cd00000, 0x000000008cd00000| Untracked 
| 206|0x000000008ce00000, 0x000000008ce00000, 0x000000008cf00000|  0%| F|  |TAMS 0x000000008ce00000, 0x000000008ce00000| Untracked 
| 207|0x000000008cf00000, 0x000000008cf00000, 0x000000008d000000|  0%| F|  |TAMS 0x000000008cf00000, 0x000000008cf00000| Untracked 
| 208|0x000000008d000000, 0x000000008d000000, 0x000000008d100000|  0%| F|  |TAMS 0x000000008d000000, 0x000000008d000000| Untracked 
| 209|0x000000008d100000, 0x000000008d100000, 0x000000008d200000|  0%| F|  |TAMS 0x000000008d100000, 0x000000008d100000| Untracked 
| 210|0x000000008d200000, 0x000000008d200000, 0x000000008d300000|  0%| F|  |TAMS 0x000000008d200000, 0x000000008d200000| Untracked 
| 211|0x000000008d300000, 0x000000008d300000, 0x000000008d400000|  0%| F|  |TAMS 0x000000008d300000, 0x000000008d300000| Untracked 
| 212|0x000000008d400000, 0x000000008d400000, 0x000000008d500000|  0%| F|  |TAMS 0x000000008d400000, 0x000000008d400000| Untracked 
| 213|0x000000008d500000, 0x000000008d500000, 0x000000008d600000|  0%| F|  |TAMS 0x000000008d500000, 0x000000008d500000| Untracked 
| 214|0x000000008d600000, 0x000000008d600000, 0x000000008d700000|  0%| F|  |TAMS 0x000000008d600000, 0x000000008d600000| Untracked 
| 215|0x000000008d700000, 0x000000008d700000, 0x000000008d800000|  0%| F|  |TAMS 0x000000008d700000, 0x000000008d700000| Untracked 
| 216|0x000000008d800000, 0x000000008d800000, 0x000000008d900000|  0%| F|  |TAMS 0x000000008d800000, 0x000000008d800000| Untracked 
| 217|0x000000008d900000, 0x000000008d900000, 0x000000008da00000|  0%| F|  |TAMS 0x000000008d900000, 0x000000008d900000| Untracked 
| 218|0x000000008da00000, 0x000000008da00000, 0x000000008db00000|  0%| F|  |TAMS 0x000000008da00000, 0x000000008da00000| Untracked 
| 219|0x000000008db00000, 0x000000008db00000, 0x000000008dc00000|  0%| F|  |TAMS 0x000000008db00000, 0x000000008db00000| Untracked 
| 220|0x000000008dc00000, 0x000000008dc00000, 0x000000008dd00000|  0%| F|  |TAMS 0x000000008dc00000, 0x000000008dc00000| Untracked 
| 221|0x000000008dd00000, 0x000000008dd00000, 0x000000008de00000|  0%| F|  |TAMS 0x000000008dd00000, 0x000000008dd00000| Untracked 
| 222|0x000000008de00000, 0x000000008de00000, 0x000000008df00000|  0%| F|  |TAMS 0x000000008de00000, 0x000000008de00000| Untracked 
| 223|0x000000008df00000, 0x000000008df00000, 0x000000008e000000|  0%| F|  |TAMS 0x000000008df00000, 0x000000008df00000| Untracked 
| 224|0x000000008e000000, 0x000000008e000000, 0x000000008e100000|  0%| F|  |TAMS 0x000000008e000000, 0x000000008e000000| Untracked 
| 225|0x000000008e100000, 0x000000008e100000, 0x000000008e200000|  0%| F|  |TAMS 0x000000008e100000, 0x000000008e100000| Untracked 
| 226|0x000000008e200000, 0x000000008e200000, 0x000000008e300000|  0%| F|  |TAMS 0x000000008e200000, 0x000000008e200000| Untracked 
| 227|0x000000008e300000, 0x000000008e300000, 0x000000008e400000|  0%| F|  |TAMS 0x000000008e300000, 0x000000008e300000| Untracked 
| 228|0x000000008e400000, 0x000000008e400000, 0x000000008e500000|  0%| F|  |TAMS 0x000000008e400000, 0x000000008e400000| Untracked 
| 229|0x000000008e500000, 0x000000008e500000, 0x000000008e600000|  0%| F|  |TAMS 0x000000008e500000, 0x000000008e500000| Untracked 
| 230|0x000000008e600000, 0x000000008e600000, 0x000000008e700000|  0%| F|  |TAMS 0x000000008e600000, 0x000000008e600000| Untracked 
| 231|0x000000008e700000, 0x000000008e700000, 0x000000008e800000|  0%| F|  |TAMS 0x000000008e700000, 0x000000008e700000| Untracked 
| 232|0x000000008e800000, 0x000000008e800000, 0x000000008e900000|  0%| F|  |TAMS 0x000000008e800000, 0x000000008e800000| Untracked 
| 233|0x000000008e900000, 0x000000008e900000, 0x000000008ea00000|  0%| F|  |TAMS 0x000000008e900000, 0x000000008e900000| Untracked 
| 234|0x000000008ea00000, 0x000000008ea00000, 0x000000008eb00000|  0%| F|  |TAMS 0x000000008ea00000, 0x000000008ea00000| Untracked 
| 235|0x000000008eb00000, 0x000000008eb00000, 0x000000008ec00000|  0%| F|  |TAMS 0x000000008eb00000, 0x000000008eb00000| Untracked 
| 236|0x000000008ec00000, 0x000000008ec00000, 0x000000008ed00000|  0%| F|  |TAMS 0x000000008ec00000, 0x000000008ec00000| Untracked 
| 237|0x000000008ed00000, 0x000000008ed00000, 0x000000008ee00000|  0%| F|  |TAMS 0x000000008ed00000, 0x000000008ed00000| Untracked 
| 238|0x000000008ee00000, 0x000000008ee00000, 0x000000008ef00000|  0%| F|  |TAMS 0x000000008ee00000, 0x000000008ee00000| Untracked 
| 239|0x000000008ef00000, 0x000000008ef00000, 0x000000008f000000|  0%| F|  |TAMS 0x000000008ef00000, 0x000000008ef00000| Untracked 
| 240|0x000000008f000000, 0x000000008f000000, 0x000000008f100000|  0%| F|  |TAMS 0x000000008f000000, 0x000000008f000000| Untracked 
| 241|0x000000008f100000, 0x000000008f100000, 0x000000008f200000|  0%| F|  |TAMS 0x000000008f100000, 0x000000008f100000| Untracked 
| 242|0x000000008f200000, 0x000000008f200000, 0x000000008f300000|  0%| F|  |TAMS 0x000000008f200000, 0x000000008f200000| Untracked 
| 243|0x000000008f300000, 0x000000008f300000, 0x000000008f400000|  0%| F|  |TAMS 0x000000008f300000, 0x000000008f300000| Untracked 
| 244|0x000000008f400000, 0x000000008f400000, 0x000000008f500000|  0%| F|  |TAMS 0x000000008f400000, 0x000000008f400000| Untracked 
| 245|0x000000008f500000, 0x000000008f500000, 0x000000008f600000|  0%| F|  |TAMS 0x000000008f500000, 0x000000008f500000| Untracked 
| 246|0x000000008f600000, 0x000000008f600000, 0x000000008f700000|  0%| F|  |TAMS 0x000000008f600000, 0x000000008f600000| Untracked 
| 247|0x000000008f700000, 0x000000008f700000, 0x000000008f800000|  0%| F|  |TAMS 0x000000008f700000, 0x000000008f700000| Untracked 
| 248|0x000000008f800000, 0x000000008f800000, 0x000000008f900000|  0%| F|  |TAMS 0x000000008f800000, 0x000000008f800000| Untracked 
| 249|0x000000008f900000, 0x000000008f900000, 0x000000008fa00000|  0%| F|  |TAMS 0x000000008f900000, 0x000000008f900000| Untracked 
| 250|0x000000008fa00000, 0x000000008fa00000, 0x000000008fb00000|  0%| F|  |TAMS 0x000000008fa00000, 0x000000008fa00000| Untracked 
| 251|0x000000008fb00000, 0x000000008fb00000, 0x000000008fc00000|  0%| F|  |TAMS 0x000000008fb00000, 0x000000008fb00000| Untracked 
| 252|0x000000008fc00000, 0x000000008fc00000, 0x000000008fd00000|  0%| F|  |TAMS 0x000000008fc00000, 0x000000008fc00000| Untracked 
| 253|0x000000008fd00000, 0x000000008fd00000, 0x000000008fe00000|  0%| F|  |TAMS 0x000000008fd00000, 0x000000008fd00000| Untracked 
| 254|0x000000008fe00000, 0x000000008fe00000, 0x000000008ff00000|  0%| F|  |TAMS 0x000000008fe00000, 0x000000008fe00000| Untracked 
| 255|0x000000008ff00000, 0x000000008ff00000, 0x0000000090000000|  0%| F|  |TAMS 0x000000008ff00000, 0x000000008ff00000| Untracked 
| 256|0x0000000090000000, 0x0000000090000000, 0x0000000090100000|  0%| F|  |TAMS 0x0000000090000000, 0x0000000090000000| Untracked 
| 257|0x0000000090100000, 0x0000000090100000, 0x0000000090200000|  0%| F|  |TAMS 0x0000000090100000, 0x0000000090100000| Untracked 
| 258|0x0000000090200000, 0x0000000090200000, 0x0000000090300000|  0%| F|  |TAMS 0x0000000090200000, 0x0000000090200000| Untracked 
| 259|0x0000000090300000, 0x0000000090400000, 0x0000000090400000|100%| E|  |TAMS 0x0000000090300000, 0x0000000090300000| Complete 
| 260|0x0000000090400000, 0x0000000090500000, 0x0000000090500000|100%| E|CS|TAMS 0x0000000090400000, 0x0000000090400000| Complete 
| 261|0x0000000090500000, 0x0000000090600000, 0x0000000090600000|100%| E|CS|TAMS 0x0000000090500000, 0x0000000090500000| Complete 
| 262|0x0000000090600000, 0x0000000090700000, 0x0000000090700000|100%| E|CS|TAMS 0x0000000090600000, 0x0000000090600000| Complete 
| 263|0x0000000090700000, 0x0000000090800000, 0x0000000090800000|100%| E|CS|TAMS 0x0000000090700000, 0x0000000090700000| Complete 
| 264|0x0000000090800000, 0x0000000090900000, 0x0000000090900000|100%| E|CS|TAMS 0x0000000090800000, 0x0000000090800000| Complete 
| 265|0x0000000090900000, 0x0000000090a00000, 0x0000000090a00000|100%| E|CS|TAMS 0x0000000090900000, 0x0000000090900000| Complete 
| 266|0x0000000090a00000, 0x0000000090b00000, 0x0000000090b00000|100%| E|CS|TAMS 0x0000000090a00000, 0x0000000090a00000| Complete 

Card table byte_map: [0x0000022c2f7f0000,0x0000022c2fbf0000] _byte_map_base: 0x0000022c2f3f0000

Marking Bits (Prev, Next): (CMBitMap*) 0x0000022c1c80ff38, (CMBitMap*) 0x0000022c1c80ff70
 Prev Bits: [0x0000022c2fff0000, 0x0000022c31ff0000)
 Next Bits: [0x0000022c31ff0000, 0x0000022c33ff0000)

Polling page: 0x0000022c1a780000

Metaspace:

Usage:
  Non-class:     87.86 MB capacity,    86.34 MB ( 98%) used,     1.25 MB (  1%) free+waste,   270.94 KB ( <1%) overhead. 
      Class:     13.57 MB capacity,    12.70 MB ( 94%) used,   769.13 KB (  6%) free+waste,   122.31 KB ( <1%) overhead. 
       Both:    101.44 MB capacity,    99.05 MB ( 98%) used,     2.00 MB (  2%) free+waste,   393.25 KB ( <1%) overhead. 

Virtual space:
  Non-class space:       88.00 MB reserved,      87.93 MB (>99%) committed 
      Class space:        1.00 GB reserved,      13.65 MB (  1%) committed 
             Both:        1.09 GB reserved,     101.57 MB (  9%) committed 

Chunk freelists:
   Non-Class:  2.00 KB
       Class:  20.00 KB
        Both:  22.00 KB

MaxMetaspaceSize: 17179869184.00 GB
CompressedClassSpaceSize: 1.00 GB
Initial GC threshold: 20.80 MB
Current GC threshold: 162.63 MB
CDS: off

CodeHeap 'non-profiled nmethods': size=120064Kb used=6371Kb max_used=6371Kb free=113692Kb
 bounds [0x0000022c27da0000, 0x0000022c283e0000, 0x0000022c2f2e0000]
CodeHeap 'profiled nmethods': size=120000Kb used=25001Kb max_used=25001Kb free=94998Kb
 bounds [0x0000022c20870000, 0x0000022c220e0000, 0x0000022c27da0000]
CodeHeap 'non-nmethods': size=5696Kb used=2434Kb max_used=2481Kb free=3261Kb
 bounds [0x0000022c202e0000, 0x0000022c20560000, 0x0000022c20870000]
 total_blobs=12457 nmethods=11502 adapters=865
 compilation: enabled
              stopped_count=0, restarted_count=0
 full_count=0

Compilation events (20 events):
Event: 10.277 Thread 0x0000022c36856000 11551       1       org.gradle.api.internal.artifacts.configurations.DefaultConfiguration$WithResults::getCachedResolverResults (5 bytes)
Event: 10.277 Thread 0x0000022c36856000 nmethod 11551 0x0000022c283d8490 code [0x0000022c283d8640, 0x0000022c283d86f8]
Event: 10.280 Thread 0x0000022c36856000 11552       1       org.jetbrains.kotlin.gradle.plugin.AndroidTestedVariantArtifactsFilter::access$getTestedVariantDataIsNotNull$p (5 bytes)
Event: 10.280 Thread 0x0000022c36856000 nmethod 11552 0x0000022c283d8790 code [0x0000022c283d8940, 0x0000022c283d89d8]
Event: 10.280 Thread 0x0000022c36856000 11553       2       org.gradle.api.internal.file.FilteredFileCollection$$Lambda$1033/0x0000000100ccf840::apply (14 bytes)
Event: 10.280 Thread 0x0000022c36856000 nmethod 11553 0x0000022c220d6690 code [0x0000022c220d6840, 0x0000022c220d6988]
Event: 10.280 Thread 0x0000022c36856000 11554       2       org.jetbrains.kotlin.gradle.plugin.AndroidTestedVariantArtifactsFilter::isSatisfiedBy (9 bytes)
Event: 10.280 Thread 0x0000022c36856000 nmethod 11554 0x0000022c220d6a90 code [0x0000022c220d6ca0, 0x0000022c220d7018]
Event: 10.280 Thread 0x0000022c36856000 11555       2       org.gradle.internal.component.model.ComponentConfigurationIdentifier::hashCode (16 bytes)
Event: 10.281 Thread 0x0000022c36856000 nmethod 11555 0x0000022c220d7290 code [0x0000022c220d7460, 0x0000022c220d75b8]
Event: 10.281 Thread 0x0000022c36856000 11556 %     3       java.util.HashMap::clear @ 33 (50 bytes)
Event: 10.281 Thread 0x0000022c36856000 nmethod 11556% 0x0000022c220d7690 code [0x0000022c220d7860, 0x0000022c220d7c78]
Event: 10.283 Thread 0x0000022c36856000 11557       2       kotlin.jvm.JvmClassMappingKt::getKotlinClass (11 bytes)
Event: 10.283 Thread 0x0000022c36856000 nmethod 11557 0x0000022c220d7d90 code [0x0000022c220d7f80, 0x0000022c220d8208]
Event: 10.283 Thread 0x0000022c36856000 11558       1       org.jetbrains.kotlin.cli.common.arguments.Freezable::access$getFrozen$p (5 bytes)
Event: 10.283 Thread 0x0000022c36856000 nmethod 11558 0x0000022c283d8a90 code [0x0000022c283d8c40, 0x0000022c283d8cd8]
Event: 10.284 Thread 0x0000022c36856000 11559       2       org.jetbrains.kotlin.cli.common.arguments.Freezable$NullableStringFreezableVar::<init> (23 bytes)
Event: 10.284 Thread 0x0000022c36856000 nmethod 11559 0x0000022c220d8410 code [0x0000022c220d8660, 0x0000022c220d8c18]
Event: 10.288 Thread 0x0000022c36856000 11561       2       java.util.concurrent.CopyOnWriteArrayList::indexOfRange (63 bytes)
Event: 10.288 Thread 0x0000022c36856000 nmethod 11561 0x0000022c220d8f10 code [0x0000022c220d90e0, 0x0000022c220d9368]

GC Heap History (20 events):
Event: 4.871 GC heap before
{Heap before GC invocations=13 (full 0):
 garbage-first heap   total 189440K, used 93349K [0x0000000080000000, 0x0000000100000000)
  region size 1024K, 29 young (29696K), 11 survivors (11264K)
 Metaspace       used 58488K, capacity 60206K, committed 60288K, reserved 1101824K
  class space    used 7517K, capacity 8113K, committed 8140K, reserved 1048576K
}
Event: 4.882 GC heap after
{Heap after GC invocations=14 (full 0):
 garbage-first heap   total 189440K, used 78085K [0x0000000080000000, 0x0000000100000000)
  region size 1024K, 2 young (2048K), 2 survivors (2048K)
 Metaspace       used 58488K, capacity 60206K, committed 60288K, reserved 1101824K
  class space    used 7517K, capacity 8113K, committed 8140K, reserved 1048576K
}
Event: 5.327 GC heap before
{Heap before GC invocations=15 (full 0):
 garbage-first heap   total 189440K, used 124165K [0x0000000080000000, 0x0000000100000000)
  region size 1024K, 48 young (49152K), 2 survivors (2048K)
 Metaspace       used 64287K, capacity 66156K, committed 66252K, reserved 1105920K
  class space    used 8247K, capacity 8900K, committed 8984K, reserved 1048576K
}
Event: 5.333 GC heap after
{Heap after GC invocations=16 (full 0):
 garbage-first heap   total 227328K, used 80686K [0x0000000080000000, 0x0000000100000000)
  region size 1024K, 5 young (5120K), 5 survivors (5120K)
 Metaspace       used 64287K, capacity 66156K, committed 66252K, reserved 1105920K
  class space    used 8247K, capacity 8900K, committed 8984K, reserved 1048576K
}
Event: 5.933 GC heap before
{Heap before GC invocations=17 (full 0):
 garbage-first heap   total 227328K, used 147246K [0x0000000080000000, 0x0000000100000000)
  region size 1024K, 69 young (70656K), 5 survivors (5120K)
 Metaspace       used 69838K, capacity 71725K, committed 71884K, reserved 1112064K
  class space    used 8940K, capacity 9615K, committed 9752K, reserved 1048576K
}
Event: 5.939 GC heap after
{Heap after GC invocations=18 (full 0):
 garbage-first heap   total 227328K, used 84183K [0x0000000080000000, 0x0000000100000000)
  region size 1024K, 8 young (8192K), 8 survivors (8192K)
 Metaspace       used 69838K, capacity 71725K, committed 71884K, reserved 1112064K
  class space    used 8940K, capacity 9615K, committed 9752K, reserved 1048576K
}
Event: 6.343 GC heap before
{Heap before GC invocations=18 (full 0):
 garbage-first heap   total 227328K, used 153815K [0x0000000080000000, 0x0000000100000000)
  region size 1024K, 76 young (77824K), 8 survivors (8192K)
 Metaspace       used 72129K, capacity 73990K, committed 74188K, reserved 1114112K
  class space    used 9246K, capacity 9918K, committed 10008K, reserved 1048576K
}
Event: 6.356 GC heap after
{Heap after GC invocations=19 (full 0):
 garbage-first heap   total 227328K, used 89687K [0x0000000080000000, 0x0000000100000000)
  region size 1024K, 9 young (9216K), 9 survivors (9216K)
 Metaspace       used 72129K, capacity 73990K, committed 74188K, reserved 1114112K
  class space    used 9246K, capacity 9918K, committed 10008K, reserved 1048576K
}
Event: 7.349 GC heap before
{Heap before GC invocations=19 (full 0):
 garbage-first heap   total 227328K, used 170583K [0x0000000080000000, 0x0000000100000000)
  region size 1024K, 79 young (80896K), 9 survivors (9216K)
 Metaspace       used 79268K, capacity 81294K, committed 81484K, reserved 1120256K
  class space    used 10375K, capacity 11076K, committed 11160K, reserved 1048576K
}
Event: 7.359 GC heap after
{Heap after GC invocations=20 (full 0):
 garbage-first heap   total 227328K, used 106282K [0x0000000080000000, 0x0000000100000000)
  region size 1024K, 10 young (10240K), 10 survivors (10240K)
 Metaspace       used 79268K, capacity 81294K, committed 81484K, reserved 1120256K
  class space    used 10375K, capacity 11076K, committed 11160K, reserved 1048576K
}
Event: 8.020 GC heap before
{Heap before GC invocations=20 (full 0):
 garbage-first heap   total 227328K, used 170794K [0x0000000080000000, 0x0000000100000000)
  region size 1024K, 73 young (74752K), 10 survivors (10240K)
 Metaspace       used 84853K, capacity 87003K, committed 87244K, reserved 1124352K
  class space    used 11002K, capacity 11773K, committed 11800K, reserved 1048576K
}
Event: 8.029 GC heap after
{Heap after GC invocations=21 (full 0):
 garbage-first heap   total 227328K, used 109697K [0x0000000080000000, 0x0000000100000000)
  region size 1024K, 4 young (4096K), 4 survivors (4096K)
 Metaspace       used 84853K, capacity 87003K, committed 87244K, reserved 1124352K
  class space    used 11002K, capacity 11773K, committed 11800K, reserved 1048576K
}
Event: 8.751 GC heap before
{Heap before GC invocations=21 (full 0):
 garbage-first heap   total 227328K, used 174209K [0x0000000080000000, 0x0000000100000000)
  region size 1024K, 67 young (68608K), 4 survivors (4096K)
 Metaspace       used 91813K, capacity 94141K, committed 94412K, reserved 1130496K
  class space    used 11968K, capacity 12789K, committed 12824K, reserved 1048576K
}
Event: 8.759 GC heap after
{Heap after GC invocations=22 (full 0):
 garbage-first heap   total 227328K, used 113405K [0x0000000080000000, 0x0000000100000000)
  region size 1024K, 7 young (7168K), 7 survivors (7168K)
 Metaspace       used 91813K, capacity 94141K, committed 94412K, reserved 1130496K
  class space    used 11968K, capacity 12789K, committed 12824K, reserved 1048576K
}
Event: 9.297 GC heap before
{Heap before GC invocations=23 (full 0):
 garbage-first heap   total 227328K, used 177917K [0x0000000080000000, 0x0000000100000000)
  region size 1024K, 71 young (72704K), 7 survivors (7168K)
 Metaspace       used 94378K, capacity 96781K, committed 96972K, reserved 1132544K
  class space    used 12179K, capacity 13047K, committed 13080K, reserved 1048576K
}
Event: 9.307 GC heap after
{Heap after GC invocations=24 (full 0):
 garbage-first heap   total 227328K, used 118784K [0x0000000080000000, 0x0000000100000000)
  region size 1024K, 9 young (9216K), 9 survivors (9216K)
 Metaspace       used 94378K, capacity 96781K, committed 96972K, reserved 1132544K
  class space    used 12179K, capacity 13047K, committed 13080K, reserved 1048576K
}
Event: 9.710 GC heap before
{Heap before GC invocations=24 (full 0):
 garbage-first heap   total 227328K, used 181248K [0x0000000080000000, 0x0000000100000000)
  region size 1024K, 71 young (72704K), 9 survivors (9216K)
 Metaspace       used 96760K, capacity 99173K, committed 99404K, reserved 1134592K
  class space    used 12463K, capacity 13339K, committed 13464K, reserved 1048576K
}
Event: 9.724 GC heap after
{Heap after GC invocations=25 (full 0):
 garbage-first heap   total 227328K, used 123155K [0x0000000080000000, 0x0000000100000000)
  region size 1024K, 5 young (5120K), 5 survivors (5120K)
 Metaspace       used 96760K, capacity 99173K, committed 99404K, reserved 1134592K
  class space    used 12463K, capacity 13339K, committed 13464K, reserved 1048576K
}
Event: 10.211 GC heap before
{Heap before GC invocations=26 (full 0):
 garbage-first heap   total 227328K, used 184595K [0x0000000080000000, 0x0000000100000000)
  region size 1024K, 65 young (66560K), 5 survivors (5120K)
 Metaspace       used 101159K, capacity 103606K, committed 103756K, reserved 1138688K
  class space    used 12973K, capacity 13835K, committed 13976K, reserved 1048576K
}
Event: 10.219 GC heap after
{Heap after GC invocations=27 (full 0):
 garbage-first heap   total 273408K, used 125844K [0x0000000080000000, 0x0000000100000000)
  region size 1024K, 7 young (7168K), 7 survivors (7168K)
 Metaspace       used 101159K, capacity 103606K, committed 103756K, reserved 1138688K
  class space    used 12973K, capacity 13835K, committed 13976K, reserved 1048576K
}

Deoptimization events (20 events):
Event: 10.227 Thread 0x0000022c391c1000 Uncommon trap: trap_request=0xffffffd6 fr.pc=0x0000022c28385c8c relative=0x000000000000074c
Event: 10.227 Thread 0x0000022c391c1000 Uncommon trap: reason=array_check action=maybe_recompile pc=0x0000022c28385c8c method=java.util.TimSort.binarySort([Ljava/lang/Object;IIILjava/util/Comparator;)V @ 193 c2
Event: 10.227 Thread 0x0000022c391c1000 DEOPT PACKING pc=0x0000022c28385c8c sp=0x000000d343cf6a60
Event: 10.227 Thread 0x0000022c391c1000 DEOPT UNPACKING pc=0x0000022c2032a1af sp=0x000000d343cf6a08 mode 2
Event: 10.227 Thread 0x0000022c391c1000 Uncommon trap: trap_request=0xffffffd6 fr.pc=0x0000022c28385c8c relative=0x000000000000074c
Event: 10.227 Thread 0x0000022c391c1000 Uncommon trap: reason=array_check action=maybe_recompile pc=0x0000022c28385c8c method=java.util.TimSort.binarySort([Ljava/lang/Object;IIILjava/util/Comparator;)V @ 193 c2
Event: 10.227 Thread 0x0000022c391c1000 DEOPT PACKING pc=0x0000022c28385c8c sp=0x000000d343cf6810
Event: 10.227 Thread 0x0000022c391c1000 DEOPT UNPACKING pc=0x0000022c2032a1af sp=0x000000d343cf67b8 mode 2
Event: 10.227 Thread 0x0000022c391c1000 Uncommon trap: trap_request=0xffffffd6 fr.pc=0x0000022c28385c8c relative=0x000000000000074c
Event: 10.227 Thread 0x0000022c391c1000 Uncommon trap: reason=array_check action=maybe_recompile pc=0x0000022c28385c8c method=java.util.TimSort.binarySort([Ljava/lang/Object;IIILjava/util/Comparator;)V @ 193 c2
Event: 10.227 Thread 0x0000022c391c1000 DEOPT PACKING pc=0x0000022c28385c8c sp=0x000000d343cf6a60
Event: 10.227 Thread 0x0000022c391c1000 DEOPT UNPACKING pc=0x0000022c2032a1af sp=0x000000d343cf6a08 mode 2
Event: 10.227 Thread 0x0000022c391c1000 Uncommon trap: trap_request=0xffffffd6 fr.pc=0x0000022c28385c8c relative=0x000000000000074c
Event: 10.227 Thread 0x0000022c391c1000 Uncommon trap: reason=array_check action=maybe_recompile pc=0x0000022c28385c8c method=java.util.TimSort.binarySort([Ljava/lang/Object;IIILjava/util/Comparator;)V @ 193 c2
Event: 10.227 Thread 0x0000022c391c1000 DEOPT PACKING pc=0x0000022c28385c8c sp=0x000000d343cf6810
Event: 10.227 Thread 0x0000022c391c1000 DEOPT UNPACKING pc=0x0000022c2032a1af sp=0x000000d343cf67b8 mode 2
Event: 10.231 Thread 0x0000022c391b8800 Uncommon trap: trap_request=0xffffff4d fr.pc=0x0000022c28384058 relative=0x0000000000001158
Event: 10.231 Thread 0x0000022c391b8800 Uncommon trap: reason=unstable_if action=reinterpret pc=0x0000022c28384058 method=org.gradle.cache.internal.btree.BlockPointer.isNull()Z @ 6 c2
Event: 10.231 Thread 0x0000022c391b8800 DEOPT PACKING pc=0x0000022c28384058 sp=0x000000d3443fe4e0
Event: 10.231 Thread 0x0000022c391b8800 DEOPT UNPACKING pc=0x0000022c2032a1af sp=0x000000d3443fe3b8 mode 2

Classes redefined (0 events):
No events

Internal exceptions (20 events):
Event: 7.853 Thread 0x0000022c391c1000 Implicit null exception at 0x0000022c28269ba8 to 0x0000022c2826a3e0
Event: 7.913 Thread 0x0000022c391c1000 Exception <a 'sun/nio/fs/WindowsException'{0x000000008a9a89f8}> (0x000000008a9a89f8) thrown at [./src/hotspot/share/prims/jni.cpp, line 615]
Event: 7.914 Thread 0x0000022c391c1000 Exception <a 'sun/nio/fs/WindowsException'{0x000000008a9a8e00}> (0x000000008a9a8e00) thrown at [./src/hotspot/share/prims/jni.cpp, line 615]
Event: 8.011 Thread 0x0000022c391c1000 Exception <a 'java/lang/NullPointerException'{0x0000000089f28280}> (0x0000000089f28280) thrown at [./src/hotspot/share/interpreter/linkResolver.cpp, line 1440]
Event: 8.099 Thread 0x0000022c391c1000 Implicit null exception at 0x0000022c28197039 to 0x0000022c2819fd2c
Event: 8.106 Thread 0x0000022c391c1000 Implicit null exception at 0x0000022c281b6420 to 0x0000022c281bf358
Event: 8.189 Thread 0x0000022c391c1000 Exception <a 'java/lang/NoSuchMethodError'{0x000000008cfdbc80}: 'int java.lang.invoke.DirectMethodHandle$Holder.invokeStatic(java.lang.Object, java.lang.Object, int, java.lang.Object)'> (0x000000008cfdbc80) thrown at [./src/hotspot/share/interpreter/linkResolver.cpp, line 773]
Event: 8.229 Thread 0x0000022c391c1000 Exception <a 'sun/nio/fs/WindowsException'{0x000000008cd000c0}> (0x000000008cd000c0) thrown at [./src/hotspot/share/prims/jni.cpp, line 615]
Event: 8.230 Thread 0x0000022c391c1000 Exception <a 'sun/nio/fs/WindowsException'{0x000000008cd01458}> (0x000000008cd01458) thrown at [./src/hotspot/share/prims/jni.cpp, line 615]
Event: 8.230 Thread 0x0000022c391c1000 Exception <a 'sun/nio/fs/WindowsException'{0x000000008cd025a0}> (0x000000008cd025a0) thrown at [./src/hotspot/share/prims/jni.cpp, line 615]
Event: 8.230 Thread 0x0000022c391c1000 Exception <a 'sun/nio/fs/WindowsException'{0x000000008cd036e8}> (0x000000008cd036e8) thrown at [./src/hotspot/share/prims/jni.cpp, line 615]
Event: 8.418 Thread 0x0000022c391c1000 Exception <a 'java/lang/NoSuchMethodError'{0x000000008bc2faa0}: 'int java.lang.invoke.DirectMethodHandle$Holder.invokeSpecialIFC(java.lang.Object, java.lang.Object, java.lang.Object)'> (0x000000008bc2faa0) thrown at [./src/hotspot/share/interpreter/linkResolver.cpp, line 773]
Event: 8.454 Thread 0x0000022c391c1000 Exception <a 'java/lang/NoSuchMethodError'{0x000000008b93dd38}: 'java.lang.Object java.lang.invoke.Invokers$Holder.linkToTargetMethod(java.lang.Object, java.lang.Object, java.lang.Object, int, java.lang.Object, java.lang.Object)'> (0x000000008b93dd38) thrown at [./src/hotspot/share/interpreter/linkResolver.cpp, line 773]
Event: 8.633 Thread 0x0000022c391c1000 Exception <a 'java/lang/NoSuchMethodError'{0x000000008a95bd78}: 'void java.lang.invoke.DirectMethodHandle$Holder.invokeStatic(java.lang.Object, java.lang.Object, java.lang.Object, java.lang.Object, int, java.lang.Object, java.lang.Object)'> (0x000000008a95bd78) thrown at [./src/hotspot/share/interpreter/linkResolver.cpp, line 773]
Event: 8.653 Thread 0x0000022c391c1000 Exception <a 'java/lang/IncompatibleClassChangeError'{0x000000008a71b228}: Found class java.lang.Object, but interface was expected> (0x000000008a71b228) thrown at [./src/hotspot/share/interpreter/linkResolver.cpp, line 839]
Event: 8.678 Thread 0x0000022c3b440800 Exception <a 'java/lang/IncompatibleClassChangeError'{0x000000008a569ef8}: Found class java.lang.Object, but interface was expected> (0x000000008a569ef8) thrown at [./src/hotspot/share/interpreter/linkResolver.cpp, line 839]
Event: 8.691 Thread 0x0000022c3b440800 Exception <a 'java/lang/NoSuchMethodError'{0x000000008a322138}: 'int java.lang.invoke.DirectMethodHandle$Holder.invokeStaticInit(java.lang.Object, java.lang.Object, java.lang.Object, java.lang.Object, java.lang.Object)'> (0x000000008a322138) thrown at [./src/hotspot/share/interpreter/linkResolver.cpp, line 773]
Event: 8.759 Thread 0x0000022c3682a800 Implicit null exception at 0x0000022c2826b72d to 0x0000022c2826bf7c
Event: 9.017 Thread 0x0000022c3d59c800 Exception <a 'java/lang/NoSuchMethodError'{0x000000008c7e6be8}: 'java.lang.Object java.lang.invoke.DirectMethodHandle$Holder.invokeSpecialIFC(java.lang.Object, java.lang.Object, java.lang.Object)'> (0x000000008c7e6be8) thrown at [./src/hotspot/share/interpreter/linkResolver.cpp, line 773]
Event: 9.017 Thread 0x0000022c3e02d000 Exception <a 'java/lang/NoSuchMethodError'{0x000000008c7f3ba0}: 'java.lang.Object java.lang.invoke.DirectMethodHandle$Holder.invokeSpecialIFC(java.lang.Object, java.lang.Object, java.lang.Object)'> (0x000000008c7f3ba0) thrown at [./src/hotspot/share/interpreter/linkResolver.cpp, line 773]

Events (20 events):
Event: 10.224 loading class org/jetbrains/kotlin/gradle/internal/Kapt3GradleSubplugin$createKaptKotlinTask$5$1
Event: 10.224 loading class org/jetbrains/kotlin/gradle/internal/Kapt3GradleSubplugin$createKaptKotlinTask$5$1 done
Event: 10.225 loading class org/gradle/api/internal/AbstractTask$5
Event: 10.225 loading class org/gradle/api/internal/AbstractTask$5 done
Event: 10.259 loading class com/android/build/gradle/internal/dependency/ArtifactCollectionWithExtraArtifact$TestedComponentIdentifierImpl
Event: 10.259 loading class com/android/build/gradle/internal/dependency/ArtifactCollectionWithExtraArtifact$TestedComponentIdentifierImpl done
Event: 10.260 loading class com/android/build/gradle/internal/dependency/ArtifactCollectionWithExtraArtifact$ExtraResolvedArtifactResult
Event: 10.260 loading class com/android/build/gradle/internal/dependency/ArtifactCollectionWithExtraArtifact$ExtraResolvedArtifactResult done
Event: 10.260 Executing VM operation: Deoptimize
Event: 10.262 Executing VM operation: Deoptimize done
Event: 10.285 loading class org/jetbrains/kotlin/gradle/KotlinGradleModelImpl
Event: 10.285 loading class org/jetbrains/kotlin/gradle/KotlinGradleModelImpl done
Event: 10.286 loading class org/jetbrains/kotlin/gradle/ArgsInfo
Event: 10.286 loading class org/jetbrains/kotlin/gradle/ArgsInfo done
Event: 10.286 loading class org/jetbrains/kotlin/gradle/KotlinTaskProperties
Event: 10.286 loading class org/jetbrains/kotlin/gradle/KotlinTaskProperties done
Event: 10.288 loading class com/android/tools/idea/gradle/project/sync/AndroidExtraModelProviderWorker$findKaptGradleModelForAndroidProject$1
Event: 10.288 loading class com/android/tools/idea/gradle/project/sync/AndroidExtraModelProviderWorker$findKaptGradleModelForAndroidProject$1 done
Event: 10.289 loading class com/android/tools/idea/gradle/project/sync/AndroidExtraModelProviderWorker$findKaptGradleModelForAndroidProject$1$1
Event: 10.289 loading class com/android/tools/idea/gradle/project/sync/AndroidExtraModelProviderWorker$findKaptGradleModelForAndroidProject$1$1 done


Dynamic libraries:
0x00007ff729d50000 - 0x00007ff729d5a000 	C:\Program Files\Android\Android Studio\jre\bin\java.exe
0x00007ffb7e480000 - 0x00007ffb7e689000 	C:\Windows\SYSTEM32\ntdll.dll
0x00007ffb7d530000 - 0x00007ffb7d5ed000 	C:\Windows\System32\KERNEL32.DLL
0x00007ffb7ba10000 - 0x00007ffb7bd8c000 	C:\Windows\System32\KERNELBASE.dll
0x00007ffb7c130000 - 0x00007ffb7c241000 	C:\Windows\System32\ucrtbase.dll
0x00007ffb67120000 - 0x00007ffb67139000 	C:\Program Files\Android\Android Studio\jre\bin\jli.dll
0x00007ffb78be0000 - 0x00007ffb78bf7000 	C:\Program Files\Android\Android Studio\jre\bin\VCRUNTIME140.dll
0x00007ffb7daa0000 - 0x00007ffb7dc4d000 	C:\Windows\System32\USER32.dll
0x00007ffb690d0000 - 0x00007ffb69375000 	C:\Windows\WinSxS\amd64_microsoft.windows.common-controls_6595b64144ccf1df_6.0.22000.120_none_9d947278b86cc467\COMCTL32.dll
0x00007ffb7b960000 - 0x00007ffb7b986000 	C:\Windows\System32\win32u.dll
0x00007ffb7e410000 - 0x00007ffb7e439000 	C:\Windows\System32\GDI32.dll
0x00007ffb7c010000 - 0x00007ffb7c129000 	C:\Windows\System32\gdi32full.dll
0x00007ffb7dd40000 - 0x00007ffb7dde3000 	C:\Windows\System32\msvcrt.dll
0x00007ffb7bf00000 - 0x00007ffb7bf9d000 	C:\Windows\System32\msvcp_win.dll
0x00007ffb7d400000 - 0x00007ffb7d431000 	C:\Windows\System32\IMM32.DLL
0x00007ffb67080000 - 0x00007ffb6711d000 	C:\Program Files\Android\Android Studio\jre\bin\msvcp140.dll
0x00007ffb32570000 - 0x00007ffb33055000 	C:\Program Files\Android\Android Studio\jre\bin\server\jvm.dll
0x00007ffb7d5f0000 - 0x00007ffb7d69e000 	C:\Windows\System32\ADVAPI32.dll
0x00007ffb7d9a0000 - 0x00007ffb7da3e000 	C:\Windows\System32\sechost.dll
0x00007ffb7cf40000 - 0x00007ffb7d060000 	C:\Windows\System32\RPCRT4.dll
0x00007ffb7e3f0000 - 0x00007ffb7e3f8000 	C:\Windows\System32\PSAPI.DLL
0x00007ffb71920000 - 0x00007ffb71929000 	C:\Windows\SYSTEM32\WSOCK32.dll
0x00007ffb7cca0000 - 0x00007ffb7cd0f000 	C:\Windows\System32\WS2_32.dll
0x00007ffb71ce0000 - 0x00007ffb71d13000 	C:\Windows\SYSTEM32\WINMM.dll
0x00007ffb70a90000 - 0x00007ffb70a9a000 	C:\Windows\SYSTEM32\VERSION.dll
0x00007ffb7aa10000 - 0x00007ffb7aa28000 	C:\Windows\SYSTEM32\kernel.appcore.dll
0x00007ffb696e0000 - 0x00007ffb696f1000 	C:\Program Files\Android\Android Studio\jre\bin\verify.dll
0x00007ffb75970000 - 0x00007ffb75b91000 	C:\Windows\SYSTEM32\DBGHELP.DLL
0x00007ffb6f5c0000 - 0x00007ffb6f5f1000 	C:\Windows\SYSTEM32\dbgcore.DLL
0x00007ffb7b990000 - 0x00007ffb7ba0f000 	C:\Windows\System32\bcryptPrimitives.dll
0x00007ffb696b0000 - 0x00007ffb696d9000 	C:\Program Files\Android\Android Studio\jre\bin\java.dll
0x00007ffb6baa0000 - 0x00007ffb6baab000 	C:\Program Files\Android\Android Studio\jre\bin\jimage.dll
0x00007ffb65350000 - 0x00007ffb65368000 	C:\Program Files\Android\Android Studio\jre\bin\zip.dll
0x00007ffb7c310000 - 0x00007ffb7cac8000 	C:\Windows\System32\SHELL32.dll
0x00007ffb79a80000 - 0x00007ffb7a2e8000 	C:\Windows\SYSTEM32\windows.storage.dll
0x00007ffb7d080000 - 0x00007ffb7d3f9000 	C:\Windows\System32\combase.dll
0x00007ffb79910000 - 0x00007ffb79a76000 	C:\Windows\SYSTEM32\wintypes.dll
0x00007ffb7dc50000 - 0x00007ffb7dd3a000 	C:\Windows\System32\SHCORE.dll
0x00007ffb7d860000 - 0x00007ffb7d8bd000 	C:\Windows\System32\shlwapi.dll
0x00007ffb7b890000 - 0x00007ffb7b8b1000 	C:\Windows\SYSTEM32\profapi.dll
0x00007ffb64b80000 - 0x00007ffb64b9a000 	C:\Program Files\Android\Android Studio\jre\bin\net.dll
0x00007ffb76c60000 - 0x00007ffb76d6c000 	C:\Windows\SYSTEM32\WINHTTP.dll
0x00007ffb7ae30000 - 0x00007ffb7ae97000 	C:\Windows\system32\mswsock.dll
0x00007ffb63940000 - 0x00007ffb63954000 	C:\Program Files\Android\Android Studio\jre\bin\nio.dll
0x00007ffb67140000 - 0x00007ffb67167000 	C:\Users\Prathamesh\.gradle\native\e1d6ef7f7dcc3fd88c89a11ec53ec762bb8ba0a96d01ffa2cd45eb1d1d8dd5c5\windows-amd64\native-platform.dll
0x00007ffb6be20000 - 0x00007ffb6bf64000 	C:\Users\Prathamesh\.gradle\native\5664cfc778a61ccfe75a443a1ab52a65af34e5dc3c78e0209fed803814484fcb\windows-amd64\native-platform-file-events.dll
0x00007ffb697b0000 - 0x00007ffb697ba000 	C:\Program Files\Android\Android Studio\jre\bin\management.dll
0x00007ffb64b70000 - 0x00007ffb64b7d000 	C:\Program Files\Android\Android Studio\jre\bin\management_ext.dll
0x00007ffb7b110000 - 0x00007ffb7b128000 	C:\Windows\SYSTEM32\CRYPTSP.dll
0x00007ffb7a970000 - 0x00007ffb7a9a5000 	C:\Windows\system32\rsaenh.dll
0x00007ffb7aed0000 - 0x00007ffb7aef9000 	C:\Windows\SYSTEM32\USERENV.dll
0x00007ffb7b250000 - 0x00007ffb7b277000 	C:\Windows\SYSTEM32\bcrypt.dll
0x00007ffb7b020000 - 0x00007ffb7b02c000 	C:\Windows\SYSTEM32\CRYPTBASE.dll
0x00007ffb7a540000 - 0x00007ffb7a56d000 	C:\Windows\SYSTEM32\IPHLPAPI.DLL
0x00007ffb7de10000 - 0x00007ffb7de19000 	C:\Windows\System32\NSI.dll
0x00007ffb76ae0000 - 0x00007ffb76af9000 	C:\Windows\SYSTEM32\dhcpcsvc6.DLL
0x00007ffb76fb0000 - 0x00007ffb76fce000 	C:\Windows\SYSTEM32\dhcpcsvc.DLL
0x00007ffb7a570000 - 0x00007ffb7a658000 	C:\Windows\SYSTEM32\DNSAPI.dll

dbghelp: loaded successfully - version: 4.0.5 - missing functions: none
symbol engine: initialized successfully - sym options: 0x614 - pdb path: .;C:\Program Files\Android\Android Studio\jre\bin;C:\Windows\SYSTEM32;C:\Windows\WinSxS\amd64_microsoft.windows.common-controls_6595b64144ccf1df_6.0.22000.120_none_9d947278b86cc467;C:\Program Files\Android\Android Studio\jre\bin\server;C:\Users\Prathamesh\.gradle\native\e1d6ef7f7dcc3fd88c89a11ec53ec762bb8ba0a96d01ffa2cd45eb1d1d8dd5c5\windows-amd64;C:\Users\Prathamesh\.gradle\native\5664cfc778a61ccfe75a443a1ab52a65af34e5dc3c78e0209fed803814484fcb\windows-amd64

VM Arguments:
jvm_args: --add-opens=java.base/java.util=ALL-UNNAMED --add-opens=java.base/java.lang=ALL-UNNAMED --add-opens=java.base/java.lang.invoke=ALL-UNNAMED --add-opens=java.base/java.util=ALL-UNNAMED --add-opens=java.prefs/java.util.prefs=ALL-UNNAMED --add-opens=java.prefs/java.util.prefs=ALL-UNNAMED --add-opens=java.base/java.nio.charset=ALL-UNNAMED --add-opens=java.base/java.net=ALL-UNNAMED --add-opens=java.base/java.util.concurrent.atomic=ALL-UNNAMED -Xmx2048m -Dfile.encoding=UTF-8 -Duser.country=IN -Duser.language=en -Duser.variant 
java_command: org.gradle.launcher.daemon.bootstrap.GradleDaemon 7.3.3
java_class_path (initial): C:\Users\Prathamesh\.gradle\wrapper\dists\gradle-7.3.3-bin\6a41zxkdtcxs8rphpq6y0069z\gradle-7.3.3\lib\gradle-launcher-7.3.3.jar
Launcher Type: SUN_STANDARD

[Global flags]
     intx CICompilerCount                          = 3                                         {product} {ergonomic}
     uint ConcGCThreads                            = 2                                         {product} {ergonomic}
     uint G1ConcRefinementThreads                  = 6                                         {product} {ergonomic}
   size_t G1HeapRegionSize                         = 1048576                                   {product} {ergonomic}
    uintx GCDrainStackTargetSize                   = 64                                        {product} {ergonomic}
   size_t InitialHeapSize                          = 134217728                                 {product} {ergonomic}
   size_t MarkStackSize                            = 4194304                                   {product} {ergonomic}
   size_t MaxHeapSize                              = 2147483648                                {product} {command line}
   size_t MaxNewSize                               = 1287651328                                {product} {ergonomic}
   size_t MinHeapDeltaBytes                        = 1048576                                   {product} {ergonomic}
    uintx NonNMethodCodeHeapSize                   = 5830732                                {pd product} {ergonomic}
    uintx NonProfiledCodeHeapSize                  = 122913754                              {pd product} {ergonomic}
    uintx ProfiledCodeHeapSize                     = 122913754                              {pd product} {ergonomic}
    uintx ReservedCodeCacheSize                    = 251658240                              {pd product} {ergonomic}
     bool SegmentedCodeCache                       = true                                      {product} {ergonomic}
     bool UseCompressedClassPointers               = true                                 {lp64_product} {ergonomic}
     bool UseCompressedOops                        = true                                 {lp64_product} {ergonomic}
     bool UseG1GC                                  = true                                      {product} {ergonomic}
     bool UseLargePagesIndividualAllocation        = false                                  {pd product} {ergonomic}

Logging:
Log output configuration:
 #0: stdout all=warning uptime,level,tags
 #1: stderr all=off uptime,level,tags

Environment Variables:
PATH=C:\Program Files (x86)\Common Files\Oracle\Java\javapath;C:\Windows\system32;C:\Windows;C:\Windows\System32\Wbem;C:\Windows\System32\WindowsPowerShell\v1.0\;C:\Windows\System32\OpenSSH\;C:\Program Files\Git\cmd;C:\Program Files\Microsoft VS Code\bin;C:\Users\Prathamesh\AppData\Local\Microsoft\WindowsApps;
USERNAME=Prathamesh
OS=Windows_NT
PROCESSOR_IDENTIFIER=AMD64 Family 23 Model 113 Stepping 0, AuthenticAMD



---------------  S Y S T E M  ---------------

OS: Windows 10 , 64 bit Build 22000 (10.0.22000.708)
OS uptime: 0 days 0:21 hours
Hyper-V role detected

CPU:total 6 (initial active 6) (6 cores per cpu, 1 threads per core) family 23 model 113 stepping 0 microcode 0x0, cmov, cx8, fxsr, mmx, sse, sse2, sse3, ssse3, sse4.1, sse4.2, popcnt, avx, avx2, aes, clmul, mmxext, 3dnowpref, lzcnt, sse4a, tsc, tscinvbit, tscinv, bmi1, bmi2, adx, sha, fma

Memory: 4k page, system-wide physical 8117M (491M free)
TotalPageFile size 8117M (AvailPageFile size 4M)
current process WorkingSet (physical memory assigned to process): 506M, peak: 523M
current process commit charge ("private bytes"): 588M, peak: 588M

vm_info: OpenJDK 64-Bit Server VM (11.0.12+7-b1504.28-7817840) for windows-amd64 JRE (11.0.12+7-b1504.28-7817840), built on Oct 13 2021 22:12:33 by "builder" with MS VC++ 14.0 (VS2015)

END.
