#
# There is insufficient memory for the Java Runtime Environment to continue.
# Native memory allocation (malloc) failed to allocate 32744 bytes for ChunkPool::allocate
# Possible reasons:
#   The system is out of physical RAM or swap space
#   The process is running with CompressedOops enabled, and the Java Heap may be blocking the growth of the native heap
# Possible solutions:
#   Reduce memory load on the system
#   Increase physical memory or swap space
#   Check if swap backing store is full
#   Decrease Java heap size (-Xmx/-Xms)
#   Decrease number of Java threads
#   Decrease Java thread stack sizes (-Xss)
#   Set larger code cache with -XX:ReservedCodeCacheSize=
#   JVM is running with Unscaled Compressed Oops mode in which the Java heap is
#     placed in the first 4GB address space. The Java Heap base address is the
#     maximum limit for the native heap growth. Please use -XX:HeapBaseMinAddress
#     to set the Java Heap base and to place the Java Heap above 4GB virtual address.
# This output file may be truncated or incomplete.
#
#  Out of Memory Error (./src/hotspot/share/memory/arena.cpp:81), pid=1044, tid=12352
#
# JRE version: OpenJDK Runtime Environment (11.0.12+7) (build 11.0.12+7-b1504.28-7817840)
# Java VM: OpenJDK 64-Bit Server VM (11.0.12+7-b1504.28-7817840, mixed mode, tiered, compressed oops, g1 gc, windows-amd64)
# No core dump will be written. Minidumps are not enabled by default on client versions of Windows
#

---------------  S U M M A R Y ------------

Command Line: --add-opens=java.base/java.util=ALL-UNNAMED --add-opens=java.base/java.lang=ALL-UNNAMED --add-opens=java.base/java.lang.invoke=ALL-UNNAMED --add-opens=java.base/java.util=ALL-UNNAMED --add-opens=java.prefs/java.util.prefs=ALL-UNNAMED --add-opens=java.prefs/java.util.prefs=ALL-UNNAMED --add-opens=java.base/java.nio.charset=ALL-UNNAMED --add-opens=java.base/java.net=ALL-UNNAMED --add-opens=java.base/java.util.concurrent.atomic=ALL-UNNAMED -Xmx2048m -Dfile.encoding=UTF-8 -Duser.country=IN -Duser.language=en -Duser.variant org.gradle.launcher.daemon.bootstrap.GradleDaemon 7.3.3

Host: AMD Ryzen 5 3500 6-Core Processor              , 6 cores, 7G,  Windows 10 , 64 bit Build 22000 (10.0.22000.708)
Time: Mon Oct 10 15:43:13 2022 India Standard Time elapsed time: 27.826402 seconds (0d 0h 0m 27s)

---------------  T H R E A D  ---------------

Current thread (0x000001cd1b3b8800):  JavaThread "C2 CompilerThread0" daemon [_thread_in_native, id=12352, stack(0x0000002e0df00000,0x0000002e0e000000)]


Current CompileTask:
C2:  27826 13285       4       org.gradle.internal.service.DefaultServiceRegistry$SingletonService::get (5 bytes)

Stack: [0x0000002e0df00000,0x0000002e0e000000]
Native frames: (J=compiled Java code, j=interpreted, Vv=VM code, C=native code)
V  [jvm.dll+0x5fbcea]
V  [jvm.dll+0x731905]
V  [jvm.dll+0x732f1d]
V  [jvm.dll+0x7335d3]
V  [jvm.dll+0x247bf8]
V  [jvm.dll+0xc041b]
V  [jvm.dll+0xc06cc]
V  [jvm.dll+0x592838]
V  [jvm.dll+0x59308f]
V  [jvm.dll+0x591c6e]
V  [jvm.dll+0x2004a2]
V  [jvm.dll+0x1ff794]
V  [jvm.dll+0x18868c]
V  [jvm.dll+0x20e0d7]
V  [jvm.dll+0x20c901]
V  [jvm.dll+0x6f9b7f]
V  [jvm.dll+0x6f26a5]
V  [jvm.dll+0x5fabf6]
C  [ucrtbase.dll+0x26c0c]
C  [KERNEL32.DLL+0x154e0]
C  [ntdll.dll+0x485b]


---------------  P R O C E S S  ---------------

Threads class SMR info:
_java_thread_list=0x000001cd2014da30, length=39, elements={
0x000001cd7feea800, 0x000001cd1bbc1800, 0x000001cd1bbcf000, 0x000001cd1b3b2000,
0x000001cd1b3b3000, 0x000001cd1b3b4000, 0x000001cd1b3b8800, 0x000001cd1b3b9800,
0x000001cd1bc3f000, 0x000001cd1bd9a000, 0x000001cd1e2e8000, 0x000001cd1cf0b800,
0x000001cd1d6ce000, 0x000001cd1cfbc800, 0x000001cd1d047800, 0x000001cd1df4e000,
0x000001cd1df4d800, 0x000001cd1df4c800, 0x000001cd1df4a000, 0x000001cd1df50800,
0x000001cd1df4c000, 0x000001cd1df4b000, 0x000001cd1ea26800, 0x000001cd1ea26000,
0x000001cd1ea25000, 0x000001cd1ea2a000, 0x000001cd1ea2c800, 0x000001cd1ea2d800,
0x000001cd21f4b800, 0x000001cd21f47800, 0x000001cd21f48000, 0x000001cd21f49000,
0x000001cd21f43800, 0x000001cd21f46000, 0x000001cd21f4a000, 0x000001cd21f46800,
0x000001cd21f44000, 0x000001cd21f4a800, 0x000001cd21f45000
}

Java Threads: ( => current thread )
  0x000001cd7feea800 JavaThread "main" [_thread_blocked, id=6472, stack(0x0000002e0d300000,0x0000002e0d400000)]
  0x000001cd1bbc1800 JavaThread "Reference Handler" daemon [_thread_blocked, id=7492, stack(0x0000002e0da00000,0x0000002e0db00000)]
  0x000001cd1bbcf000 JavaThread "Finalizer" daemon [_thread_blocked, id=5900, stack(0x0000002e0db00000,0x0000002e0dc00000)]
  0x000001cd1b3b2000 JavaThread "Signal Dispatcher" daemon [_thread_blocked, id=952, stack(0x0000002e0dc00000,0x0000002e0dd00000)]
  0x000001cd1b3b3000 JavaThread "Attach Listener" daemon [_thread_blocked, id=13028, stack(0x0000002e0dd00000,0x0000002e0de00000)]
  0x000001cd1b3b4000 JavaThread "Service Thread" daemon [_thread_blocked, id=8968, stack(0x0000002e0de00000,0x0000002e0df00000)]
=>0x000001cd1b3b8800 JavaThread "C2 CompilerThread0" daemon [_thread_in_native, id=12352, stack(0x0000002e0df00000,0x0000002e0e000000)]
  0x000001cd1b3b9800 JavaThread "C1 CompilerThread0" daemon [_thread_in_native, id=1592, stack(0x0000002e0e000000,0x0000002e0e100000)]
  0x000001cd1bc3f000 JavaThread "Sweeper thread" daemon [_thread_blocked, id=9984, stack(0x0000002e0e100000,0x0000002e0e200000)]
  0x000001cd1bd9a000 JavaThread "Common-Cleaner" daemon [_thread_blocked, id=1172, stack(0x0000002e0e200000,0x0000002e0e300000)]
  0x000001cd1e2e8000 JavaThread "Daemon health stats" [_thread_blocked, id=10520, stack(0x0000002e0e700000,0x0000002e0e800000)]
  0x000001cd1cf0b800 JavaThread "Incoming local TCP Connector on port 56894" [_thread_in_native, id=12268, stack(0x0000002e0e900000,0x0000002e0ea00000)]
  0x000001cd1d6ce000 JavaThread "Daemon periodic checks" [_thread_blocked, id=2976, stack(0x0000002e0ea00000,0x0000002e0eb00000)]
  0x000001cd1cfbc800 JavaThread "Daemon" [_thread_blocked, id=12828, stack(0x0000002e0eb00000,0x0000002e0ec00000)]
  0x000001cd1d047800 JavaThread "Daemon worker" [_thread_in_vm, id=13132, stack(0x0000002e0ee00000,0x0000002e0ef00000)]
  0x000001cd1df4e000 JavaThread "Cache worker for journal cache (C:\Users\Prathamesh\.gradle\caches\journal-1)" [_thread_blocked, id=7772, stack(0x0000002e0f200000,0x0000002e0f300000)]
  0x000001cd1df4d800 JavaThread "File lock request listener" [_thread_in_native, id=12672, stack(0x0000002e0f300000,0x0000002e0f400000)]
  0x000001cd1df4c800 JavaThread "Cache worker for file hash cache (C:\Users\Prathamesh\.gradle\caches\7.3.3\fileHashes)" [_thread_blocked, id=12424, stack(0x0000002e0f700000,0x0000002e0f800000)]
  0x000001cd1df4a000 JavaThread "File watcher server" daemon [_thread_in_native, id=2312, stack(0x0000002e0f900000,0x0000002e0fa00000)]
  0x000001cd1df50800 JavaThread "File watcher consumer" daemon [_thread_blocked, id=8024, stack(0x0000002e0fa00000,0x0000002e0fb00000)]
  0x000001cd1df4c000 JavaThread "jar transforms" [_thread_blocked, id=5712, stack(0x0000002e0fb00000,0x0000002e0fc00000)]
  0x000001cd1df4b000 JavaThread "jar transforms Thread 2" [_thread_blocked, id=4848, stack(0x0000002e0fc00000,0x0000002e0fd00000)]
  0x000001cd1ea26800 JavaThread "jar transforms Thread 3" [_thread_blocked, id=12404, stack(0x0000002e0fd00000,0x0000002e0fe00000)]
  0x000001cd1ea26000 JavaThread "jar transforms Thread 4" [_thread_blocked, id=7740, stack(0x0000002e0fe00000,0x0000002e0ff00000)]
  0x000001cd1ea25000 JavaThread "jar transforms Thread 5" [_thread_blocked, id=10600, stack(0x0000002e0ff00000,0x0000002e10000000)]
  0x000001cd1ea2a000 JavaThread "jar transforms Thread 6" [_thread_blocked, id=4388, stack(0x0000002e10000000,0x0000002e10100000)]
  0x000001cd1ea2c800 JavaThread "Cache worker for execution history cache (C:\Users\Prathamesh\.gradle\caches\7.3.3\executionHistory)" [_thread_blocked, id=11592, stack(0x0000002e10400000,0x0000002e10500000)]
  0x000001cd1ea2d800 JavaThread "Cache worker for file content cache (C:\Users\Prathamesh\.gradle\caches\7.3.3\fileContent)" [_thread_blocked, id=12492, stack(0x0000002e10500000,0x0000002e10600000)]
  0x000001cd21f4b800 JavaThread "Memory manager" [_thread_blocked, id=11576, stack(0x0000002e14400000,0x0000002e14500000)]
  0x000001cd21f47800 JavaThread "Handler for socket connection from /127.0.0.1:56894 to /127.0.0.1:56921" [_thread_in_native, id=4616, stack(0x0000002e0ec00000,0x0000002e0ed00000)]
  0x000001cd21f48000 JavaThread "Cancel handler" [_thread_blocked, id=4020, stack(0x0000002e0ed00000,0x0000002e0ee00000)]
  0x000001cd21f49000 JavaThread "Asynchronous log dispatcher for DefaultDaemonConnection: socket connection from /127.0.0.1:56894 to /127.0.0.1:56921" [_thread_blocked, id=9988, stack(0x0000002e0ef00000,0x0000002e0f000000)]
  0x000001cd21f43800 JavaThread "Stdin handler" [_thread_blocked, id=10528, stack(0x0000002e0f000000,0x0000002e0f100000)]
  0x000001cd21f46000 JavaThread "Daemon client event forwarder" [_thread_blocked, id=7732, stack(0x0000002e0f100000,0x0000002e0f200000)]
  0x000001cd21f4a000 JavaThread "Cache worker for file hash cache (D:\Jobs\DuoLop\Camera\.gradle\7.3.3\fileHashes)" [_thread_blocked, id=1524, stack(0x0000002e0f800000,0x0000002e0f900000)]
  0x000001cd21f46800 JavaThread "Cache worker for checksums cache (D:\Jobs\DuoLop\Camera\.gradle\7.3.3\checksums)" [_thread_blocked, id=11704, stack(0x0000002e10100000,0x0000002e10200000)]
  0x000001cd21f44000 JavaThread "Cache worker for cache directory md-supplier (C:\Users\Prathamesh\.gradle\caches\7.3.3\md-supplier)" [_thread_blocked, id=5348, stack(0x0000002e10200000,0x0000002e10300000)]
  0x000001cd21f4a800 JavaThread "Cache worker for cache directory md-rule (C:\Users\Prathamesh\.gradle\caches\7.3.3\md-rule)" [_thread_blocked, id=12920, stack(0x0000002e10300000,0x0000002e10400000)]
  0x000001cd21f45000 JavaThread "Cache worker for dependencies-accessors (D:\Jobs\DuoLop\Camera\.gradle\7.3.3\dependencies-accessors)" [_thread_blocked, id=11920, stack(0x0000002e10600000,0x0000002e10700000)]

Other Threads:
  0x000001cd1b3a6000 VMThread "VM Thread" [stack: 0x0000002e0d900000,0x0000002e0da00000] [id=10712]
  0x000001cd1bdb1000 WatcherThread [stack: 0x0000002e0e300000,0x0000002e0e400000] [id=10348]
  0x000001cd7ff02000 GCTaskThread "GC Thread#0" [stack: 0x0000002e0d400000,0x0000002e0d500000] [id=6216]
  0x000001cd1c354800 GCTaskThread "GC Thread#1" [stack: 0x0000002e0e500000,0x0000002e0e600000] [id=11152]
  0x000001cd1c4f4000 GCTaskThread "GC Thread#2" [stack: 0x0000002e0e600000,0x0000002e0e700000] [id=12064]
  0x000001cd1dac1000 GCTaskThread "GC Thread#3" [stack: 0x0000002e0e800000,0x0000002e0e900000] [id=5228]
  0x000001cd1de1f000 GCTaskThread "GC Thread#4" [stack: 0x0000002e0f400000,0x0000002e0f500000] [id=12012]
  0x000001cd1dbcf000 GCTaskThread "GC Thread#5" [stack: 0x0000002e0f500000,0x0000002e0f600000] [id=4568]
  0x000001cd7ff36000 ConcurrentGCThread "G1 Main Marker" [stack: 0x0000002e0d500000,0x0000002e0d600000] [id=1512]
  0x000001cd7ff38000 ConcurrentGCThread "G1 Conc#0" [stack: 0x0000002e0d600000,0x0000002e0d700000] [id=13172]
  0x000001cd1e7b5800 ConcurrentGCThread "G1 Conc#1" [stack: 0x0000002e0f600000,0x0000002e0f700000] [id=10316]
  0x000001cd7ffce800 ConcurrentGCThread "G1 Refine#0" [stack: 0x0000002e0d700000,0x0000002e0d800000] [id=6096]
  0x000001cd1b1f5800 ConcurrentGCThread "G1 Young RemSet Sampling" [stack: 0x0000002e0d800000,0x0000002e0d900000] [id=8980]

Threads with active compile tasks:
C2 CompilerThread0  27895 13285       4       org.gradle.internal.service.DefaultServiceRegistry$SingletonService::get (5 bytes)
C1 CompilerThread0  27895 13383       2       jdk.internal.reflect.AccessorGenerator::emitBoxingContantPoolEntries (1437 bytes)

VM state:not at safepoint (normal execution)

VM Mutex/Monitor currently owned by a thread: None

Heap address: 0x0000000080000000, size: 2048 MB, Compressed Oops mode: 32-bit
Narrow klass base: 0x0000000000000000, Narrow klass shift: 3
Compressed class space size: 1073741824 Address: 0x0000000100000000

Heap:
 garbage-first heap   total 227328K, used 158364K [0x0000000080000000, 0x0000000100000000)
  region size 1024K, 33 young (33792K), 9 survivors (9216K)
 Metaspace       used 114933K, capacity 117815K, committed 118008K, reserved 1150976K
  class space    used 14781K, capacity 15825K, committed 15896K, reserved 1048576K
Heap Regions: E=young(eden), S=young(survivor), O=old, HS=humongous(starts), HC=humongous(continues), CS=collection set, F=free, A=archive, TAMS=top-at-mark-start (previous, next)
|   0|0x0000000080000000, 0x0000000080100000, 0x0000000080100000|100%| O|  |TAMS 0x0000000080100000, 0x0000000080000000| Untracked 
|   1|0x0000000080100000, 0x0000000080200000, 0x0000000080200000|100%| O|  |TAMS 0x0000000080200000, 0x0000000080100000| Untracked 
|   2|0x0000000080200000, 0x0000000080300000, 0x0000000080300000|100%| O|  |TAMS 0x0000000080300000, 0x0000000080200000| Untracked 
|   3|0x0000000080300000, 0x0000000080400000, 0x0000000080400000|100%|HS|  |TAMS 0x0000000080400000, 0x0000000080300000| Complete 
|   4|0x0000000080400000, 0x0000000080500000, 0x0000000080500000|100%|HC|  |TAMS 0x0000000080500000, 0x0000000080400000| Complete 
|   5|0x0000000080500000, 0x0000000080600000, 0x0000000080600000|100%|HC|  |TAMS 0x0000000080600000, 0x0000000080500000| Complete 
|   6|0x0000000080600000, 0x0000000080700000, 0x0000000080700000|100%| O|  |TAMS 0x0000000080700000, 0x0000000080600000| Untracked 
|   7|0x0000000080700000, 0x0000000080800000, 0x0000000080800000|100%| O|  |TAMS 0x0000000080800000, 0x0000000080700000| Untracked 
|   8|0x0000000080800000, 0x0000000080900000, 0x0000000080900000|100%| O|  |TAMS 0x0000000080900000, 0x0000000080800000| Untracked 
|   9|0x0000000080900000, 0x0000000080a00000, 0x0000000080a00000|100%| O|  |TAMS 0x0000000080a00000, 0x0000000080900000| Untracked 
|  10|0x0000000080a00000, 0x0000000080b00000, 0x0000000080b00000|100%| O|  |TAMS 0x0000000080b00000, 0x0000000080a00000| Untracked 
|  11|0x0000000080b00000, 0x0000000080c00000, 0x0000000080c00000|100%| O|  |TAMS 0x0000000080c00000, 0x0000000080b00000| Untracked 
|  12|0x0000000080c00000, 0x0000000080d00000, 0x0000000080d00000|100%| O|  |TAMS 0x0000000080d00000, 0x0000000080c00000| Untracked 
|  13|0x0000000080d00000, 0x0000000080e00000, 0x0000000080e00000|100%| O|  |TAMS 0x0000000080e00000, 0x0000000080d00000| Untracked 
|  14|0x0000000080e00000, 0x0000000080f00000, 0x0000000080f00000|100%| O|  |TAMS 0x0000000080f00000, 0x0000000080e00000| Untracked 
|  15|0x0000000080f00000, 0x0000000081000000, 0x0000000081000000|100%| O|  |TAMS 0x0000000081000000, 0x0000000080f00000| Untracked 
|  16|0x0000000081000000, 0x0000000081100000, 0x0000000081100000|100%|HS|  |TAMS 0x0000000081100000, 0x0000000081000000| Complete 
|  17|0x0000000081100000, 0x0000000081200000, 0x0000000081200000|100%|HC|  |TAMS 0x0000000081200000, 0x0000000081100000| Complete 
|  18|0x0000000081200000, 0x0000000081300000, 0x0000000081300000|100%|HS|  |TAMS 0x0000000081300000, 0x0000000081200000| Complete 
|  19|0x0000000081300000, 0x0000000081400000, 0x0000000081400000|100%|HC|  |TAMS 0x0000000081400000, 0x0000000081300000| Complete 
|  20|0x0000000081400000, 0x0000000081500000, 0x0000000081500000|100%|HC|  |TAMS 0x0000000081500000, 0x0000000081400000| Complete 
|  21|0x0000000081500000, 0x0000000081600000, 0x0000000081600000|100%|HS|  |TAMS 0x0000000081600000, 0x0000000081500000| Complete 
|  22|0x0000000081600000, 0x0000000081700000, 0x0000000081700000|100%|HS|  |TAMS 0x0000000081700000, 0x0000000081600000| Complete 
|  23|0x0000000081700000, 0x0000000081800000, 0x0000000081800000|100%|HC|  |TAMS 0x0000000081800000, 0x0000000081700000| Complete 
|  24|0x0000000081800000, 0x0000000081900000, 0x0000000081900000|100%|HC|  |TAMS 0x0000000081900000, 0x0000000081800000| Complete 
|  25|0x0000000081900000, 0x0000000081a00000, 0x0000000081a00000|100%|HC|  |TAMS 0x0000000081a00000, 0x0000000081900000| Complete 
|  26|0x0000000081a00000, 0x0000000081b00000, 0x0000000081b00000|100%| O|  |TAMS 0x0000000081b00000, 0x0000000081a00000| Untracked 
|  27|0x0000000081b00000, 0x0000000081c00000, 0x0000000081c00000|100%| O|  |TAMS 0x0000000081c00000, 0x0000000081b00000| Untracked 
|  28|0x0000000081c00000, 0x0000000081d00000, 0x0000000081d00000|100%| O|  |TAMS 0x0000000081d00000, 0x0000000081c00000| Untracked 
|  29|0x0000000081d00000, 0x0000000081e00000, 0x0000000081e00000|100%|HS|  |TAMS 0x0000000081e00000, 0x0000000081d00000| Complete 
|  30|0x0000000081e00000, 0x0000000081f00000, 0x0000000081f00000|100%|HS|  |TAMS 0x0000000081f00000, 0x0000000081e00000| Complete 
|  31|0x0000000081f00000, 0x0000000082000000, 0x0000000082000000|100%| O|  |TAMS 0x0000000082000000, 0x0000000081f00000| Untracked 
|  32|0x0000000082000000, 0x0000000082100000, 0x0000000082100000|100%| O|  |TAMS 0x0000000082100000, 0x0000000082000000| Untracked 
|  33|0x0000000082100000, 0x0000000082200000, 0x0000000082200000|100%| O|  |TAMS 0x0000000082200000, 0x0000000082100000| Untracked 
|  34|0x0000000082200000, 0x0000000082300000, 0x0000000082300000|100%| O|  |TAMS 0x0000000082300000, 0x0000000082200000| Untracked 
|  35|0x0000000082300000, 0x0000000082400000, 0x0000000082400000|100%| O|  |TAMS 0x0000000082400000, 0x0000000082300000| Untracked 
|  36|0x0000000082400000, 0x0000000082500000, 0x0000000082500000|100%| O|  |TAMS 0x0000000082500000, 0x0000000082400000| Untracked 
|  37|0x0000000082500000, 0x0000000082600000, 0x0000000082600000|100%|HS|  |TAMS 0x0000000082600000, 0x0000000082500000| Complete 
|  38|0x0000000082600000, 0x0000000082700000, 0x0000000082700000|100%|HC|  |TAMS 0x0000000082700000, 0x0000000082600000| Complete 
|  39|0x0000000082700000, 0x0000000082800000, 0x0000000082800000|100%|HC|  |TAMS 0x0000000082800000, 0x0000000082700000| Complete 
|  40|0x0000000082800000, 0x0000000082900000, 0x0000000082900000|100%| O|  |TAMS 0x0000000082900000, 0x0000000082800000| Untracked 
|  41|0x0000000082900000, 0x0000000082a00000, 0x0000000082a00000|100%| O|  |TAMS 0x0000000082a00000, 0x0000000082900000| Untracked 
|  42|0x0000000082a00000, 0x0000000082b00000, 0x0000000082b00000|100%| O|  |TAMS 0x0000000082b00000, 0x0000000082a00000| Untracked 
|  43|0x0000000082b00000, 0x0000000082c00000, 0x0000000082c00000|100%| O|  |TAMS 0x0000000082c00000, 0x0000000082b00000| Untracked 
|  44|0x0000000082c00000, 0x0000000082d00000, 0x0000000082d00000|100%| O|  |TAMS 0x0000000082d00000, 0x0000000082c00000| Untracked 
|  45|0x0000000082d00000, 0x0000000082e00000, 0x0000000082e00000|100%| O|  |TAMS 0x0000000082e00000, 0x0000000082d00000| Untracked 
|  46|0x0000000082e00000, 0x0000000082f00000, 0x0000000082f00000|100%|HS|  |TAMS 0x0000000082f00000, 0x0000000082e00000| Complete 
|  47|0x0000000082f00000, 0x0000000083000000, 0x0000000083000000|100%|HC|  |TAMS 0x0000000083000000, 0x0000000082f00000| Complete 
|  48|0x0000000083000000, 0x0000000083100000, 0x0000000083100000|100%|HC|  |TAMS 0x0000000083100000, 0x0000000083000000| Complete 
|  49|0x0000000083100000, 0x0000000083200000, 0x0000000083200000|100%|HC|  |TAMS 0x0000000083200000, 0x0000000083100000| Complete 
|  50|0x0000000083200000, 0x0000000083300000, 0x0000000083300000|100%|HS|  |TAMS 0x0000000083300000, 0x0000000083200000| Complete 
|  51|0x0000000083300000, 0x0000000083400000, 0x0000000083400000|100%|HS|  |TAMS 0x0000000083400000, 0x0000000083300000| Complete 
|  52|0x0000000083400000, 0x0000000083500000, 0x0000000083500000|100%|HS|  |TAMS 0x0000000083500000, 0x0000000083400000| Complete 
|  53|0x0000000083500000, 0x0000000083600000, 0x0000000083600000|100%|HC|  |TAMS 0x0000000083600000, 0x0000000083500000| Complete 
|  54|0x0000000083600000, 0x0000000083700000, 0x0000000083700000|100%|HC|  |TAMS 0x0000000083700000, 0x0000000083600000| Complete 
|  55|0x0000000083700000, 0x0000000083800000, 0x0000000083800000|100%|HS|  |TAMS 0x0000000083800000, 0x0000000083700000| Complete 
|  56|0x0000000083800000, 0x0000000083900000, 0x0000000083900000|100%|HC|  |TAMS 0x0000000083900000, 0x0000000083800000| Complete 
|  57|0x0000000083900000, 0x0000000083a00000, 0x0000000083a00000|100%| O|  |TAMS 0x0000000083a00000, 0x0000000083900000| Untracked 
|  58|0x0000000083a00000, 0x0000000083b00000, 0x0000000083b00000|100%| O|  |TAMS 0x0000000083b00000, 0x0000000083a00000| Untracked 
|  59|0x0000000083b00000, 0x0000000083c00000, 0x0000000083c00000|100%| O|  |TAMS 0x0000000083c00000, 0x0000000083b00000| Untracked 
|  60|0x0000000083c00000, 0x0000000083d00000, 0x0000000083d00000|100%| O|  |TAMS 0x0000000083d00000, 0x0000000083c00000| Untracked 
|  61|0x0000000083d00000, 0x0000000083e00000, 0x0000000083e00000|100%| O|  |TAMS 0x0000000083e00000, 0x0000000083d00000| Untracked 
|  62|0x0000000083e00000, 0x0000000083f00000, 0x0000000083f00000|100%| O|  |TAMS 0x0000000083f00000, 0x0000000083e00000| Untracked 
|  63|0x0000000083f00000, 0x0000000084000000, 0x0000000084000000|100%| O|  |TAMS 0x0000000084000000, 0x0000000083f00000| Untracked 
|  64|0x0000000084000000, 0x0000000084100000, 0x0000000084100000|100%| O|  |TAMS 0x0000000084100000, 0x0000000084000000| Untracked 
|  65|0x0000000084100000, 0x0000000084200000, 0x0000000084200000|100%| O|  |TAMS 0x0000000084200000, 0x0000000084100000| Untracked 
|  66|0x0000000084200000, 0x0000000084300000, 0x0000000084300000|100%| O|  |TAMS 0x0000000084300000, 0x0000000084200000| Untracked 
|  67|0x0000000084300000, 0x0000000084400000, 0x0000000084400000|100%| O|  |TAMS 0x0000000084400000, 0x0000000084300000| Untracked 
|  68|0x0000000084400000, 0x0000000084500000, 0x0000000084500000|100%| O|  |TAMS 0x0000000084500000, 0x0000000084400000| Untracked 
|  69|0x0000000084500000, 0x0000000084600000, 0x0000000084600000|100%| O|  |TAMS 0x0000000084600000, 0x0000000084500000| Untracked 
|  70|0x0000000084600000, 0x0000000084700000, 0x0000000084700000|100%| O|  |TAMS 0x0000000084700000, 0x0000000084600000| Untracked 
|  71|0x0000000084700000, 0x0000000084800000, 0x0000000084800000|100%| O|  |TAMS 0x0000000084800000, 0x0000000084700000| Untracked 
|  72|0x0000000084800000, 0x0000000084900000, 0x0000000084900000|100%| O|  |TAMS 0x0000000084900000, 0x0000000084800000| Untracked 
|  73|0x0000000084900000, 0x0000000084a00000, 0x0000000084a00000|100%| O|  |TAMS 0x0000000084a00000, 0x0000000084900000| Untracked 
|  74|0x0000000084a00000, 0x0000000084b00000, 0x0000000084b00000|100%| O|  |TAMS 0x0000000084b00000, 0x0000000084a00000| Untracked 
|  75|0x0000000084b00000, 0x0000000084c00000, 0x0000000084c00000|100%| O|  |TAMS 0x0000000084c00000, 0x0000000084b00000| Untracked 
|  76|0x0000000084c00000, 0x0000000084d00000, 0x0000000084d00000|100%| O|  |TAMS 0x0000000084d00000, 0x0000000084c00000| Untracked 
|  77|0x0000000084d00000, 0x0000000084e00000, 0x0000000084e00000|100%| O|  |TAMS 0x0000000084e00000, 0x0000000084d00000| Untracked 
|  78|0x0000000084e00000, 0x0000000084f00000, 0x0000000084f00000|100%|HS|  |TAMS 0x0000000084f00000, 0x0000000084e00000| Complete 
|  79|0x0000000084f00000, 0x0000000085000000, 0x0000000085000000|100%| O|  |TAMS 0x0000000085000000, 0x0000000084f00000| Untracked 
|  80|0x0000000085000000, 0x0000000085100000, 0x0000000085100000|100%| O|  |TAMS 0x0000000085100000, 0x0000000085000000| Untracked 
|  81|0x0000000085100000, 0x0000000085200000, 0x0000000085200000|100%| O|  |TAMS 0x0000000085200000, 0x0000000085100000| Untracked 
|  82|0x0000000085200000, 0x0000000085300000, 0x0000000085300000|100%| O|  |TAMS 0x0000000085300000, 0x0000000085200000| Untracked 
|  83|0x0000000085300000, 0x0000000085400000, 0x0000000085400000|100%|HS|  |TAMS 0x0000000085400000, 0x0000000085300000| Complete 
|  84|0x0000000085400000, 0x0000000085500000, 0x0000000085500000|100%|HC|  |TAMS 0x0000000085500000, 0x0000000085400000| Complete 
|  85|0x0000000085500000, 0x0000000085600000, 0x0000000085600000|100%|HS|  |TAMS 0x0000000085600000, 0x0000000085500000| Complete 
|  86|0x0000000085600000, 0x0000000085700000, 0x0000000085700000|100%|HC|  |TAMS 0x0000000085700000, 0x0000000085600000| Complete 
|  87|0x0000000085700000, 0x0000000085800000, 0x0000000085800000|100%|HC|  |TAMS 0x0000000085800000, 0x0000000085700000| Complete 
|  88|0x0000000085800000, 0x0000000085900000, 0x0000000085900000|100%|HS|  |TAMS 0x0000000085900000, 0x0000000085800000| Complete 
|  89|0x0000000085900000, 0x0000000085a00000, 0x0000000085a00000|100%|HC|  |TAMS 0x0000000085a00000, 0x0000000085900000| Complete 
|  90|0x0000000085a00000, 0x0000000085b00000, 0x0000000085b00000|100%|HC|  |TAMS 0x0000000085b00000, 0x0000000085a00000| Complete 
|  91|0x0000000085b00000, 0x0000000085c00000, 0x0000000085c00000|100%|HC|  |TAMS 0x0000000085c00000, 0x0000000085b00000| Complete 
|  92|0x0000000085c00000, 0x0000000085d00000, 0x0000000085d00000|100%| O|  |TAMS 0x0000000085d00000, 0x0000000085c00000| Untracked 
|  93|0x0000000085d00000, 0x0000000085e00000, 0x0000000085e00000|100%| O|  |TAMS 0x0000000085e00000, 0x0000000085d00000| Untracked 
|  94|0x0000000085e00000, 0x0000000085f00000, 0x0000000085f00000|100%| O|  |TAMS 0x0000000085f00000, 0x0000000085e00000| Untracked 
|  95|0x0000000085f00000, 0x0000000086000000, 0x0000000086000000|100%| O|  |TAMS 0x0000000086000000, 0x0000000085f00000| Untracked 
|  96|0x0000000086000000, 0x0000000086100000, 0x0000000086100000|100%| O|  |TAMS 0x0000000086100000, 0x0000000086000000| Untracked 
|  97|0x0000000086100000, 0x0000000086200000, 0x0000000086200000|100%| O|  |TAMS 0x0000000086200000, 0x0000000086100000| Untracked 
|  98|0x0000000086200000, 0x0000000086300000, 0x0000000086300000|100%| O|  |TAMS 0x0000000086300000, 0x0000000086200000| Untracked 
|  99|0x0000000086300000, 0x0000000086400000, 0x0000000086400000|100%| O|  |TAMS 0x0000000086400000, 0x0000000086300000| Untracked 
| 100|0x0000000086400000, 0x0000000086500000, 0x0000000086500000|100%| O|  |TAMS 0x0000000086500000, 0x0000000086400000| Untracked 
| 101|0x0000000086500000, 0x0000000086600000, 0x0000000086600000|100%| O|  |TAMS 0x0000000086600000, 0x0000000086500000| Untracked 
| 102|0x0000000086600000, 0x0000000086700000, 0x0000000086700000|100%| O|  |TAMS 0x0000000086700000, 0x0000000086600000| Untracked 
| 103|0x0000000086700000, 0x0000000086800000, 0x0000000086800000|100%| O|  |TAMS 0x0000000086800000, 0x0000000086700000| Untracked 
| 104|0x0000000086800000, 0x0000000086900000, 0x0000000086900000|100%| O|  |TAMS 0x0000000086900000, 0x0000000086800000| Untracked 
| 105|0x0000000086900000, 0x0000000086a00000, 0x0000000086a00000|100%| O|  |TAMS 0x0000000086a00000, 0x0000000086900000| Untracked 
| 106|0x0000000086a00000, 0x0000000086b00000, 0x0000000086b00000|100%| O|  |TAMS 0x0000000086b00000, 0x0000000086a00000| Untracked 
| 107|0x0000000086b00000, 0x0000000086c00000, 0x0000000086c00000|100%| O|  |TAMS 0x0000000086c00000, 0x0000000086b00000| Untracked 
| 108|0x0000000086c00000, 0x0000000086d00000, 0x0000000086d00000|100%| O|  |TAMS 0x0000000086d00000, 0x0000000086c00000| Untracked 
| 109|0x0000000086d00000, 0x0000000086e00000, 0x0000000086e00000|100%| O|  |TAMS 0x0000000086e00000, 0x0000000086d00000| Untracked 
| 110|0x0000000086e00000, 0x0000000086f00000, 0x0000000086f00000|100%| O|  |TAMS 0x0000000086f00000, 0x0000000086e00000| Untracked 
| 111|0x0000000086f00000, 0x0000000087000000, 0x0000000087000000|100%| O|  |TAMS 0x0000000087000000, 0x0000000086f00000| Untracked 
| 112|0x0000000087000000, 0x0000000087100000, 0x0000000087100000|100%| O|  |TAMS 0x0000000087100000, 0x0000000087000000| Untracked 
| 113|0x0000000087100000, 0x0000000087200000, 0x0000000087200000|100%| O|  |TAMS 0x0000000087200000, 0x0000000087100000| Untracked 
| 114|0x0000000087200000, 0x0000000087300000, 0x0000000087300000|100%| O|  |TAMS 0x0000000087300000, 0x0000000087200000| Untracked 
| 115|0x0000000087300000, 0x0000000087400000, 0x0000000087400000|100%| O|  |TAMS 0x0000000087400000, 0x0000000087300000| Untracked 
| 116|0x0000000087400000, 0x0000000087500000, 0x0000000087500000|100%| O|  |TAMS 0x0000000087500000, 0x0000000087400000| Untracked 
| 117|0x0000000087500000, 0x0000000087600000, 0x0000000087600000|100%| O|  |TAMS 0x0000000087600000, 0x0000000087500000| Untracked 
| 118|0x0000000087600000, 0x0000000087700000, 0x0000000087700000|100%| O|  |TAMS 0x0000000087700000, 0x0000000087600000| Untracked 
| 119|0x0000000087700000, 0x0000000087800000, 0x0000000087800000|100%| O|  |TAMS 0x0000000087800000, 0x0000000087700000| Untracked 
| 120|0x0000000087800000, 0x0000000087900000, 0x0000000087900000|100%| O|  |TAMS 0x0000000087900000, 0x0000000087800000| Untracked 
| 121|0x0000000087900000, 0x0000000087a00000, 0x0000000087a00000|100%| O|  |TAMS 0x0000000087996c00, 0x0000000087900000| Untracked 
| 122|0x0000000087a00000, 0x0000000087b00000, 0x0000000087b00000|100%| O|  |TAMS 0x0000000087a00000, 0x0000000087a00000| Untracked 
| 123|0x0000000087b00000, 0x0000000087beea00, 0x0000000087c00000| 93%| O|  |TAMS 0x0000000087b00000, 0x0000000087b00000| Untracked 
| 124|0x0000000087c00000, 0x0000000087c00000, 0x0000000087d00000|  0%| F|  |TAMS 0x0000000087c00000, 0x0000000087c00000| Untracked 
| 125|0x0000000087d00000, 0x0000000087d00000, 0x0000000087e00000|  0%| F|  |TAMS 0x0000000087d00000, 0x0000000087d00000| Untracked 
| 126|0x0000000087e00000, 0x0000000087e00000, 0x0000000087f00000|  0%| F|  |TAMS 0x0000000087e00000, 0x0000000087e00000| Untracked 
| 127|0x0000000087f00000, 0x0000000087f00000, 0x0000000088000000|  0%| F|  |TAMS 0x0000000087f00000, 0x0000000087f00000| Untracked 
| 128|0x0000000088000000, 0x0000000088000000, 0x0000000088100000|  0%| F|  |TAMS 0x0000000088000000, 0x0000000088000000| Untracked 
| 129|0x0000000088100000, 0x0000000088100000, 0x0000000088200000|  0%| F|  |TAMS 0x0000000088100000, 0x0000000088100000| Untracked 
| 130|0x0000000088200000, 0x0000000088200000, 0x0000000088300000|  0%| F|  |TAMS 0x0000000088200000, 0x0000000088200000| Untracked 
| 131|0x0000000088300000, 0x0000000088300000, 0x0000000088400000|  0%| F|  |TAMS 0x0000000088300000, 0x0000000088300000| Untracked 
| 132|0x0000000088400000, 0x0000000088400000, 0x0000000088500000|  0%| F|  |TAMS 0x0000000088400000, 0x0000000088400000| Untracked 
| 133|0x0000000088500000, 0x0000000088500000, 0x0000000088600000|  0%| F|  |TAMS 0x0000000088500000, 0x0000000088500000| Untracked 
| 134|0x0000000088600000, 0x0000000088600000, 0x0000000088700000|  0%| F|  |TAMS 0x0000000088600000, 0x0000000088600000| Untracked 
| 135|0x0000000088700000, 0x0000000088700000, 0x0000000088800000|  0%| F|  |TAMS 0x0000000088700000, 0x0000000088700000| Untracked 
| 136|0x0000000088800000, 0x0000000088800000, 0x0000000088900000|  0%| F|  |TAMS 0x0000000088800000, 0x0000000088800000| Untracked 
| 137|0x0000000088900000, 0x0000000088900000, 0x0000000088a00000|  0%| F|  |TAMS 0x0000000088900000, 0x0000000088900000| Untracked 
| 138|0x0000000088a00000, 0x0000000088a00000, 0x0000000088b00000|  0%| F|  |TAMS 0x0000000088a00000, 0x0000000088a00000| Untracked 
| 139|0x0000000088b00000, 0x0000000088b00000, 0x0000000088c00000|  0%| F|  |TAMS 0x0000000088b00000, 0x0000000088b00000| Untracked 
| 140|0x0000000088c00000, 0x0000000088c00000, 0x0000000088d00000|  0%| F|  |TAMS 0x0000000088c00000, 0x0000000088c00000| Untracked 
| 141|0x0000000088d00000, 0x0000000088d00000, 0x0000000088e00000|  0%| F|  |TAMS 0x0000000088d00000, 0x0000000088d00000| Untracked 
| 142|0x0000000088e00000, 0x0000000088e00000, 0x0000000088f00000|  0%| F|  |TAMS 0x0000000088e00000, 0x0000000088e00000| Untracked 
| 143|0x0000000088f00000, 0x0000000088f00000, 0x0000000089000000|  0%| F|  |TAMS 0x0000000088f00000, 0x0000000088f00000| Untracked 
| 144|0x0000000089000000, 0x0000000089000000, 0x0000000089100000|  0%| F|  |TAMS 0x0000000089000000, 0x0000000089000000| Untracked 
| 145|0x0000000089100000, 0x0000000089100000, 0x0000000089200000|  0%| F|  |TAMS 0x0000000089100000, 0x0000000089100000| Untracked 
| 146|0x0000000089200000, 0x0000000089200000, 0x0000000089300000|  0%| F|  |TAMS 0x0000000089200000, 0x0000000089200000| Untracked 
| 147|0x0000000089300000, 0x0000000089300000, 0x0000000089400000|  0%| F|  |TAMS 0x0000000089300000, 0x0000000089300000| Untracked 
| 148|0x0000000089400000, 0x00000000894b8800, 0x0000000089500000| 72%| S|CS|TAMS 0x0000000089400000, 0x0000000089400000| Complete 
| 149|0x0000000089500000, 0x0000000089600000, 0x0000000089600000|100%| S|CS|TAMS 0x0000000089500000, 0x0000000089500000| Complete 
| 150|0x0000000089600000, 0x0000000089700000, 0x0000000089700000|100%| S|CS|TAMS 0x0000000089600000, 0x0000000089600000| Complete 
| 151|0x0000000089700000, 0x0000000089700000, 0x0000000089800000|  0%| F|  |TAMS 0x0000000089700000, 0x0000000089700000| Untracked 
| 152|0x0000000089800000, 0x0000000089800000, 0x0000000089900000|  0%| F|  |TAMS 0x0000000089800000, 0x0000000089800000| Untracked 
| 153|0x0000000089900000, 0x0000000089900000, 0x0000000089a00000|  0%| F|  |TAMS 0x0000000089900000, 0x0000000089900000| Untracked 
| 154|0x0000000089a00000, 0x0000000089a00000, 0x0000000089b00000|  0%| F|  |TAMS 0x0000000089a00000, 0x0000000089a00000| Untracked 
| 155|0x0000000089b00000, 0x0000000089b00000, 0x0000000089c00000|  0%| F|  |TAMS 0x0000000089b00000, 0x0000000089b00000| Untracked 
| 156|0x0000000089c00000, 0x0000000089d00000, 0x0000000089d00000|100%| S|CS|TAMS 0x0000000089c00000, 0x0000000089c00000| Complete 
| 157|0x0000000089d00000, 0x0000000089e00000, 0x0000000089e00000|100%| S|CS|TAMS 0x0000000089d00000, 0x0000000089d00000| Complete 
| 158|0x0000000089e00000, 0x0000000089f00000, 0x0000000089f00000|100%| S|CS|TAMS 0x0000000089e00000, 0x0000000089e00000| Complete 
| 159|0x0000000089f00000, 0x000000008a000000, 0x000000008a000000|100%| S|CS|TAMS 0x0000000089f00000, 0x0000000089f00000| Complete 
| 160|0x000000008a000000, 0x000000008a000000, 0x000000008a100000|  0%| F|  |TAMS 0x000000008a000000, 0x000000008a000000| Untracked 
| 161|0x000000008a100000, 0x000000008a100000, 0x000000008a200000|  0%| F|  |TAMS 0x000000008a100000, 0x000000008a100000| Untracked 
| 162|0x000000008a200000, 0x000000008a300000, 0x000000008a300000|100%| S|CS|TAMS 0x000000008a200000, 0x000000008a200000| Complete 
| 163|0x000000008a300000, 0x000000008a400000, 0x000000008a400000|100%| S|CS|TAMS 0x000000008a300000, 0x000000008a300000| Complete 
| 164|0x000000008a400000, 0x000000008a400000, 0x000000008a500000|  0%| F|  |TAMS 0x000000008a400000, 0x000000008a400000| Untracked 
| 165|0x000000008a500000, 0x000000008a500000, 0x000000008a600000|  0%| F|  |TAMS 0x000000008a500000, 0x000000008a500000| Untracked 
| 166|0x000000008a600000, 0x000000008a600000, 0x000000008a700000|  0%| F|  |TAMS 0x000000008a600000, 0x000000008a600000| Untracked 
| 167|0x000000008a700000, 0x000000008a700000, 0x000000008a800000|  0%| F|  |TAMS 0x000000008a700000, 0x000000008a700000| Untracked 
| 168|0x000000008a800000, 0x000000008a800000, 0x000000008a900000|  0%| F|  |TAMS 0x000000008a800000, 0x000000008a800000| Untracked 
| 169|0x000000008a900000, 0x000000008a900000, 0x000000008aa00000|  0%| F|  |TAMS 0x000000008a900000, 0x000000008a900000| Untracked 
| 170|0x000000008aa00000, 0x000000008aa00000, 0x000000008ab00000|  0%| F|  |TAMS 0x000000008aa00000, 0x000000008aa00000| Untracked 
| 171|0x000000008ab00000, 0x000000008ab00000, 0x000000008ac00000|  0%| F|  |TAMS 0x000000008ab00000, 0x000000008ab00000| Untracked 
| 172|0x000000008ac00000, 0x000000008ac00000, 0x000000008ad00000|  0%| F|  |TAMS 0x000000008ac00000, 0x000000008ac00000| Untracked 
| 173|0x000000008ad00000, 0x000000008ad00000, 0x000000008ae00000|  0%| F|  |TAMS 0x000000008ad00000, 0x000000008ad00000| Untracked 
| 174|0x000000008ae00000, 0x000000008ae00000, 0x000000008af00000|  0%| F|  |TAMS 0x000000008ae00000, 0x000000008ae00000| Untracked 
| 175|0x000000008af00000, 0x000000008af00000, 0x000000008b000000|  0%| F|  |TAMS 0x000000008af00000, 0x000000008af00000| Untracked 
| 176|0x000000008b000000, 0x000000008b000000, 0x000000008b100000|  0%| F|  |TAMS 0x000000008b000000, 0x000000008b000000| Untracked 
| 177|0x000000008b100000, 0x000000008b100000, 0x000000008b200000|  0%| F|  |TAMS 0x000000008b100000, 0x000000008b100000| Untracked 
| 178|0x000000008b200000, 0x000000008b200000, 0x000000008b300000|  0%| F|  |TAMS 0x000000008b200000, 0x000000008b200000| Untracked 
| 179|0x000000008b300000, 0x000000008b300000, 0x000000008b400000|  0%| F|  |TAMS 0x000000008b300000, 0x000000008b300000| Untracked 
| 180|0x000000008b400000, 0x000000008b400000, 0x000000008b500000|  0%| F|  |TAMS 0x000000008b400000, 0x000000008b400000| Untracked 
| 181|0x000000008b500000, 0x000000008b500000, 0x000000008b600000|  0%| F|  |TAMS 0x000000008b500000, 0x000000008b500000| Untracked 
| 182|0x000000008b600000, 0x000000008b600000, 0x000000008b700000|  0%| F|  |TAMS 0x000000008b600000, 0x000000008b600000| Untracked 
| 183|0x000000008b700000, 0x000000008b700000, 0x000000008b800000|  0%| F|  |TAMS 0x000000008b700000, 0x000000008b700000| Untracked 
| 184|0x000000008b800000, 0x000000008b800000, 0x000000008b900000|  0%| F|  |TAMS 0x000000008b800000, 0x000000008b800000| Untracked 
| 185|0x000000008b900000, 0x000000008b900000, 0x000000008ba00000|  0%| F|  |TAMS 0x000000008b900000, 0x000000008b900000| Untracked 
| 186|0x000000008ba00000, 0x000000008ba00000, 0x000000008bb00000|  0%| F|  |TAMS 0x000000008ba00000, 0x000000008ba00000| Untracked 
| 187|0x000000008bb00000, 0x000000008bb00000, 0x000000008bc00000|  0%| F|  |TAMS 0x000000008bb00000, 0x000000008bb00000| Untracked 
| 188|0x000000008bc00000, 0x000000008bc00000, 0x000000008bd00000|  0%| F|  |TAMS 0x000000008bc00000, 0x000000008bc00000| Untracked 
| 189|0x000000008bd00000, 0x000000008bd00000, 0x000000008be00000|  0%| F|  |TAMS 0x000000008bd00000, 0x000000008bd00000| Untracked 
| 190|0x000000008be00000, 0x000000008be00000, 0x000000008bf00000|  0%| F|  |TAMS 0x000000008be00000, 0x000000008be00000| Untracked 
| 191|0x000000008bf00000, 0x000000008bf00000, 0x000000008c000000|  0%| F|  |TAMS 0x000000008bf00000, 0x000000008bf00000| Untracked 
| 192|0x000000008c000000, 0x000000008c000000, 0x000000008c100000|  0%| F|  |TAMS 0x000000008c000000, 0x000000008c000000| Untracked 
| 193|0x000000008c100000, 0x000000008c100000, 0x000000008c200000|  0%| F|  |TAMS 0x000000008c100000, 0x000000008c100000| Untracked 
| 194|0x000000008c200000, 0x000000008c200000, 0x000000008c300000|  0%| F|  |TAMS 0x000000008c200000, 0x000000008c200000| Untracked 
| 195|0x000000008c300000, 0x000000008c300000, 0x000000008c400000|  0%| F|  |TAMS 0x000000008c300000, 0x000000008c300000| Untracked 
| 196|0x000000008c400000, 0x000000008c400000, 0x000000008c500000|  0%| F|  |TAMS 0x000000008c400000, 0x000000008c400000| Untracked 
| 197|0x000000008c500000, 0x000000008c500000, 0x000000008c600000|  0%| F|  |TAMS 0x000000008c500000, 0x000000008c500000| Untracked 
| 198|0x000000008c600000, 0x000000008c700000, 0x000000008c700000|100%| E|  |TAMS 0x000000008c600000, 0x000000008c600000| Complete 
| 199|0x000000008c700000, 0x000000008c800000, 0x000000008c800000|100%| E|CS|TAMS 0x000000008c700000, 0x000000008c700000| Complete 
| 200|0x000000008c800000, 0x000000008c900000, 0x000000008c900000|100%| E|  |TAMS 0x000000008c800000, 0x000000008c800000| Complete 
| 201|0x000000008c900000, 0x000000008ca00000, 0x000000008ca00000|100%| E|CS|TAMS 0x000000008c900000, 0x000000008c900000| Complete 
| 202|0x000000008ca00000, 0x000000008cb00000, 0x000000008cb00000|100%| E|CS|TAMS 0x000000008ca00000, 0x000000008ca00000| Complete 
| 203|0x000000008cb00000, 0x000000008cc00000, 0x000000008cc00000|100%| E|CS|TAMS 0x000000008cb00000, 0x000000008cb00000| Complete 
| 204|0x000000008cc00000, 0x000000008cd00000, 0x000000008cd00000|100%| E|CS|TAMS 0x000000008cc00000, 0x000000008cc00000| Complete 
| 205|0x000000008cd00000, 0x000000008ce00000, 0x000000008ce00000|100%| E|CS|TAMS 0x000000008cd00000, 0x000000008cd00000| Complete 
| 206|0x000000008ce00000, 0x000000008cf00000, 0x000000008cf00000|100%| E|CS|TAMS 0x000000008ce00000, 0x000000008ce00000| Complete 
| 207|0x000000008cf00000, 0x000000008d000000, 0x000000008d000000|100%| E|CS|TAMS 0x000000008cf00000, 0x000000008cf00000| Complete 
| 208|0x000000008d000000, 0x000000008d100000, 0x000000008d100000|100%| E|CS|TAMS 0x000000008d000000, 0x000000008d000000| Complete 
| 209|0x000000008d100000, 0x000000008d200000, 0x000000008d200000|100%| E|CS|TAMS 0x000000008d100000, 0x000000008d100000| Complete 
| 210|0x000000008d200000, 0x000000008d300000, 0x000000008d300000|100%| E|CS|TAMS 0x000000008d200000, 0x000000008d200000| Complete 
| 211|0x000000008d300000, 0x000000008d400000, 0x000000008d400000|100%| E|CS|TAMS 0x000000008d300000, 0x000000008d300000| Complete 
| 212|0x000000008d400000, 0x000000008d500000, 0x000000008d500000|100%| E|CS|TAMS 0x000000008d400000, 0x000000008d400000| Complete 
| 213|0x000000008d500000, 0x000000008d600000, 0x000000008d600000|100%| E|CS|TAMS 0x000000008d500000, 0x000000008d500000| Complete 
| 214|0x000000008d600000, 0x000000008d700000, 0x000000008d700000|100%| E|CS|TAMS 0x000000008d600000, 0x000000008d600000| Complete 
| 215|0x000000008d700000, 0x000000008d800000, 0x000000008d800000|100%| E|CS|TAMS 0x000000008d700000, 0x000000008d700000| Complete 
| 216|0x000000008d800000, 0x000000008d900000, 0x000000008d900000|100%| E|CS|TAMS 0x000000008d800000, 0x000000008d800000| Complete 
| 217|0x000000008d900000, 0x000000008da00000, 0x000000008da00000|100%| E|CS|TAMS 0x000000008d900000, 0x000000008d900000| Complete 
| 218|0x000000008da00000, 0x000000008db00000, 0x000000008db00000|100%| E|CS|TAMS 0x000000008da00000, 0x000000008da00000| Complete 
| 219|0x000000008db00000, 0x000000008dc00000, 0x000000008dc00000|100%| E|CS|TAMS 0x000000008db00000, 0x000000008db00000| Complete 
| 220|0x000000008dc00000, 0x000000008dd00000, 0x000000008dd00000|100%| E|CS|TAMS 0x000000008dc00000, 0x000000008dc00000| Complete 
| 221|0x000000008dd00000, 0x000000008de00000, 0x000000008de00000|100%| E|CS|TAMS 0x000000008dd00000, 0x000000008dd00000| Complete 

Card table byte_map: [0x000001cd14360000,0x000001cd14760000] _byte_map_base: 0x000001cd13f60000

Marking Bits (Prev, Next): (CMBitMap*) 0x000001cd7ff2d048, (CMBitMap*) 0x000001cd7ff2d080
 Prev Bits: [0x000001cd14b60000, 0x000001cd16b60000)
 Next Bits: [0x000001cd16b60000, 0x000001cd18b60000)

Polling page: 0x000001cd7f6d0000

Metaspace:

Usage:
  Non-class:     99.60 MB capacity,    97.81 MB ( 98%) used,     1.49 MB (  1%) free+waste,   313.38 KB ( <1%) overhead. 
      Class:     15.46 MB capacity,    14.44 MB ( 93%) used,   902.88 KB (  6%) free+waste,   141.19 KB ( <1%) overhead. 
       Both:    115.06 MB capacity,   112.24 MB ( 98%) used,     2.37 MB (  2%) free+waste,   454.56 KB ( <1%) overhead. 

Virtual space:
  Non-class space:      100.00 MB reserved,      99.72 MB (>99%) committed 
      Class space:        1.00 GB reserved,      15.52 MB (  2%) committed 
             Both:        1.10 GB reserved,     115.24 MB ( 10%) committed 

Chunk freelists:
   Non-Class:  1.00 KB
       Class:  0 bytes
        Both:  1.00 KB

MaxMetaspaceSize: 17179869184.00 GB
CompressedClassSpaceSize: 1.00 GB
Initial GC threshold: 20.80 MB
Current GC threshold: 179.16 MB
CDS: off

CodeHeap 'non-profiled nmethods': size=120064Kb used=7672Kb max_used=7672Kb free=112391Kb
 bounds [0x000001cd0c900000, 0x000001cd0d080000, 0x000001cd13e40000]
CodeHeap 'profiled nmethods': size=120000Kb used=29285Kb max_used=29285Kb free=90714Kb
 bounds [0x000001cd053d0000, 0x000001cd07070000, 0x000001cd0c900000]
CodeHeap 'non-nmethods': size=5696Kb used=2466Kb max_used=2517Kb free=3229Kb
 bounds [0x000001cd04e40000, 0x000001cd050c0000, 0x000001cd053d0000]
 total_blobs=14301 nmethods=13302 adapters=911
 compilation: enabled
              stopped_count=0, restarted_count=0
 full_count=0

Compilation events (20 events):
Event: 27.736 Thread 0x000001cd1b3b9800 nmethod 13349 0x000001cd07059090 code [0x000001cd07059420, 0x000001cd0705aa48]
Event: 27.739 Thread 0x000001cd1b3b9800 13350       2       org.gradle.internal.instantiation.generator.AbstractClassGenerator$GeneratedClassImpl$GeneratedConstructorImpl::newInstance (15 bytes)
Event: 27.739 Thread 0x000001cd1b3b9800 nmethod 13350 0x000001cd0705b190 code [0x000001cd0705b340, 0x000001cd0705b488]
Event: 27.739 Thread 0x000001cd1b3b9800 13351   !   3       org.gradle.internal.instantiation.generator.DependencyInjectingInstantiator::doCreate (64 bytes)
Event: 27.739 Thread 0x000001cd1b3b9800 nmethod 13351 0x000001cd0705b590 code [0x000001cd0705b7a0, 0x000001cd0705bd28]
Event: 27.808 Thread 0x000001cd1b3b9800 13354       2       org.objectweb.asm.MethodVisitor::visitJumpInsn (17 bytes)
Event: 27.808 Thread 0x000001cd1b3b9800 nmethod 13354 0x000001cd0705c190 code [0x000001cd0705c340, 0x000001cd0705c468]
Event: 27.808 Thread 0x000001cd1b3b9800 13355       2       org.objectweb.asm.MethodVisitor::visitFrame (22 bytes)
Event: 27.809 Thread 0x000001cd1b3b9800 nmethod 13355 0x000001cd0705c510 code [0x000001cd0705c6c0, 0x000001cd0705c7e8]
Event: 27.817 Thread 0x000001cd1b3b9800 13356       2       org.gradle.internal.instantiation.generator.AbstractClassGenerator$MethodMetadata::<init> (15 bytes)
Event: 27.817 Thread 0x000001cd1b3b9800 nmethod 13356 0x000001cd0705c890 code [0x000001cd0705ca40, 0x000001cd0705cbd8]
Event: 27.817 Thread 0x000001cd1b3b9800 13357       2       org.codehaus.groovy.runtime.InvokerHelper::getMetaClass (10 bytes)
Event: 27.818 Thread 0x000001cd1b3b9800 nmethod 13357 0x000001cd0705cc90 code [0x000001cd0705ce60, 0x000001cd0705cfb8]
Event: 27.823 Thread 0x000001cd1b3b9800 13358       2       org.gradle.api.internal.notations.ComponentIdentifierParserFactory::<init> (5 bytes)
Event: 27.823 Thread 0x000001cd1b3b9800 nmethod 13358 0x000001cd0705d110 code [0x000001cd0705d2c0, 0x000001cd0705d3b8]
Event: 27.823 Thread 0x000001cd1b3b9800 13359       2       org.gradle.api.internal.notations.ComponentIdentifierParserFactory::create (29 bytes)
Event: 27.823 Thread 0x000001cd1b3b9800 nmethod 13359 0x000001cd0705d490 code [0x000001cd0705d6c0, 0x000001cd0705dc18]
Event: 27.823 Thread 0x000001cd1b3b9800 13360       2       java.util.concurrent.atomic.AtomicReference::<init> (10 bytes)
Event: 27.823 Thread 0x000001cd1b3b9800 nmethod 13360 0x000001cd0705de90 code [0x000001cd0705e040, 0x000001cd0705e198]
Event: 27.824 Thread 0x000001cd1b3b9800 13361       2       org.gradle.internal.service.DefaultServiceRegistry$OwnServices::getFactory (307 bytes)

GC Heap History (20 events):
Event: 6.596 GC heap before
{Heap before GC invocations=14 (full 0):
 garbage-first heap   total 189440K, used 150029K [0x0000000080000000, 0x0000000100000000)
  region size 1024K, 83 young (84992K), 12 survivors (12288K)
 Metaspace       used 68106K, capacity 70027K, committed 70220K, reserved 1110016K
  class space    used 8793K, capacity 9445K, committed 9548K, reserved 1048576K
}
Event: 6.609 GC heap after
{Heap after GC invocations=15 (full 0):
 garbage-first heap   total 189440K, used 85477K [0x0000000080000000, 0x0000000100000000)
  region size 1024K, 7 young (7168K), 7 survivors (7168K)
 Metaspace       used 68106K, capacity 70027K, committed 70220K, reserved 1110016K
  class space    used 8793K, capacity 9445K, committed 9548K, reserved 1048576K
}
Event: 7.225 GC heap before
{Heap before GC invocations=15 (full 0):
 garbage-first heap   total 189440K, used 152037K [0x0000000080000000, 0x0000000100000000)
  region size 1024K, 72 young (73728K), 7 survivors (7168K)
 Metaspace       used 74055K, capacity 76008K, committed 76108K, reserved 1116160K
  class space    used 9552K, capacity 10233K, committed 10316K, reserved 1048576K
}
Event: 7.233 GC heap after
{Heap after GC invocations=16 (full 0):
 garbage-first heap   total 227328K, used 87717K [0x0000000080000000, 0x0000000100000000)
  region size 1024K, 4 young (4096K), 4 survivors (4096K)
 Metaspace       used 74055K, capacity 76008K, committed 76108K, reserved 1116160K
  class space    used 9552K, capacity 10233K, committed 10316K, reserved 1048576K
}
Event: 7.849 GC heap before
{Heap before GC invocations=16 (full 0):
 garbage-first heap   total 227328K, used 172709K [0x0000000080000000, 0x0000000100000000)
  region size 1024K, 87 young (89088K), 4 survivors (4096K)
 Metaspace       used 77378K, capacity 79443K, committed 79564K, reserved 1118208K
  class space    used 9948K, capacity 10670K, committed 10700K, reserved 1048576K
}
Event: 7.858 GC heap after
{Heap after GC invocations=17 (full 0):
 garbage-first heap   total 227328K, used 93321K [0x0000000080000000, 0x0000000100000000)
  region size 1024K, 10 young (10240K), 10 survivors (10240K)
 Metaspace       used 77378K, capacity 79443K, committed 79564K, reserved 1118208K
  class space    used 9948K, capacity 10670K, committed 10700K, reserved 1048576K
}
Event: 8.731 GC heap before
{Heap before GC invocations=17 (full 0):
 garbage-first heap   total 227328K, used 186505K [0x0000000080000000, 0x0000000100000000)
  region size 1024K, 92 young (94208K), 10 survivors (10240K)
 Metaspace       used 84847K, capacity 87056K, committed 87244K, reserved 1124352K
  class space    used 11119K, capacity 11905K, committed 11980K, reserved 1048576K
}
Event: 8.743 GC heap after
{Heap after GC invocations=18 (full 0):
 garbage-first heap   total 227328K, used 112096K [0x0000000080000000, 0x0000000100000000)
  region size 1024K, 12 young (12288K), 12 survivors (12288K)
 Metaspace       used 84847K, capacity 87056K, committed 87244K, reserved 1124352K
  class space    used 11119K, capacity 11905K, committed 11980K, reserved 1048576K
}
Event: 9.363 GC heap before
{Heap before GC invocations=18 (full 0):
 garbage-first heap   total 227328K, used 184800K [0x0000000080000000, 0x0000000100000000)
  region size 1024K, 83 young (84992K), 12 survivors (12288K)
 Metaspace       used 92922K, capacity 95327K, committed 95436K, reserved 1132544K
  class space    used 12112K, capacity 12976K, committed 13004K, reserved 1048576K
}
Event: 9.373 GC heap after
{Heap after GC invocations=19 (full 0):
 garbage-first heap   total 227328K, used 116186K [0x0000000080000000, 0x0000000100000000)
  region size 1024K, 4 young (4096K), 4 survivors (4096K)
 Metaspace       used 92922K, capacity 95327K, committed 95436K, reserved 1132544K
  class space    used 12112K, capacity 12976K, committed 13004K, reserved 1048576K
}
Event: 9.935 GC heap before
{Heap before GC invocations=19 (full 0):
 garbage-first heap   total 227328K, used 172506K [0x0000000080000000, 0x0000000100000000)
  region size 1024K, 60 young (61440K), 4 survivors (4096K)
 Metaspace       used 98422K, capacity 100925K, committed 101036K, reserved 1136640K
  class space    used 12817K, capacity 13745K, committed 13772K, reserved 1048576K
}
Event: 9.944 GC heap after
{Heap after GC invocations=20 (full 0):
 garbage-first heap   total 227328K, used 118958K [0x0000000080000000, 0x0000000100000000)
  region size 1024K, 7 young (7168K), 7 survivors (7168K)
 Metaspace       used 98422K, capacity 100925K, committed 101036K, reserved 1136640K
  class space    used 12817K, capacity 13745K, committed 13772K, reserved 1048576K
}
Event: 10.583 GC heap before
{Heap before GC invocations=21 (full 0):
 garbage-first heap   total 227328K, used 184494K [0x0000000080000000, 0x0000000100000000)
  region size 1024K, 72 young (73728K), 7 survivors (7168K)
 Metaspace       used 99935K, capacity 102427K, committed 102648K, reserved 1138688K
  class space    used 12909K, capacity 13814K, committed 13848K, reserved 1048576K
}
Event: 10.597 GC heap after
{Heap after GC invocations=22 (full 0):
 garbage-first heap   total 227328K, used 124724K [0x0000000080000000, 0x0000000100000000)
  region size 1024K, 9 young (9216K), 9 survivors (9216K)
 Metaspace       used 99935K, capacity 102427K, committed 102648K, reserved 1138688K
  class space    used 12909K, capacity 13814K, committed 13848K, reserved 1048576K
}
Event: 11.073 GC heap before
{Heap before GC invocations=23 (full 0):
 garbage-first heap   total 227328K, used 187188K [0x0000000080000000, 0x0000000100000000)
  region size 1024K, 71 young (72704K), 9 survivors (9216K)
 Metaspace       used 102941K, capacity 105479K, committed 105592K, reserved 1140736K
  class space    used 13283K, capacity 14200K, committed 14232K, reserved 1048576K
}
Event: 11.083 GC heap after
{Heap after GC invocations=24 (full 0):
 garbage-first heap   total 227328K, used 127852K [0x0000000080000000, 0x0000000100000000)
  region size 1024K, 4 young (4096K), 4 survivors (4096K)
 Metaspace       used 102941K, capacity 105479K, committed 105592K, reserved 1140736K
  class space    used 13283K, capacity 14200K, committed 14232K, reserved 1048576K
}
Event: 11.567 GC heap before
{Heap before GC invocations=24 (full 0):
 garbage-first heap   total 227328K, used 189292K [0x0000000080000000, 0x0000000100000000)
  region size 1024K, 64 young (65536K), 4 survivors (4096K)
 Metaspace       used 107069K, capacity 109711K, committed 110072K, reserved 1144832K
  class space    used 13770K, capacity 14734K, committed 14872K, reserved 1048576K
}
Event: 11.575 GC heap after
{Heap after GC invocations=25 (full 0):
 garbage-first heap   total 227328K, used 130909K [0x0000000080000000, 0x0000000100000000)
  region size 1024K, 7 young (7168K), 7 survivors (7168K)
 Metaspace       used 107069K, capacity 109711K, committed 110072K, reserved 1144832K
  class space    used 13770K, capacity 14734K, committed 14872K, reserved 1048576K
}
Event: 19.934 GC heap before
{Heap before GC invocations=26 (full 0):
 garbage-first heap   total 227328K, used 190301K [0x0000000080000000, 0x0000000100000000)
  region size 1024K, 65 young (66560K), 7 survivors (7168K)
 Metaspace       used 112916K, capacity 115537K, committed 115576K, reserved 1148928K
  class space    used 14522K, capacity 15485K, committed 15512K, reserved 1048576K
}
Event: 19.944 GC heap after
{Heap after GC invocations=27 (full 0):
 garbage-first heap   total 227328K, used 135836K [0x0000000080000000, 0x0000000100000000)
  region size 1024K, 9 young (9216K), 9 survivors (9216K)
 Metaspace       used 112916K, capacity 115537K, committed 115576K, reserved 1148928K
  class space    used 14522K, capacity 15485K, committed 15512K, reserved 1048576K
}

Deoptimization events (20 events):
Event: 27.706 Thread 0x000001cd1d047800 Uncommon trap: trap_request=0xffffff4d fr.pc=0x000001cd0cf8a218 relative=0x00000000000000d8
Event: 27.706 Thread 0x000001cd1d047800 Uncommon trap: reason=unstable_if action=reinterpret pc=0x000001cd0cf8a218 method=org.gradle.internal.execution.fingerprint.impl.DefaultFileNormalizationSpec.equals(Ljava/lang/Object;)Z @ 51 c2
Event: 27.706 Thread 0x000001cd1d047800 DEOPT PACKING pc=0x000001cd0cf8a218 sp=0x0000002e0eef8320
Event: 27.706 Thread 0x000001cd1d047800 DEOPT UNPACKING pc=0x000001cd04e8a1af sp=0x0000002e0eef82c0 mode 2
Event: 27.709 Thread 0x000001cd1d047800 Uncommon trap: trap_request=0xffffffc6 fr.pc=0x000001cd0ce0c98c relative=0x000000000000036c
Event: 27.709 Thread 0x000001cd1d047800 Uncommon trap: reason=bimorphic_or_optimized_type_check action=maybe_recompile pc=0x000001cd0ce0c98c method=org.gradle.internal.operations.DefaultBuildOperationListenerManager$ProgressShieldingBuildOperationListener.finished(Lorg/gradle/internal/operation
Event: 27.709 Thread 0x000001cd1d047800 DEOPT PACKING pc=0x000001cd0ce0c98c sp=0x0000002e0eefa540
Event: 27.709 Thread 0x000001cd1d047800 DEOPT UNPACKING pc=0x000001cd04e8a1af sp=0x0000002e0eefa4c8 mode 2
Event: 27.742 Thread 0x000001cd1d047800 Uncommon trap: trap_request=0xffffffc6 fr.pc=0x000001cd0cede2b8 relative=0x0000000000000178
Event: 27.742 Thread 0x000001cd1d047800 Uncommon trap: reason=bimorphic_or_optimized_type_check action=maybe_recompile pc=0x000001cd0cede2b8 method=com.google.common.collect.ImmutableList.hashCode()I @ 23 c2
Event: 27.742 Thread 0x000001cd1d047800 DEOPT PACKING pc=0x000001cd0cede2b8 sp=0x0000002e0eef9180
Event: 27.742 Thread 0x000001cd1d047800 DEOPT UNPACKING pc=0x000001cd04e8a1af sp=0x0000002e0eef9108 mode 2
Event: 27.775 Thread 0x000001cd1d047800 Uncommon trap: trap_request=0xffffffc6 fr.pc=0x000001cd0ce0c98c relative=0x000000000000036c
Event: 27.775 Thread 0x000001cd1d047800 Uncommon trap: reason=bimorphic_or_optimized_type_check action=maybe_recompile pc=0x000001cd0ce0c98c method=org.gradle.internal.operations.DefaultBuildOperationListenerManager$ProgressShieldingBuildOperationListener.finished(Lorg/gradle/internal/operation
Event: 27.775 Thread 0x000001cd1d047800 DEOPT PACKING pc=0x000001cd0ce0c98c sp=0x0000002e0eef9820
Event: 27.776 Thread 0x000001cd1d047800 DEOPT UNPACKING pc=0x000001cd04e8a1af sp=0x0000002e0eef97a8 mode 2
Event: 27.777 Thread 0x000001cd1d047800 Uncommon trap: trap_request=0xffffffc6 fr.pc=0x000001cd0ce0c98c relative=0x000000000000036c
Event: 27.777 Thread 0x000001cd1d047800 Uncommon trap: reason=bimorphic_or_optimized_type_check action=maybe_recompile pc=0x000001cd0ce0c98c method=org.gradle.internal.operations.DefaultBuildOperationListenerManager$ProgressShieldingBuildOperationListener.finished(Lorg/gradle/internal/operation
Event: 27.777 Thread 0x000001cd1d047800 DEOPT PACKING pc=0x000001cd0ce0c98c sp=0x0000002e0eef9b00
Event: 27.777 Thread 0x000001cd1d047800 DEOPT UNPACKING pc=0x000001cd04e8a1af sp=0x0000002e0eef9a88 mode 2

Classes redefined (0 events):
No events

Internal exceptions (20 events):
Event: 19.946 Thread 0x000001cd1d047800 Exception <a 'java/lang/ClassNotFoundException'{0x000000008dd221c0}: java/util/AbstractMapBeanInfo> (0x000000008dd221c0) thrown at [./src/hotspot/share/classfile/systemDictionary.cpp, line 231]
Event: 19.946 Thread 0x000001cd1d047800 Exception <a 'java/lang/ClassNotFoundException'{0x000000008dd2b310}: java/util/AbstractMapCustomizer> (0x000000008dd2b310) thrown at [./src/hotspot/share/classfile/systemDictionary.cpp, line 231]
Event: 19.947 Thread 0x000001cd1d047800 Exception <a 'java/lang/ClassNotFoundException'{0x000000008dd3df78}: java/util/HashMapCustomizer> (0x000000008dd3df78) thrown at [./src/hotspot/share/classfile/systemDictionary.cpp, line 231]
Event: 19.951 Thread 0x000001cd1d047800 Exception <a 'java/lang/ClassNotFoundException'{0x000000008dd5e1e8}: java/util/LinkedHashMapCustomizer> (0x000000008dd5e1e8) thrown at [./src/hotspot/share/classfile/systemDictionary.cpp, line 231]
Event: 20.105 Thread 0x000001cd1df4f000 Exception <a 'java/lang/NoSuchMethodError'{0x000000008d1925d8}: <clinit>> (0x000000008d1925d8) thrown at [./src/hotspot/share/prims/jni.cpp, line 1365]
Event: 20.106 Thread 0x000001cd1df4f000 Exception <a 'java/lang/NoSuchMethodError'{0x000000008d1a4188}: <clinit>> (0x000000008d1a4188) thrown at [./src/hotspot/share/prims/jni.cpp, line 1365]
Event: 20.106 Thread 0x000001cd1df4f000 Exception <a 'java/lang/NoSuchMethodError'{0x000000008d1be488}: <clinit>> (0x000000008d1be488) thrown at [./src/hotspot/share/prims/jni.cpp, line 1365]
Event: 20.112 Thread 0x000001cd1df4f000 Exception <a 'java/lang/NoSuchMethodError'{0x000000008d1dc0d0}: <clinit>> (0x000000008d1dc0d0) thrown at [./src/hotspot/share/prims/jni.cpp, line 1365]
Event: 20.112 Thread 0x000001cd1df4f000 Exception <a 'java/lang/NoSuchMethodError'{0x000000008d1ebcb8}: <clinit>> (0x000000008d1ebcb8) thrown at [./src/hotspot/share/prims/jni.cpp, line 1365]
Event: 21.070 Thread 0x000001cd1d6ce000 Implicit null exception at 0x000001cd0cd578f7 to 0x000001cd0cd57f5c
Event: 27.717 Thread 0x000001cd1ea2a000 Exception <a 'sun/nio/fs/WindowsException'{0x000000008c917ed0}> (0x000000008c917ed0) thrown at [./src/hotspot/share/prims/jni.cpp, line 615]
Event: 27.722 Thread 0x000001cd1ea2a000 Exception <a 'sun/nio/fs/WindowsException'{0x000000008c99e798}> (0x000000008c99e798) thrown at [./src/hotspot/share/prims/jni.cpp, line 615]
Event: 27.723 Thread 0x000001cd1ea2a000 Exception <a 'sun/nio/fs/WindowsException'{0x000000008c99e920}> (0x000000008c99e920) thrown at [./src/hotspot/share/prims/jni.cpp, line 615]
Event: 27.733 Thread 0x000001cd1d047800 Exception <a 'java/lang/ClassNotFoundException'{0x000000008c9fc0e0}: sync_studio_tooling1333_2lf05m6mzczawgeko63tpg71qBeanInfo> (0x000000008c9fc0e0) thrown at [./src/hotspot/share/classfile/systemDictionary.cpp, line 231]
Event: 27.733 Thread 0x000001cd1d047800 Exception <a 'java/lang/ClassNotFoundException'{0x000000008c809d48}: sync_studio_tooling1333_2lf05m6mzczawgeko63tpg71qCustomizer> (0x000000008c809d48) thrown at [./src/hotspot/share/classfile/systemDictionary.cpp, line 231]
Event: 27.796 Thread 0x000001cd1ea25000 Exception <a 'sun/nio/fs/WindowsException'{0x000000008c89c8a8}> (0x000000008c89c8a8) thrown at [./src/hotspot/share/prims/jni.cpp, line 615]
Event: 27.811 Thread 0x000001cd1ea25000 Exception <a 'sun/nio/fs/WindowsException'{0x000000008c8f2780}> (0x000000008c8f2780) thrown at [./src/hotspot/share/prims/jni.cpp, line 615]
Event: 27.812 Thread 0x000001cd1ea25000 Exception <a 'sun/nio/fs/WindowsException'{0x000000008c8f28f8}> (0x000000008c8f28f8) thrown at [./src/hotspot/share/prims/jni.cpp, line 615]
Event: 27.819 Thread 0x000001cd1d047800 Exception <a 'java/lang/ClassNotFoundException'{0x000000008c75ad50}: sync_studio_tooling1333_2lf05m6mzczawgeko63tpg71qBeanInfo> (0x000000008c75ad50) thrown at [./src/hotspot/share/classfile/systemDictionary.cpp, line 231]
Event: 27.820 Thread 0x000001cd1d047800 Exception <a 'java/lang/ClassNotFoundException'{0x000000008c7684b8}: sync_studio_tooling1333_2lf05m6mzczawgeko63tpg71qCustomizer> (0x000000008c7684b8) thrown at [./src/hotspot/share/classfile/systemDictionary.cpp, line 231]

Events (20 events):
Event: 27.733 loading class sync_studio_tooling1333_2lf05m6mzczawgeko63tpg71qCustomizer
Event: 27.733 loading class sync_studio_tooling1333_2lf05m6mzczawgeko63tpg71qCustomizer done
Event: 27.736 loading class groovy/runtime/metaclass/sync_studio_tooling1333_2lf05m6mzczawgeko63tpg71q$_run_closure1MetaClass
Event: 27.736 loading class groovy/runtime/metaclass/sync_studio_tooling1333_2lf05m6mzczawgeko63tpg71q$_run_closure1MetaClass done
Event: 27.737 loading class groovy/runtime/metaclass/sync_studio_tooling1333_2lf05m6mzczawgeko63tpg71q$_run_closure1$_closure2MetaClass
Event: 27.737 loading class groovy/runtime/metaclass/sync_studio_tooling1333_2lf05m6mzczawgeko63tpg71q$_run_closure1$_closure2MetaClass done
Event: 27.741 Executing VM operation: ICBufferFull
Event: 27.741 Executing VM operation: ICBufferFull done
Event: 27.817 loading class groovy/runtime/metaclass/sync_studio_tooling1333_2lf05m6mzczawgeko63tpg71qMetaClass
Event: 27.817 loading class groovy/runtime/metaclass/sync_studio_tooling1333_2lf05m6mzczawgeko63tpg71qMetaClass done
Event: 27.819 loading class sync_studio_tooling1333_2lf05m6mzczawgeko63tpg71qBeanInfo
Event: 27.819 loading class sync_studio_tooling1333_2lf05m6mzczawgeko63tpg71qBeanInfo done
Event: 27.819 loading class sync_studio_tooling1333_2lf05m6mzczawgeko63tpg71qBeanInfo
Event: 27.819 loading class sync_studio_tooling1333_2lf05m6mzczawgeko63tpg71qBeanInfo done
Event: 27.820 loading class sync_studio_tooling1333_2lf05m6mzczawgeko63tpg71qCustomizer
Event: 27.820 loading class sync_studio_tooling1333_2lf05m6mzczawgeko63tpg71qCustomizer done
Event: 27.820 loading class sync_studio_tooling1333_2lf05m6mzczawgeko63tpg71qCustomizer
Event: 27.820 loading class sync_studio_tooling1333_2lf05m6mzczawgeko63tpg71qCustomizer done
Event: 27.822 loading class groovy/runtime/metaclass/sync_studio_tooling1333_2lf05m6mzczawgeko63tpg71q$_run_closure1MetaClass
Event: 27.822 loading class groovy/runtime/metaclass/sync_studio_tooling1333_2lf05m6mzczawgeko63tpg71q$_run_closure1MetaClass done


Dynamic libraries:
0x00007ff729d50000 - 0x00007ff729d5a000 	C:\Program Files\Android\Android Studio\jre\bin\java.exe
0x00007ffb7e480000 - 0x00007ffb7e689000 	C:\Windows\SYSTEM32\ntdll.dll
0x00007ffb7d530000 - 0x00007ffb7d5ed000 	C:\Windows\System32\KERNEL32.DLL
0x00007ffb7ba10000 - 0x00007ffb7bd8c000 	C:\Windows\System32\KERNELBASE.dll
0x00007ffb7c130000 - 0x00007ffb7c241000 	C:\Windows\System32\ucrtbase.dll
0x00007ffb67120000 - 0x00007ffb67139000 	C:\Program Files\Android\Android Studio\jre\bin\jli.dll
0x00007ffb78be0000 - 0x00007ffb78bf7000 	C:\Program Files\Android\Android Studio\jre\bin\VCRUNTIME140.dll
0x00007ffb7daa0000 - 0x00007ffb7dc4d000 	C:\Windows\System32\USER32.dll
0x00007ffb690d0000 - 0x00007ffb69375000 	C:\Windows\WinSxS\amd64_microsoft.windows.common-controls_6595b64144ccf1df_6.0.22000.120_none_9d947278b86cc467\COMCTL32.dll
0x00007ffb7b960000 - 0x00007ffb7b986000 	C:\Windows\System32\win32u.dll
0x00007ffb7e410000 - 0x00007ffb7e439000 	C:\Windows\System32\GDI32.dll
0x00007ffb7dd40000 - 0x00007ffb7dde3000 	C:\Windows\System32\msvcrt.dll
0x00007ffb7c010000 - 0x00007ffb7c129000 	C:\Windows\System32\gdi32full.dll
0x00007ffb7bf00000 - 0x00007ffb7bf9d000 	C:\Windows\System32\msvcp_win.dll
0x00007ffb7d400000 - 0x00007ffb7d431000 	C:\Windows\System32\IMM32.DLL
0x00007ffb67080000 - 0x00007ffb6711d000 	C:\Program Files\Android\Android Studio\jre\bin\msvcp140.dll
0x00007ffb32570000 - 0x00007ffb33055000 	C:\Program Files\Android\Android Studio\jre\bin\server\jvm.dll
0x00007ffb7d5f0000 - 0x00007ffb7d69e000 	C:\Windows\System32\ADVAPI32.dll
0x00007ffb7d9a0000 - 0x00007ffb7da3e000 	C:\Windows\System32\sechost.dll
0x00007ffb7cf40000 - 0x00007ffb7d060000 	C:\Windows\System32\RPCRT4.dll
0x00007ffb7e3f0000 - 0x00007ffb7e3f8000 	C:\Windows\System32\PSAPI.DLL
0x00007ffb71ce0000 - 0x00007ffb71d13000 	C:\Windows\SYSTEM32\WINMM.dll
0x00007ffb71920000 - 0x00007ffb71929000 	C:\Windows\SYSTEM32\WSOCK32.dll
0x00007ffb70a90000 - 0x00007ffb70a9a000 	C:\Windows\SYSTEM32\VERSION.dll
0x00007ffb7cca0000 - 0x00007ffb7cd0f000 	C:\Windows\System32\WS2_32.dll
0x00007ffb7aa10000 - 0x00007ffb7aa28000 	C:\Windows\SYSTEM32\kernel.appcore.dll
0x00007ffb696e0000 - 0x00007ffb696f1000 	C:\Program Files\Android\Android Studio\jre\bin\verify.dll
0x00007ffb75970000 - 0x00007ffb75b91000 	C:\Windows\SYSTEM32\DBGHELP.DLL
0x00007ffb6f5c0000 - 0x00007ffb6f5f1000 	C:\Windows\SYSTEM32\dbgcore.DLL
0x00007ffb7b990000 - 0x00007ffb7ba0f000 	C:\Windows\System32\bcryptPrimitives.dll
0x00007ffb696b0000 - 0x00007ffb696d9000 	C:\Program Files\Android\Android Studio\jre\bin\java.dll
0x00007ffb6baa0000 - 0x00007ffb6baab000 	C:\Program Files\Android\Android Studio\jre\bin\jimage.dll
0x00007ffb65350000 - 0x00007ffb65368000 	C:\Program Files\Android\Android Studio\jre\bin\zip.dll
0x00007ffb7c310000 - 0x00007ffb7cac8000 	C:\Windows\System32\SHELL32.dll
0x00007ffb79a80000 - 0x00007ffb7a2e8000 	C:\Windows\SYSTEM32\windows.storage.dll
0x00007ffb7d080000 - 0x00007ffb7d3f9000 	C:\Windows\System32\combase.dll
0x00007ffb79910000 - 0x00007ffb79a76000 	C:\Windows\SYSTEM32\wintypes.dll
0x00007ffb7dc50000 - 0x00007ffb7dd3a000 	C:\Windows\System32\SHCORE.dll
0x00007ffb7d860000 - 0x00007ffb7d8bd000 	C:\Windows\System32\shlwapi.dll
0x00007ffb7b890000 - 0x00007ffb7b8b1000 	C:\Windows\SYSTEM32\profapi.dll
0x00007ffb64b80000 - 0x00007ffb64b9a000 	C:\Program Files\Android\Android Studio\jre\bin\net.dll
0x00007ffb76c60000 - 0x00007ffb76d6c000 	C:\Windows\SYSTEM32\WINHTTP.dll
0x00007ffb7ae30000 - 0x00007ffb7ae97000 	C:\Windows\system32\mswsock.dll
0x00007ffb63940000 - 0x00007ffb63954000 	C:\Program Files\Android\Android Studio\jre\bin\nio.dll
0x00007ffb67140000 - 0x00007ffb67167000 	C:\Users\Prathamesh\.gradle\native\e1d6ef7f7dcc3fd88c89a11ec53ec762bb8ba0a96d01ffa2cd45eb1d1d8dd5c5\windows-amd64\native-platform.dll
0x00007ffb6be20000 - 0x00007ffb6bf64000 	C:\Users\Prathamesh\.gradle\native\5664cfc778a61ccfe75a443a1ab52a65af34e5dc3c78e0209fed803814484fcb\windows-amd64\native-platform-file-events.dll
0x00007ffb697b0000 - 0x00007ffb697ba000 	C:\Program Files\Android\Android Studio\jre\bin\management.dll
0x00007ffb64b70000 - 0x00007ffb64b7d000 	C:\Program Files\Android\Android Studio\jre\bin\management_ext.dll
0x00007ffb7b110000 - 0x00007ffb7b128000 	C:\Windows\SYSTEM32\CRYPTSP.dll
0x00007ffb7a970000 - 0x00007ffb7a9a5000 	C:\Windows\system32\rsaenh.dll
0x00007ffb7aed0000 - 0x00007ffb7aef9000 	C:\Windows\SYSTEM32\USERENV.dll
0x00007ffb7b250000 - 0x00007ffb7b277000 	C:\Windows\SYSTEM32\bcrypt.dll
0x00007ffb7b020000 - 0x00007ffb7b02c000 	C:\Windows\SYSTEM32\CRYPTBASE.dll
0x00007ffb7a540000 - 0x00007ffb7a56d000 	C:\Windows\SYSTEM32\IPHLPAPI.DLL
0x00007ffb7de10000 - 0x00007ffb7de19000 	C:\Windows\System32\NSI.dll
0x00007ffb76ae0000 - 0x00007ffb76af9000 	C:\Windows\SYSTEM32\dhcpcsvc6.DLL
0x00007ffb76fb0000 - 0x00007ffb76fce000 	C:\Windows\SYSTEM32\dhcpcsvc.DLL
0x00007ffb7a570000 - 0x00007ffb7a658000 	C:\Windows\SYSTEM32\DNSAPI.dll
0x00007ffb320b0000 - 0x00007ffb320d7000 	C:\Program Files\Android\Android Studio\jre\bin\sunec.dll
0x00007ffb73980000 - 0x00007ffb7398a000 	C:\Windows\System32\rasadhlp.dll
0x00007ffb74dc0000 - 0x00007ffb74e41000 	C:\Windows\System32\fwpuclnt.dll

dbghelp: loaded successfully - version: 4.0.5 - missing functions: none
symbol engine: initialized successfully - sym options: 0x614 - pdb path: .;C:\Program Files\Android\Android Studio\jre\bin;C:\Windows\SYSTEM32;C:\Windows\WinSxS\amd64_microsoft.windows.common-controls_6595b64144ccf1df_6.0.22000.120_none_9d947278b86cc467;C:\Program Files\Android\Android Studio\jre\bin\server;C:\Users\Prathamesh\.gradle\native\e1d6ef7f7dcc3fd88c89a11ec53ec762bb8ba0a96d01ffa2cd45eb1d1d8dd5c5\windows-amd64;C:\Users\Prathamesh\.gradle\native\5664cfc778a61ccfe75a443a1ab52a65af34e5dc3c78e0209fed803814484fcb\windows-amd64

VM Arguments:
jvm_args: --add-opens=java.base/java.util=ALL-UNNAMED --add-opens=java.base/java.lang=ALL-UNNAMED --add-opens=java.base/java.lang.invoke=ALL-UNNAMED --add-opens=java.base/java.util=ALL-UNNAMED --add-opens=java.prefs/java.util.prefs=ALL-UNNAMED --add-opens=java.prefs/java.util.prefs=ALL-UNNAMED --add-opens=java.base/java.nio.charset=ALL-UNNAMED --add-opens=java.base/java.net=ALL-UNNAMED --add-opens=java.base/java.util.concurrent.atomic=ALL-UNNAMED -Xmx2048m -Dfile.encoding=UTF-8 -Duser.country=IN -Duser.language=en -Duser.variant 
java_command: org.gradle.launcher.daemon.bootstrap.GradleDaemon 7.3.3
java_class_path (initial): C:\Users\Prathamesh\.gradle\wrapper\dists\gradle-7.3.3-bin\6a41zxkdtcxs8rphpq6y0069z\gradle-7.3.3\lib\gradle-launcher-7.3.3.jar
Launcher Type: SUN_STANDARD

[Global flags]
     intx CICompilerCount                          = 3                                         {product} {ergonomic}
     uint ConcGCThreads                            = 2                                         {product} {ergonomic}
     uint G1ConcRefinementThreads                  = 6                                         {product} {ergonomic}
   size_t G1HeapRegionSize                         = 1048576                                   {product} {ergonomic}
    uintx GCDrainStackTargetSize                   = 64                                        {product} {ergonomic}
   size_t InitialHeapSize                          = 134217728                                 {product} {ergonomic}
   size_t MarkStackSize                            = 4194304                                   {product} {ergonomic}
   size_t MaxHeapSize                              = 2147483648                                {product} {command line}
   size_t MaxNewSize                               = 1287651328                                {product} {ergonomic}
   size_t MinHeapDeltaBytes                        = 1048576                                   {product} {ergonomic}
    uintx NonNMethodCodeHeapSize                   = 5830732                                {pd product} {ergonomic}
    uintx NonProfiledCodeHeapSize                  = 122913754                              {pd product} {ergonomic}
    uintx ProfiledCodeHeapSize                     = 122913754                              {pd product} {ergonomic}
    uintx ReservedCodeCacheSize                    = 251658240                              {pd product} {ergonomic}
     bool SegmentedCodeCache                       = true                                      {product} {ergonomic}
     bool UseCompressedClassPointers               = true                                 {lp64_product} {ergonomic}
     bool UseCompressedOops                        = true                                 {lp64_product} {ergonomic}
     bool UseG1GC                                  = true                                      {product} {ergonomic}
     bool UseLargePagesIndividualAllocation        = false                                  {pd product} {ergonomic}

Logging:
Log output configuration:
 #0: stdout all=warning uptime,level,tags
 #1: stderr all=off uptime,level,tags

Environment Variables:
PATH=C:\Program Files (x86)\Common Files\Oracle\Java\javapath;C:\Windows\system32;C:\Windows;C:\Windows\System32\Wbem;C:\Windows\System32\WindowsPowerShell\v1.0\;C:\Windows\System32\OpenSSH\;C:\Program Files\Git\cmd;C:\Program Files\Microsoft VS Code\bin;C:\Users\Prathamesh\AppData\Local\Microsoft\WindowsApps;
USERNAME=Prathamesh
OS=Windows_NT
PROCESSOR_IDENTIFIER=AMD64 Family 23 Model 113 Stepping 0, AuthenticAMD



---------------  S Y S T E M  ---------------

OS: Windows 10 , 64 bit Build 22000 (10.0.22000.708)
OS uptime: 0 days 0:22 hours
Hyper-V role detected

CPU:total 6 (initial active 6) (6 cores per cpu, 1 threads per core) family 23 model 113 stepping 0 microcode 0x0, cmov, cx8, fxsr, mmx, sse, sse2, sse3, ssse3, sse4.1, sse4.2, popcnt, avx, avx2, aes, clmul, mmxext, 3dnowpref, lzcnt, sse4a, tsc, tscinvbit, tscinv, bmi1, bmi2, adx, sha, fma

Memory: 4k page, system-wide physical 8117M (361M free)
TotalPageFile size 8117M (AvailPageFile size 3M)
current process WorkingSet (physical memory assigned to process): 503M, peak: 534M
current process commit charge ("private bytes"): 540M, peak: 569M

vm_info: OpenJDK 64-Bit Server VM (11.0.12+7-b1504.28-7817840) for windows-amd64 JRE (11.0.12+7-b1504.28-7817840), built on Oct 13 2021 22:12:33 by "builder" with MS VC++ 14.0 (VS2015)

END.
